The system is: Linux - 3.10.0-1160.36.2.el7.x86_64 - x86_64
Compiling the C compiler identification source file "CMakeCCompilerId.c" succeeded.
Compiler: /uufs/chpc.utah.edu/sys/installdir/gcc/8.1.0/bin/gcc 
Build flags: 
Id flags:  

The output was:
0


Compilation of the C compiler identification source "CMakeCCompilerId.c" produced "a.out"

The C compiler identification is GNU, found in "/uufs/chpc.utah.edu/common/home/stoll-group3/lucasulmer/QES-Winds/build/CMakeFiles/3.15.3/CompilerIdC/a.out"

Compiling the CXX compiler identification source file "CMakeCXXCompilerId.cpp" succeeded.
Compiler: /uufs/chpc.utah.edu/sys/installdir/gcc/8.1.0/bin/c++ 
Build flags: 
Id flags:  

The output was:
0


Compilation of the CXX compiler identification source "CMakeCXXCompilerId.cpp" produced "a.out"

The CXX compiler identification is GNU, found in "/uufs/chpc.utah.edu/common/home/stoll-group3/lucasulmer/QES-Winds/build/CMakeFiles/3.15.3/CompilerIdCXX/a.out"

Determining if the C compiler works passed with the following output:
Change Dir: /uufs/chpc.utah.edu/common/home/stoll-group3/lucasulmer/QES-Winds/build/CMakeFiles/CMakeTmp

Run Build Command(s):/bin/gmake cmTC_17075/fast && /bin/gmake -f CMakeFiles/cmTC_17075.dir/build.make CMakeFiles/cmTC_17075.dir/build
gmake[1]: Entering directory `/uufs/chpc.utah.edu/common/home/stoll-group3/lucasulmer/QES-Winds/build/CMakeFiles/CMakeTmp'
Building C object CMakeFiles/cmTC_17075.dir/testCCompiler.c.o
/uufs/chpc.utah.edu/sys/installdir/gcc/8.1.0/bin/gcc    -o CMakeFiles/cmTC_17075.dir/testCCompiler.c.o   -c /uufs/chpc.utah.edu/common/home/stoll-group3/lucasulmer/QES-Winds/build/CMakeFiles/CMakeTmp/testCCompiler.c
Linking C executable cmTC_17075
/uufs/chpc.utah.edu/sys/installdir/cmake/3.15.3/bin/cmake -E cmake_link_script CMakeFiles/cmTC_17075.dir/link.txt --verbose=1
/uufs/chpc.utah.edu/sys/installdir/gcc/8.1.0/bin/gcc      CMakeFiles/cmTC_17075.dir/testCCompiler.c.o  -o cmTC_17075 
gmake[1]: Leaving directory `/uufs/chpc.utah.edu/common/home/stoll-group3/lucasulmer/QES-Winds/build/CMakeFiles/CMakeTmp'



Detecting C compiler ABI info compiled with the following output:
Change Dir: /uufs/chpc.utah.edu/common/home/stoll-group3/lucasulmer/QES-Winds/build/CMakeFiles/CMakeTmp

Run Build Command(s):/bin/gmake cmTC_09826/fast && /bin/gmake -f CMakeFiles/cmTC_09826.dir/build.make CMakeFiles/cmTC_09826.dir/build
gmake[1]: Entering directory `/uufs/chpc.utah.edu/common/home/stoll-group3/lucasulmer/QES-Winds/build/CMakeFiles/CMakeTmp'
Building C object CMakeFiles/cmTC_09826.dir/CMakeCCompilerABI.c.o
/uufs/chpc.utah.edu/sys/installdir/gcc/8.1.0/bin/gcc   -v -o CMakeFiles/cmTC_09826.dir/CMakeCCompilerABI.c.o   -c /uufs/chpc.utah.edu/sys/installdir/cmake/3.15.3/share/cmake-3.15/Modules/CMakeCCompilerABI.c
Using built-in specs.
COLLECT_GCC=/uufs/chpc.utah.edu/sys/installdir/gcc/8.1.0/bin/gcc
Target: x86_64-pc-linux-gnu
Configured with: ../../../srcdir/gcc/8.1.0/configure --prefix=/uufs/chpc.utah.edu/sys/installdir/gcc/8.1.0 --with-gmp=/uufs/chpc.utah.edu/sys/installdir/gmp/6.1.0-g4.8.5-c7 --with-mpfr=/uufs/chpc.utah.edu/sys/installdir/mpfr/3.1.4-g4.8.5-c7 --with-mpc=/uufs/chpc.utah.edu/sys/installdir/mpc/1.0.3g-c7 --with-isl=/uufs/chpc.utah.edu/sys/installdir/isl/0.17g-c7 --enable-libada
Thread model: posix
gcc version 8.1.0 (GCC) 
COLLECT_GCC_OPTIONS='-v' '-o' 'CMakeFiles/cmTC_09826.dir/CMakeCCompilerABI.c.o' '-c' '-mtune=generic' '-march=x86-64'
 /uufs/chpc.utah.edu/sys/installdir/gcc/8.1.0/libexec/gcc/x86_64-pc-linux-gnu/8.1.0/cc1 -quiet -v /uufs/chpc.utah.edu/sys/installdir/cmake/3.15.3/share/cmake-3.15/Modules/CMakeCCompilerABI.c -quiet -dumpbase CMakeCCompilerABI.c -mtune=generic -march=x86-64 -auxbase-strip CMakeFiles/cmTC_09826.dir/CMakeCCompilerABI.c.o -version -o /scratch/local/u0941572/3582048/ccK4JIRk.s
GNU C17 (GCC) version 8.1.0 (x86_64-pc-linux-gnu)
	compiled by GNU C version 8.1.0, GMP version 6.1.0, MPFR version 3.1.4, MPC version 1.0.3, isl version isl-0.17-5-g57dc5ff-GMP

GGC heuristics: --param ggc-min-expand=100 --param ggc-min-heapsize=131072
ignoring nonexistent directory "/uufs/chpc.utah.edu/sys/installdir/gcc/8.1.0/lib/gcc/x86_64-pc-linux-gnu/8.1.0/../../../../x86_64-pc-linux-gnu/include"
#include "..." search starts here:
#include <...> search starts here:
 /uufs/chpc.utah.edu/sys/installdir/gcc/8.1.0/lib/gcc/x86_64-pc-linux-gnu/8.1.0/include
 /usr/local/include
 /uufs/chpc.utah.edu/sys/installdir/gcc/8.1.0/include
 /uufs/chpc.utah.edu/sys/installdir/gcc/8.1.0/lib/gcc/x86_64-pc-linux-gnu/8.1.0/include-fixed
 /usr/include
End of search list.
GNU C17 (GCC) version 8.1.0 (x86_64-pc-linux-gnu)
	compiled by GNU C version 8.1.0, GMP version 6.1.0, MPFR version 3.1.4, MPC version 1.0.3, isl version isl-0.17-5-g57dc5ff-GMP

GGC heuristics: --param ggc-min-expand=100 --param ggc-min-heapsize=131072
Compiler executable checksum: 35990021e06e74a9508e6bd761263b0c
COLLECT_GCC_OPTIONS='-v' '-o' 'CMakeFiles/cmTC_09826.dir/CMakeCCompilerABI.c.o' '-c' '-mtune=generic' '-march=x86-64'
 as -v --64 -o CMakeFiles/cmTC_09826.dir/CMakeCCompilerABI.c.o /scratch/local/u0941572/3582048/ccK4JIRk.s
GNU assembler version 2.27 (x86_64-redhat-linux) using BFD version version 2.27-44.base.el7
COMPILER_PATH=/uufs/chpc.utah.edu/sys/installdir/gcc/8.1.0/libexec/gcc/x86_64-pc-linux-gnu/8.1.0/:/uufs/chpc.utah.edu/sys/installdir/gcc/8.1.0/libexec/gcc/x86_64-pc-linux-gnu/8.1.0/:/uufs/chpc.utah.edu/sys/installdir/gcc/8.1.0/libexec/gcc/x86_64-pc-linux-gnu/:/uufs/chpc.utah.edu/sys/installdir/gcc/8.1.0/lib/gcc/x86_64-pc-linux-gnu/8.1.0/:/uufs/chpc.utah.edu/sys/installdir/gcc/8.1.0/lib/gcc/x86_64-pc-linux-gnu/
LIBRARY_PATH=/uufs/chpc.utah.edu/sys/installdir/gcc/8.1.0/lib/gcc/x86_64-pc-linux-gnu/8.1.0/:/uufs/chpc.utah.edu/sys/installdir/gcc/8.1.0/lib/gcc/x86_64-pc-linux-gnu/8.1.0/../../../../lib64/:/lib/../lib64/:/usr/lib/../lib64/:/uufs/chpc.utah.edu/sys/installdir/gcc/8.1.0/lib/gcc/x86_64-pc-linux-gnu/8.1.0/../../../:/lib/:/usr/lib/
COLLECT_GCC_OPTIONS='-v' '-o' 'CMakeFiles/cmTC_09826.dir/CMakeCCompilerABI.c.o' '-c' '-mtune=generic' '-march=x86-64'
Linking C executable cmTC_09826
/uufs/chpc.utah.edu/sys/installdir/cmake/3.15.3/bin/cmake -E cmake_link_script CMakeFiles/cmTC_09826.dir/link.txt --verbose=1
/uufs/chpc.utah.edu/sys/installdir/gcc/8.1.0/bin/gcc     -v CMakeFiles/cmTC_09826.dir/CMakeCCompilerABI.c.o  -o cmTC_09826 
Using built-in specs.
COLLECT_GCC=/uufs/chpc.utah.edu/sys/installdir/gcc/8.1.0/bin/gcc
COLLECT_LTO_WRAPPER=/uufs/chpc.utah.edu/sys/installdir/gcc/8.1.0/libexec/gcc/x86_64-pc-linux-gnu/8.1.0/lto-wrapper
Target: x86_64-pc-linux-gnu
Configured with: ../../../srcdir/gcc/8.1.0/configure --prefix=/uufs/chpc.utah.edu/sys/installdir/gcc/8.1.0 --with-gmp=/uufs/chpc.utah.edu/sys/installdir/gmp/6.1.0-g4.8.5-c7 --with-mpfr=/uufs/chpc.utah.edu/sys/installdir/mpfr/3.1.4-g4.8.5-c7 --with-mpc=/uufs/chpc.utah.edu/sys/installdir/mpc/1.0.3g-c7 --with-isl=/uufs/chpc.utah.edu/sys/installdir/isl/0.17g-c7 --enable-libada
Thread model: posix
gcc version 8.1.0 (GCC) 
COMPILER_PATH=/uufs/chpc.utah.edu/sys/installdir/gcc/8.1.0/libexec/gcc/x86_64-pc-linux-gnu/8.1.0/:/uufs/chpc.utah.edu/sys/installdir/gcc/8.1.0/libexec/gcc/x86_64-pc-linux-gnu/8.1.0/:/uufs/chpc.utah.edu/sys/installdir/gcc/8.1.0/libexec/gcc/x86_64-pc-linux-gnu/:/uufs/chpc.utah.edu/sys/installdir/gcc/8.1.0/lib/gcc/x86_64-pc-linux-gnu/8.1.0/:/uufs/chpc.utah.edu/sys/installdir/gcc/8.1.0/lib/gcc/x86_64-pc-linux-gnu/
LIBRARY_PATH=/uufs/chpc.utah.edu/sys/installdir/gcc/8.1.0/lib/gcc/x86_64-pc-linux-gnu/8.1.0/:/uufs/chpc.utah.edu/sys/installdir/gcc/8.1.0/lib/gcc/x86_64-pc-linux-gnu/8.1.0/../../../../lib64/:/lib/../lib64/:/usr/lib/../lib64/:/uufs/chpc.utah.edu/sys/installdir/gcc/8.1.0/lib/gcc/x86_64-pc-linux-gnu/8.1.0/../../../:/lib/:/usr/lib/
COLLECT_GCC_OPTIONS='-v' '-o' 'cmTC_09826' '-mtune=generic' '-march=x86-64'
 /uufs/chpc.utah.edu/sys/installdir/gcc/8.1.0/libexec/gcc/x86_64-pc-linux-gnu/8.1.0/collect2 -plugin /uufs/chpc.utah.edu/sys/installdir/gcc/8.1.0/libexec/gcc/x86_64-pc-linux-gnu/8.1.0/liblto_plugin.so -plugin-opt=/uufs/chpc.utah.edu/sys/installdir/gcc/8.1.0/libexec/gcc/x86_64-pc-linux-gnu/8.1.0/lto-wrapper -plugin-opt=-fresolution=/scratch/local/u0941572/3582048/ccZof9Ul.res -plugin-opt=-pass-through=-lgcc -plugin-opt=-pass-through=-lgcc_s -plugin-opt=-pass-through=-lc -plugin-opt=-pass-through=-lgcc -plugin-opt=-pass-through=-lgcc_s --eh-frame-hdr -m elf_x86_64 -dynamic-linker /lib64/ld-linux-x86-64.so.2 -o cmTC_09826 /lib/../lib64/crt1.o /lib/../lib64/crti.o /uufs/chpc.utah.edu/sys/installdir/gcc/8.1.0/lib/gcc/x86_64-pc-linux-gnu/8.1.0/crtbegin.o -L/uufs/chpc.utah.edu/sys/installdir/gcc/8.1.0/lib/gcc/x86_64-pc-linux-gnu/8.1.0 -L/uufs/chpc.utah.edu/sys/installdir/gcc/8.1.0/lib/gcc/x86_64-pc-linux-gnu/8.1.0/../../../../lib64 -L/lib/../lib64 -L/usr/lib/../lib64 -L/uufs/chpc.utah.edu/sys/installdir/gcc/8.1.0/lib/gcc/x86_64-pc-linux-gnu/8.1.0/../../.. CMakeFiles/cmTC_09826.dir/CMakeCCompilerABI.c.o -lgcc --as-needed -lgcc_s --no-as-needed -lc -lgcc --as-needed -lgcc_s --no-as-needed /uufs/chpc.utah.edu/sys/installdir/gcc/8.1.0/lib/gcc/x86_64-pc-linux-gnu/8.1.0/crtend.o /lib/../lib64/crtn.o
COLLECT_GCC_OPTIONS='-v' '-o' 'cmTC_09826' '-mtune=generic' '-march=x86-64'
gmake[1]: Leaving directory `/uufs/chpc.utah.edu/common/home/stoll-group3/lucasulmer/QES-Winds/build/CMakeFiles/CMakeTmp'



Parsed C implicit include dir info from above output: rv=done
  found start of include info
  found start of implicit include info
    add: [/uufs/chpc.utah.edu/sys/installdir/gcc/8.1.0/lib/gcc/x86_64-pc-linux-gnu/8.1.0/include]
    add: [/usr/local/include]
    add: [/uufs/chpc.utah.edu/sys/installdir/gcc/8.1.0/include]
    add: [/uufs/chpc.utah.edu/sys/installdir/gcc/8.1.0/lib/gcc/x86_64-pc-linux-gnu/8.1.0/include-fixed]
    add: [/usr/include]
  end of search list found
  collapse include dir [/uufs/chpc.utah.edu/sys/installdir/gcc/8.1.0/lib/gcc/x86_64-pc-linux-gnu/8.1.0/include] ==> [/uufs/chpc.utah.edu/sys/installdir/gcc/8.1.0/lib/gcc/x86_64-pc-linux-gnu/8.1.0/include]
  collapse include dir [/usr/local/include] ==> [/usr/local/include]
  collapse include dir [/uufs/chpc.utah.edu/sys/installdir/gcc/8.1.0/include] ==> [/uufs/chpc.utah.edu/sys/installdir/gcc/8.1.0/include]
  collapse include dir [/uufs/chpc.utah.edu/sys/installdir/gcc/8.1.0/lib/gcc/x86_64-pc-linux-gnu/8.1.0/include-fixed] ==> [/uufs/chpc.utah.edu/sys/installdir/gcc/8.1.0/lib/gcc/x86_64-pc-linux-gnu/8.1.0/include-fixed]
  collapse include dir [/usr/include] ==> [/usr/include]
  implicit include dirs: [/uufs/chpc.utah.edu/sys/installdir/gcc/8.1.0/lib/gcc/x86_64-pc-linux-gnu/8.1.0/include;/usr/local/include;/uufs/chpc.utah.edu/sys/installdir/gcc/8.1.0/include;/uufs/chpc.utah.edu/sys/installdir/gcc/8.1.0/lib/gcc/x86_64-pc-linux-gnu/8.1.0/include-fixed;/usr/include]


Parsed C implicit link information from above output:
  link line regex: [^( *|.*[/\])(ld|CMAKE_LINK_STARTFILE-NOTFOUND|([^/\]+-)?ld|collect2)[^/\]*( |$)]
  ignore line: [Change Dir: /uufs/chpc.utah.edu/common/home/stoll-group3/lucasulmer/QES-Winds/build/CMakeFiles/CMakeTmp]
  ignore line: []
  ignore line: [Run Build Command(s):/bin/gmake cmTC_09826/fast && /bin/gmake -f CMakeFiles/cmTC_09826.dir/build.make CMakeFiles/cmTC_09826.dir/build]
  ignore line: [gmake[1]: Entering directory `/uufs/chpc.utah.edu/common/home/stoll-group3/lucasulmer/QES-Winds/build/CMakeFiles/CMakeTmp']
  ignore line: [Building C object CMakeFiles/cmTC_09826.dir/CMakeCCompilerABI.c.o]
  ignore line: [/uufs/chpc.utah.edu/sys/installdir/gcc/8.1.0/bin/gcc   -v -o CMakeFiles/cmTC_09826.dir/CMakeCCompilerABI.c.o   -c /uufs/chpc.utah.edu/sys/installdir/cmake/3.15.3/share/cmake-3.15/Modules/CMakeCCompilerABI.c]
  ignore line: [Using built-in specs.]
  ignore line: [COLLECT_GCC=/uufs/chpc.utah.edu/sys/installdir/gcc/8.1.0/bin/gcc]
  ignore line: [Target: x86_64-pc-linux-gnu]
  ignore line: [Configured with: ../../../srcdir/gcc/8.1.0/configure --prefix=/uufs/chpc.utah.edu/sys/installdir/gcc/8.1.0 --with-gmp=/uufs/chpc.utah.edu/sys/installdir/gmp/6.1.0-g4.8.5-c7 --with-mpfr=/uufs/chpc.utah.edu/sys/installdir/mpfr/3.1.4-g4.8.5-c7 --with-mpc=/uufs/chpc.utah.edu/sys/installdir/mpc/1.0.3g-c7 --with-isl=/uufs/chpc.utah.edu/sys/installdir/isl/0.17g-c7 --enable-libada]
  ignore line: [Thread model: posix]
  ignore line: [gcc version 8.1.0 (GCC) ]
  ignore line: [COLLECT_GCC_OPTIONS='-v' '-o' 'CMakeFiles/cmTC_09826.dir/CMakeCCompilerABI.c.o' '-c' '-mtune=generic' '-march=x86-64']
  ignore line: [ /uufs/chpc.utah.edu/sys/installdir/gcc/8.1.0/libexec/gcc/x86_64-pc-linux-gnu/8.1.0/cc1 -quiet -v /uufs/chpc.utah.edu/sys/installdir/cmake/3.15.3/share/cmake-3.15/Modules/CMakeCCompilerABI.c -quiet -dumpbase CMakeCCompilerABI.c -mtune=generic -march=x86-64 -auxbase-strip CMakeFiles/cmTC_09826.dir/CMakeCCompilerABI.c.o -version -o /scratch/local/u0941572/3582048/ccK4JIRk.s]
  ignore line: [GNU C17 (GCC) version 8.1.0 (x86_64-pc-linux-gnu)]
  ignore line: [	compiled by GNU C version 8.1.0, GMP version 6.1.0, MPFR version 3.1.4, MPC version 1.0.3, isl version isl-0.17-5-g57dc5ff-GMP]
  ignore line: []
  ignore line: [GGC heuristics: --param ggc-min-expand=100 --param ggc-min-heapsize=131072]
  ignore line: [ignoring nonexistent directory "/uufs/chpc.utah.edu/sys/installdir/gcc/8.1.0/lib/gcc/x86_64-pc-linux-gnu/8.1.0/../../../../x86_64-pc-linux-gnu/include"]
  ignore line: [#include "..." search starts here:]
  ignore line: [#include <...> search starts here:]
  ignore line: [ /uufs/chpc.utah.edu/sys/installdir/gcc/8.1.0/lib/gcc/x86_64-pc-linux-gnu/8.1.0/include]
  ignore line: [ /usr/local/include]
  ignore line: [ /uufs/chpc.utah.edu/sys/installdir/gcc/8.1.0/include]
  ignore line: [ /uufs/chpc.utah.edu/sys/installdir/gcc/8.1.0/lib/gcc/x86_64-pc-linux-gnu/8.1.0/include-fixed]
  ignore line: [ /usr/include]
  ignore line: [End of search list.]
  ignore line: [GNU C17 (GCC) version 8.1.0 (x86_64-pc-linux-gnu)]
  ignore line: [	compiled by GNU C version 8.1.0, GMP version 6.1.0, MPFR version 3.1.4, MPC version 1.0.3, isl version isl-0.17-5-g57dc5ff-GMP]
  ignore line: []
  ignore line: [GGC heuristics: --param ggc-min-expand=100 --param ggc-min-heapsize=131072]
  ignore line: [Compiler executable checksum: 35990021e06e74a9508e6bd761263b0c]
  ignore line: [COLLECT_GCC_OPTIONS='-v' '-o' 'CMakeFiles/cmTC_09826.dir/CMakeCCompilerABI.c.o' '-c' '-mtune=generic' '-march=x86-64']
  ignore line: [ as -v --64 -o CMakeFiles/cmTC_09826.dir/CMakeCCompilerABI.c.o /scratch/local/u0941572/3582048/ccK4JIRk.s]
  ignore line: [GNU assembler version 2.27 (x86_64-redhat-linux) using BFD version version 2.27-44.base.el7]
  ignore line: [COMPILER_PATH=/uufs/chpc.utah.edu/sys/installdir/gcc/8.1.0/libexec/gcc/x86_64-pc-linux-gnu/8.1.0/:/uufs/chpc.utah.edu/sys/installdir/gcc/8.1.0/libexec/gcc/x86_64-pc-linux-gnu/8.1.0/:/uufs/chpc.utah.edu/sys/installdir/gcc/8.1.0/libexec/gcc/x86_64-pc-linux-gnu/:/uufs/chpc.utah.edu/sys/installdir/gcc/8.1.0/lib/gcc/x86_64-pc-linux-gnu/8.1.0/:/uufs/chpc.utah.edu/sys/installdir/gcc/8.1.0/lib/gcc/x86_64-pc-linux-gnu/]
  ignore line: [LIBRARY_PATH=/uufs/chpc.utah.edu/sys/installdir/gcc/8.1.0/lib/gcc/x86_64-pc-linux-gnu/8.1.0/:/uufs/chpc.utah.edu/sys/installdir/gcc/8.1.0/lib/gcc/x86_64-pc-linux-gnu/8.1.0/../../../../lib64/:/lib/../lib64/:/usr/lib/../lib64/:/uufs/chpc.utah.edu/sys/installdir/gcc/8.1.0/lib/gcc/x86_64-pc-linux-gnu/8.1.0/../../../:/lib/:/usr/lib/]
  ignore line: [COLLECT_GCC_OPTIONS='-v' '-o' 'CMakeFiles/cmTC_09826.dir/CMakeCCompilerABI.c.o' '-c' '-mtune=generic' '-march=x86-64']
  ignore line: [Linking C executable cmTC_09826]
  ignore line: [/uufs/chpc.utah.edu/sys/installdir/cmake/3.15.3/bin/cmake -E cmake_link_script CMakeFiles/cmTC_09826.dir/link.txt --verbose=1]
  ignore line: [/uufs/chpc.utah.edu/sys/installdir/gcc/8.1.0/bin/gcc     -v CMakeFiles/cmTC_09826.dir/CMakeCCompilerABI.c.o  -o cmTC_09826 ]
  ignore line: [Using built-in specs.]
  ignore line: [COLLECT_GCC=/uufs/chpc.utah.edu/sys/installdir/gcc/8.1.0/bin/gcc]
  ignore line: [COLLECT_LTO_WRAPPER=/uufs/chpc.utah.edu/sys/installdir/gcc/8.1.0/libexec/gcc/x86_64-pc-linux-gnu/8.1.0/lto-wrapper]
  ignore line: [Target: x86_64-pc-linux-gnu]
  ignore line: [Configured with: ../../../srcdir/gcc/8.1.0/configure --prefix=/uufs/chpc.utah.edu/sys/installdir/gcc/8.1.0 --with-gmp=/uufs/chpc.utah.edu/sys/installdir/gmp/6.1.0-g4.8.5-c7 --with-mpfr=/uufs/chpc.utah.edu/sys/installdir/mpfr/3.1.4-g4.8.5-c7 --with-mpc=/uufs/chpc.utah.edu/sys/installdir/mpc/1.0.3g-c7 --with-isl=/uufs/chpc.utah.edu/sys/installdir/isl/0.17g-c7 --enable-libada]
  ignore line: [Thread model: posix]
  ignore line: [gcc version 8.1.0 (GCC) ]
  ignore line: [COMPILER_PATH=/uufs/chpc.utah.edu/sys/installdir/gcc/8.1.0/libexec/gcc/x86_64-pc-linux-gnu/8.1.0/:/uufs/chpc.utah.edu/sys/installdir/gcc/8.1.0/libexec/gcc/x86_64-pc-linux-gnu/8.1.0/:/uufs/chpc.utah.edu/sys/installdir/gcc/8.1.0/libexec/gcc/x86_64-pc-linux-gnu/:/uufs/chpc.utah.edu/sys/installdir/gcc/8.1.0/lib/gcc/x86_64-pc-linux-gnu/8.1.0/:/uufs/chpc.utah.edu/sys/installdir/gcc/8.1.0/lib/gcc/x86_64-pc-linux-gnu/]
  ignore line: [LIBRARY_PATH=/uufs/chpc.utah.edu/sys/installdir/gcc/8.1.0/lib/gcc/x86_64-pc-linux-gnu/8.1.0/:/uufs/chpc.utah.edu/sys/installdir/gcc/8.1.0/lib/gcc/x86_64-pc-linux-gnu/8.1.0/../../../../lib64/:/lib/../lib64/:/usr/lib/../lib64/:/uufs/chpc.utah.edu/sys/installdir/gcc/8.1.0/lib/gcc/x86_64-pc-linux-gnu/8.1.0/../../../:/lib/:/usr/lib/]
  ignore line: [COLLECT_GCC_OPTIONS='-v' '-o' 'cmTC_09826' '-mtune=generic' '-march=x86-64']
  link line: [ /uufs/chpc.utah.edu/sys/installdir/gcc/8.1.0/libexec/gcc/x86_64-pc-linux-gnu/8.1.0/collect2 -plugin /uufs/chpc.utah.edu/sys/installdir/gcc/8.1.0/libexec/gcc/x86_64-pc-linux-gnu/8.1.0/liblto_plugin.so -plugin-opt=/uufs/chpc.utah.edu/sys/installdir/gcc/8.1.0/libexec/gcc/x86_64-pc-linux-gnu/8.1.0/lto-wrapper -plugin-opt=-fresolution=/scratch/local/u0941572/3582048/ccZof9Ul.res -plugin-opt=-pass-through=-lgcc -plugin-opt=-pass-through=-lgcc_s -plugin-opt=-pass-through=-lc -plugin-opt=-pass-through=-lgcc -plugin-opt=-pass-through=-lgcc_s --eh-frame-hdr -m elf_x86_64 -dynamic-linker /lib64/ld-linux-x86-64.so.2 -o cmTC_09826 /lib/../lib64/crt1.o /lib/../lib64/crti.o /uufs/chpc.utah.edu/sys/installdir/gcc/8.1.0/lib/gcc/x86_64-pc-linux-gnu/8.1.0/crtbegin.o -L/uufs/chpc.utah.edu/sys/installdir/gcc/8.1.0/lib/gcc/x86_64-pc-linux-gnu/8.1.0 -L/uufs/chpc.utah.edu/sys/installdir/gcc/8.1.0/lib/gcc/x86_64-pc-linux-gnu/8.1.0/../../../../lib64 -L/lib/../lib64 -L/usr/lib/../lib64 -L/uufs/chpc.utah.edu/sys/installdir/gcc/8.1.0/lib/gcc/x86_64-pc-linux-gnu/8.1.0/../../.. CMakeFiles/cmTC_09826.dir/CMakeCCompilerABI.c.o -lgcc --as-needed -lgcc_s --no-as-needed -lc -lgcc --as-needed -lgcc_s --no-as-needed /uufs/chpc.utah.edu/sys/installdir/gcc/8.1.0/lib/gcc/x86_64-pc-linux-gnu/8.1.0/crtend.o /lib/../lib64/crtn.o]
    arg [/uufs/chpc.utah.edu/sys/installdir/gcc/8.1.0/libexec/gcc/x86_64-pc-linux-gnu/8.1.0/collect2] ==> ignore
    arg [-plugin] ==> ignore
    arg [/uufs/chpc.utah.edu/sys/installdir/gcc/8.1.0/libexec/gcc/x86_64-pc-linux-gnu/8.1.0/liblto_plugin.so] ==> ignore
    arg [-plugin-opt=/uufs/chpc.utah.edu/sys/installdir/gcc/8.1.0/libexec/gcc/x86_64-pc-linux-gnu/8.1.0/lto-wrapper] ==> ignore
    arg [-plugin-opt=-fresolution=/scratch/local/u0941572/3582048/ccZof9Ul.res] ==> ignore
    arg [-plugin-opt=-pass-through=-lgcc] ==> ignore
    arg [-plugin-opt=-pass-through=-lgcc_s] ==> ignore
    arg [-plugin-opt=-pass-through=-lc] ==> ignore
    arg [-plugin-opt=-pass-through=-lgcc] ==> ignore
    arg [-plugin-opt=-pass-through=-lgcc_s] ==> ignore
    arg [--eh-frame-hdr] ==> ignore
    arg [-m] ==> ignore
    arg [elf_x86_64] ==> ignore
    arg [-dynamic-linker] ==> ignore
    arg [/lib64/ld-linux-x86-64.so.2] ==> ignore
    arg [-o] ==> ignore
    arg [cmTC_09826] ==> ignore
    arg [/lib/../lib64/crt1.o] ==> ignore
    arg [/lib/../lib64/crti.o] ==> ignore
    arg [/uufs/chpc.utah.edu/sys/installdir/gcc/8.1.0/lib/gcc/x86_64-pc-linux-gnu/8.1.0/crtbegin.o] ==> ignore
    arg [-L/uufs/chpc.utah.edu/sys/installdir/gcc/8.1.0/lib/gcc/x86_64-pc-linux-gnu/8.1.0] ==> dir [/uufs/chpc.utah.edu/sys/installdir/gcc/8.1.0/lib/gcc/x86_64-pc-linux-gnu/8.1.0]
    arg [-L/uufs/chpc.utah.edu/sys/installdir/gcc/8.1.0/lib/gcc/x86_64-pc-linux-gnu/8.1.0/../../../../lib64] ==> dir [/uufs/chpc.utah.edu/sys/installdir/gcc/8.1.0/lib/gcc/x86_64-pc-linux-gnu/8.1.0/../../../../lib64]
    arg [-L/lib/../lib64] ==> dir [/lib/../lib64]
    arg [-L/usr/lib/../lib64] ==> dir [/usr/lib/../lib64]
    arg [-L/uufs/chpc.utah.edu/sys/installdir/gcc/8.1.0/lib/gcc/x86_64-pc-linux-gnu/8.1.0/../../..] ==> dir [/uufs/chpc.utah.edu/sys/installdir/gcc/8.1.0/lib/gcc/x86_64-pc-linux-gnu/8.1.0/../../..]
    arg [CMakeFiles/cmTC_09826.dir/CMakeCCompilerABI.c.o] ==> ignore
    arg [-lgcc] ==> lib [gcc]
    arg [--as-needed] ==> ignore
    arg [-lgcc_s] ==> lib [gcc_s]
    arg [--no-as-needed] ==> ignore
    arg [-lc] ==> lib [c]
    arg [-lgcc] ==> lib [gcc]
    arg [--as-needed] ==> ignore
    arg [-lgcc_s] ==> lib [gcc_s]
    arg [--no-as-needed] ==> ignore
    arg [/uufs/chpc.utah.edu/sys/installdir/gcc/8.1.0/lib/gcc/x86_64-pc-linux-gnu/8.1.0/crtend.o] ==> ignore
    arg [/lib/../lib64/crtn.o] ==> ignore
  collapse library dir [/uufs/chpc.utah.edu/sys/installdir/gcc/8.1.0/lib/gcc/x86_64-pc-linux-gnu/8.1.0] ==> [/uufs/chpc.utah.edu/sys/installdir/gcc/8.1.0/lib/gcc/x86_64-pc-linux-gnu/8.1.0]
  collapse library dir [/uufs/chpc.utah.edu/sys/installdir/gcc/8.1.0/lib/gcc/x86_64-pc-linux-gnu/8.1.0/../../../../lib64] ==> [/uufs/chpc.utah.edu/sys/installdir/gcc/8.1.0/lib64]
  collapse library dir [/lib/../lib64] ==> [/lib64]
  collapse library dir [/usr/lib/../lib64] ==> [/usr/lib64]
  collapse library dir [/uufs/chpc.utah.edu/sys/installdir/gcc/8.1.0/lib/gcc/x86_64-pc-linux-gnu/8.1.0/../../..] ==> [/uufs/chpc.utah.edu/sys/installdir/gcc/8.1.0/lib]
  implicit libs: [gcc;gcc_s;c;gcc;gcc_s]
  implicit dirs: [/uufs/chpc.utah.edu/sys/installdir/gcc/8.1.0/lib/gcc/x86_64-pc-linux-gnu/8.1.0;/uufs/chpc.utah.edu/sys/installdir/gcc/8.1.0/lib64;/lib64;/usr/lib64;/uufs/chpc.utah.edu/sys/installdir/gcc/8.1.0/lib]
  implicit fwks: []


Determining if the CXX compiler works passed with the following output:
Change Dir: /uufs/chpc.utah.edu/common/home/stoll-group3/lucasulmer/QES-Winds/build/CMakeFiles/CMakeTmp

Run Build Command(s):/bin/gmake cmTC_c8cec/fast && /bin/gmake -f CMakeFiles/cmTC_c8cec.dir/build.make CMakeFiles/cmTC_c8cec.dir/build
gmake[1]: Entering directory `/uufs/chpc.utah.edu/common/home/stoll-group3/lucasulmer/QES-Winds/build/CMakeFiles/CMakeTmp'
Building CXX object CMakeFiles/cmTC_c8cec.dir/testCXXCompiler.cxx.o
/uufs/chpc.utah.edu/sys/installdir/gcc/8.1.0/bin/c++     -o CMakeFiles/cmTC_c8cec.dir/testCXXCompiler.cxx.o -c /uufs/chpc.utah.edu/common/home/stoll-group3/lucasulmer/QES-Winds/build/CMakeFiles/CMakeTmp/testCXXCompiler.cxx
Linking CXX executable cmTC_c8cec
/uufs/chpc.utah.edu/sys/installdir/cmake/3.15.3/bin/cmake -E cmake_link_script CMakeFiles/cmTC_c8cec.dir/link.txt --verbose=1
/uufs/chpc.utah.edu/sys/installdir/gcc/8.1.0/bin/c++       CMakeFiles/cmTC_c8cec.dir/testCXXCompiler.cxx.o  -o cmTC_c8cec 
gmake[1]: Leaving directory `/uufs/chpc.utah.edu/common/home/stoll-group3/lucasulmer/QES-Winds/build/CMakeFiles/CMakeTmp'



Detecting CXX compiler ABI info compiled with the following output:
Change Dir: /uufs/chpc.utah.edu/common/home/stoll-group3/lucasulmer/QES-Winds/build/CMakeFiles/CMakeTmp

Run Build Command(s):/bin/gmake cmTC_41baa/fast && /bin/gmake -f CMakeFiles/cmTC_41baa.dir/build.make CMakeFiles/cmTC_41baa.dir/build
gmake[1]: Entering directory `/uufs/chpc.utah.edu/common/home/stoll-group3/lucasulmer/QES-Winds/build/CMakeFiles/CMakeTmp'
Building CXX object CMakeFiles/cmTC_41baa.dir/CMakeCXXCompilerABI.cpp.o
/uufs/chpc.utah.edu/sys/installdir/gcc/8.1.0/bin/c++    -v -o CMakeFiles/cmTC_41baa.dir/CMakeCXXCompilerABI.cpp.o -c /uufs/chpc.utah.edu/sys/installdir/cmake/3.15.3/share/cmake-3.15/Modules/CMakeCXXCompilerABI.cpp
Using built-in specs.
COLLECT_GCC=/uufs/chpc.utah.edu/sys/installdir/gcc/8.1.0/bin/c++
Target: x86_64-pc-linux-gnu
Configured with: ../../../srcdir/gcc/8.1.0/configure --prefix=/uufs/chpc.utah.edu/sys/installdir/gcc/8.1.0 --with-gmp=/uufs/chpc.utah.edu/sys/installdir/gmp/6.1.0-g4.8.5-c7 --with-mpfr=/uufs/chpc.utah.edu/sys/installdir/mpfr/3.1.4-g4.8.5-c7 --with-mpc=/uufs/chpc.utah.edu/sys/installdir/mpc/1.0.3g-c7 --with-isl=/uufs/chpc.utah.edu/sys/installdir/isl/0.17g-c7 --enable-libada
Thread model: posix
gcc version 8.1.0 (GCC) 
COLLECT_GCC_OPTIONS='-v' '-o' 'CMakeFiles/cmTC_41baa.dir/CMakeCXXCompilerABI.cpp.o' '-c' '-shared-libgcc' '-mtune=generic' '-march=x86-64'
 /uufs/chpc.utah.edu/sys/installdir/gcc/8.1.0/libexec/gcc/x86_64-pc-linux-gnu/8.1.0/cc1plus -quiet -v -D_GNU_SOURCE /uufs/chpc.utah.edu/sys/installdir/cmake/3.15.3/share/cmake-3.15/Modules/CMakeCXXCompilerABI.cpp -quiet -dumpbase CMakeCXXCompilerABI.cpp -mtune=generic -march=x86-64 -auxbase-strip CMakeFiles/cmTC_41baa.dir/CMakeCXXCompilerABI.cpp.o -version -o /scratch/local/u0941572/3582048/cc5jUYiJ.s
GNU C++14 (GCC) version 8.1.0 (x86_64-pc-linux-gnu)
	compiled by GNU C version 8.1.0, GMP version 6.1.0, MPFR version 3.1.4, MPC version 1.0.3, isl version isl-0.17-5-g57dc5ff-GMP

GGC heuristics: --param ggc-min-expand=100 --param ggc-min-heapsize=131072
ignoring nonexistent directory "/uufs/chpc.utah.edu/sys/installdir/gcc/8.1.0/lib/gcc/x86_64-pc-linux-gnu/8.1.0/../../../../x86_64-pc-linux-gnu/include"
#include "..." search starts here:
#include <...> search starts here:
 /uufs/chpc.utah.edu/sys/installdir/gcc/8.1.0/lib/gcc/x86_64-pc-linux-gnu/8.1.0/../../../../include/c++/8.1.0
 /uufs/chpc.utah.edu/sys/installdir/gcc/8.1.0/lib/gcc/x86_64-pc-linux-gnu/8.1.0/../../../../include/c++/8.1.0/x86_64-pc-linux-gnu
 /uufs/chpc.utah.edu/sys/installdir/gcc/8.1.0/lib/gcc/x86_64-pc-linux-gnu/8.1.0/../../../../include/c++/8.1.0/backward
 /uufs/chpc.utah.edu/sys/installdir/gcc/8.1.0/lib/gcc/x86_64-pc-linux-gnu/8.1.0/include
 /usr/local/include
 /uufs/chpc.utah.edu/sys/installdir/gcc/8.1.0/include
 /uufs/chpc.utah.edu/sys/installdir/gcc/8.1.0/lib/gcc/x86_64-pc-linux-gnu/8.1.0/include-fixed
 /usr/include
End of search list.
GNU C++14 (GCC) version 8.1.0 (x86_64-pc-linux-gnu)
	compiled by GNU C version 8.1.0, GMP version 6.1.0, MPFR version 3.1.4, MPC version 1.0.3, isl version isl-0.17-5-g57dc5ff-GMP

GGC heuristics: --param ggc-min-expand=100 --param ggc-min-heapsize=131072
Compiler executable checksum: 2a7b1654b31a8625e5358805f405a7cb
COLLECT_GCC_OPTIONS='-v' '-o' 'CMakeFiles/cmTC_41baa.dir/CMakeCXXCompilerABI.cpp.o' '-c' '-shared-libgcc' '-mtune=generic' '-march=x86-64'
 as -v --64 -o CMakeFiles/cmTC_41baa.dir/CMakeCXXCompilerABI.cpp.o /scratch/local/u0941572/3582048/cc5jUYiJ.s
GNU assembler version 2.27 (x86_64-redhat-linux) using BFD version version 2.27-44.base.el7
COMPILER_PATH=/uufs/chpc.utah.edu/sys/installdir/gcc/8.1.0/libexec/gcc/x86_64-pc-linux-gnu/8.1.0/:/uufs/chpc.utah.edu/sys/installdir/gcc/8.1.0/libexec/gcc/x86_64-pc-linux-gnu/8.1.0/:/uufs/chpc.utah.edu/sys/installdir/gcc/8.1.0/libexec/gcc/x86_64-pc-linux-gnu/:/uufs/chpc.utah.edu/sys/installdir/gcc/8.1.0/lib/gcc/x86_64-pc-linux-gnu/8.1.0/:/uufs/chpc.utah.edu/sys/installdir/gcc/8.1.0/lib/gcc/x86_64-pc-linux-gnu/
LIBRARY_PATH=/uufs/chpc.utah.edu/sys/installdir/gcc/8.1.0/lib/gcc/x86_64-pc-linux-gnu/8.1.0/:/uufs/chpc.utah.edu/sys/installdir/gcc/8.1.0/lib/gcc/x86_64-pc-linux-gnu/8.1.0/../../../../lib64/:/lib/../lib64/:/usr/lib/../lib64/:/uufs/chpc.utah.edu/sys/installdir/gcc/8.1.0/lib/gcc/x86_64-pc-linux-gnu/8.1.0/../../../:/lib/:/usr/lib/
COLLECT_GCC_OPTIONS='-v' '-o' 'CMakeFiles/cmTC_41baa.dir/CMakeCXXCompilerABI.cpp.o' '-c' '-shared-libgcc' '-mtune=generic' '-march=x86-64'
Linking CXX executable cmTC_41baa
/uufs/chpc.utah.edu/sys/installdir/cmake/3.15.3/bin/cmake -E cmake_link_script CMakeFiles/cmTC_41baa.dir/link.txt --verbose=1
/uufs/chpc.utah.edu/sys/installdir/gcc/8.1.0/bin/c++      -v CMakeFiles/cmTC_41baa.dir/CMakeCXXCompilerABI.cpp.o  -o cmTC_41baa 
Using built-in specs.
COLLECT_GCC=/uufs/chpc.utah.edu/sys/installdir/gcc/8.1.0/bin/c++
COLLECT_LTO_WRAPPER=/uufs/chpc.utah.edu/sys/installdir/gcc/8.1.0/libexec/gcc/x86_64-pc-linux-gnu/8.1.0/lto-wrapper
Target: x86_64-pc-linux-gnu
Configured with: ../../../srcdir/gcc/8.1.0/configure --prefix=/uufs/chpc.utah.edu/sys/installdir/gcc/8.1.0 --with-gmp=/uufs/chpc.utah.edu/sys/installdir/gmp/6.1.0-g4.8.5-c7 --with-mpfr=/uufs/chpc.utah.edu/sys/installdir/mpfr/3.1.4-g4.8.5-c7 --with-mpc=/uufs/chpc.utah.edu/sys/installdir/mpc/1.0.3g-c7 --with-isl=/uufs/chpc.utah.edu/sys/installdir/isl/0.17g-c7 --enable-libada
Thread model: posix
gcc version 8.1.0 (GCC) 
COMPILER_PATH=/uufs/chpc.utah.edu/sys/installdir/gcc/8.1.0/libexec/gcc/x86_64-pc-linux-gnu/8.1.0/:/uufs/chpc.utah.edu/sys/installdir/gcc/8.1.0/libexec/gcc/x86_64-pc-linux-gnu/8.1.0/:/uufs/chpc.utah.edu/sys/installdir/gcc/8.1.0/libexec/gcc/x86_64-pc-linux-gnu/:/uufs/chpc.utah.edu/sys/installdir/gcc/8.1.0/lib/gcc/x86_64-pc-linux-gnu/8.1.0/:/uufs/chpc.utah.edu/sys/installdir/gcc/8.1.0/lib/gcc/x86_64-pc-linux-gnu/
LIBRARY_PATH=/uufs/chpc.utah.edu/sys/installdir/gcc/8.1.0/lib/gcc/x86_64-pc-linux-gnu/8.1.0/:/uufs/chpc.utah.edu/sys/installdir/gcc/8.1.0/lib/gcc/x86_64-pc-linux-gnu/8.1.0/../../../../lib64/:/lib/../lib64/:/usr/lib/../lib64/:/uufs/chpc.utah.edu/sys/installdir/gcc/8.1.0/lib/gcc/x86_64-pc-linux-gnu/8.1.0/../../../:/lib/:/usr/lib/
COLLECT_GCC_OPTIONS='-v' '-o' 'cmTC_41baa' '-shared-libgcc' '-mtune=generic' '-march=x86-64'
 /uufs/chpc.utah.edu/sys/installdir/gcc/8.1.0/libexec/gcc/x86_64-pc-linux-gnu/8.1.0/collect2 -plugin /uufs/chpc.utah.edu/sys/installdir/gcc/8.1.0/libexec/gcc/x86_64-pc-linux-gnu/8.1.0/liblto_plugin.so -plugin-opt=/uufs/chpc.utah.edu/sys/installdir/gcc/8.1.0/libexec/gcc/x86_64-pc-linux-gnu/8.1.0/lto-wrapper -plugin-opt=-fresolution=/scratch/local/u0941572/3582048/ccwZLs4O.res -plugin-opt=-pass-through=-lgcc_s -plugin-opt=-pass-through=-lgcc -plugin-opt=-pass-through=-lc -plugin-opt=-pass-through=-lgcc_s -plugin-opt=-pass-through=-lgcc --eh-frame-hdr -m elf_x86_64 -dynamic-linker /lib64/ld-linux-x86-64.so.2 -o cmTC_41baa /lib/../lib64/crt1.o /lib/../lib64/crti.o /uufs/chpc.utah.edu/sys/installdir/gcc/8.1.0/lib/gcc/x86_64-pc-linux-gnu/8.1.0/crtbegin.o -L/uufs/chpc.utah.edu/sys/installdir/gcc/8.1.0/lib/gcc/x86_64-pc-linux-gnu/8.1.0 -L/uufs/chpc.utah.edu/sys/installdir/gcc/8.1.0/lib/gcc/x86_64-pc-linux-gnu/8.1.0/../../../../lib64 -L/lib/../lib64 -L/usr/lib/../lib64 -L/uufs/chpc.utah.edu/sys/installdir/gcc/8.1.0/lib/gcc/x86_64-pc-linux-gnu/8.1.0/../../.. CMakeFiles/cmTC_41baa.dir/CMakeCXXCompilerABI.cpp.o -lstdc++ -lm -lgcc_s -lgcc -lc -lgcc_s -lgcc /uufs/chpc.utah.edu/sys/installdir/gcc/8.1.0/lib/gcc/x86_64-pc-linux-gnu/8.1.0/crtend.o /lib/../lib64/crtn.o
COLLECT_GCC_OPTIONS='-v' '-o' 'cmTC_41baa' '-shared-libgcc' '-mtune=generic' '-march=x86-64'
gmake[1]: Leaving directory `/uufs/chpc.utah.edu/common/home/stoll-group3/lucasulmer/QES-Winds/build/CMakeFiles/CMakeTmp'



Parsed CXX implicit include dir info from above output: rv=done
  found start of include info
  found start of implicit include info
    add: [/uufs/chpc.utah.edu/sys/installdir/gcc/8.1.0/lib/gcc/x86_64-pc-linux-gnu/8.1.0/../../../../include/c++/8.1.0]
    add: [/uufs/chpc.utah.edu/sys/installdir/gcc/8.1.0/lib/gcc/x86_64-pc-linux-gnu/8.1.0/../../../../include/c++/8.1.0/x86_64-pc-linux-gnu]
    add: [/uufs/chpc.utah.edu/sys/installdir/gcc/8.1.0/lib/gcc/x86_64-pc-linux-gnu/8.1.0/../../../../include/c++/8.1.0/backward]
    add: [/uufs/chpc.utah.edu/sys/installdir/gcc/8.1.0/lib/gcc/x86_64-pc-linux-gnu/8.1.0/include]
    add: [/usr/local/include]
    add: [/uufs/chpc.utah.edu/sys/installdir/gcc/8.1.0/include]
    add: [/uufs/chpc.utah.edu/sys/installdir/gcc/8.1.0/lib/gcc/x86_64-pc-linux-gnu/8.1.0/include-fixed]
    add: [/usr/include]
  end of search list found
  collapse include dir [/uufs/chpc.utah.edu/sys/installdir/gcc/8.1.0/lib/gcc/x86_64-pc-linux-gnu/8.1.0/../../../../include/c++/8.1.0] ==> [/uufs/chpc.utah.edu/sys/installdir/gcc/8.1.0/include/c++/8.1.0]
  collapse include dir [/uufs/chpc.utah.edu/sys/installdir/gcc/8.1.0/lib/gcc/x86_64-pc-linux-gnu/8.1.0/../../../../include/c++/8.1.0/x86_64-pc-linux-gnu] ==> [/uufs/chpc.utah.edu/sys/installdir/gcc/8.1.0/include/c++/8.1.0/x86_64-pc-linux-gnu]
  collapse include dir [/uufs/chpc.utah.edu/sys/installdir/gcc/8.1.0/lib/gcc/x86_64-pc-linux-gnu/8.1.0/../../../../include/c++/8.1.0/backward] ==> [/uufs/chpc.utah.edu/sys/installdir/gcc/8.1.0/include/c++/8.1.0/backward]
  collapse include dir [/uufs/chpc.utah.edu/sys/installdir/gcc/8.1.0/lib/gcc/x86_64-pc-linux-gnu/8.1.0/include] ==> [/uufs/chpc.utah.edu/sys/installdir/gcc/8.1.0/lib/gcc/x86_64-pc-linux-gnu/8.1.0/include]
  collapse include dir [/usr/local/include] ==> [/usr/local/include]
  collapse include dir [/uufs/chpc.utah.edu/sys/installdir/gcc/8.1.0/include] ==> [/uufs/chpc.utah.edu/sys/installdir/gcc/8.1.0/include]
  collapse include dir [/uufs/chpc.utah.edu/sys/installdir/gcc/8.1.0/lib/gcc/x86_64-pc-linux-gnu/8.1.0/include-fixed] ==> [/uufs/chpc.utah.edu/sys/installdir/gcc/8.1.0/lib/gcc/x86_64-pc-linux-gnu/8.1.0/include-fixed]
  collapse include dir [/usr/include] ==> [/usr/include]
  implicit include dirs: [/uufs/chpc.utah.edu/sys/installdir/gcc/8.1.0/include/c++/8.1.0;/uufs/chpc.utah.edu/sys/installdir/gcc/8.1.0/include/c++/8.1.0/x86_64-pc-linux-gnu;/uufs/chpc.utah.edu/sys/installdir/gcc/8.1.0/include/c++/8.1.0/backward;/uufs/chpc.utah.edu/sys/installdir/gcc/8.1.0/lib/gcc/x86_64-pc-linux-gnu/8.1.0/include;/usr/local/include;/uufs/chpc.utah.edu/sys/installdir/gcc/8.1.0/include;/uufs/chpc.utah.edu/sys/installdir/gcc/8.1.0/lib/gcc/x86_64-pc-linux-gnu/8.1.0/include-fixed;/usr/include]


Parsed CXX implicit link information from above output:
  link line regex: [^( *|.*[/\])(ld|CMAKE_LINK_STARTFILE-NOTFOUND|([^/\]+-)?ld|collect2)[^/\]*( |$)]
  ignore line: [Change Dir: /uufs/chpc.utah.edu/common/home/stoll-group3/lucasulmer/QES-Winds/build/CMakeFiles/CMakeTmp]
  ignore line: []
  ignore line: [Run Build Command(s):/bin/gmake cmTC_41baa/fast && /bin/gmake -f CMakeFiles/cmTC_41baa.dir/build.make CMakeFiles/cmTC_41baa.dir/build]
  ignore line: [gmake[1]: Entering directory `/uufs/chpc.utah.edu/common/home/stoll-group3/lucasulmer/QES-Winds/build/CMakeFiles/CMakeTmp']
  ignore line: [Building CXX object CMakeFiles/cmTC_41baa.dir/CMakeCXXCompilerABI.cpp.o]
  ignore line: [/uufs/chpc.utah.edu/sys/installdir/gcc/8.1.0/bin/c++    -v -o CMakeFiles/cmTC_41baa.dir/CMakeCXXCompilerABI.cpp.o -c /uufs/chpc.utah.edu/sys/installdir/cmake/3.15.3/share/cmake-3.15/Modules/CMakeCXXCompilerABI.cpp]
  ignore line: [Using built-in specs.]
  ignore line: [COLLECT_GCC=/uufs/chpc.utah.edu/sys/installdir/gcc/8.1.0/bin/c++]
  ignore line: [Target: x86_64-pc-linux-gnu]
  ignore line: [Configured with: ../../../srcdir/gcc/8.1.0/configure --prefix=/uufs/chpc.utah.edu/sys/installdir/gcc/8.1.0 --with-gmp=/uufs/chpc.utah.edu/sys/installdir/gmp/6.1.0-g4.8.5-c7 --with-mpfr=/uufs/chpc.utah.edu/sys/installdir/mpfr/3.1.4-g4.8.5-c7 --with-mpc=/uufs/chpc.utah.edu/sys/installdir/mpc/1.0.3g-c7 --with-isl=/uufs/chpc.utah.edu/sys/installdir/isl/0.17g-c7 --enable-libada]
  ignore line: [Thread model: posix]
  ignore line: [gcc version 8.1.0 (GCC) ]
  ignore line: [COLLECT_GCC_OPTIONS='-v' '-o' 'CMakeFiles/cmTC_41baa.dir/CMakeCXXCompilerABI.cpp.o' '-c' '-shared-libgcc' '-mtune=generic' '-march=x86-64']
  ignore line: [ /uufs/chpc.utah.edu/sys/installdir/gcc/8.1.0/libexec/gcc/x86_64-pc-linux-gnu/8.1.0/cc1plus -quiet -v -D_GNU_SOURCE /uufs/chpc.utah.edu/sys/installdir/cmake/3.15.3/share/cmake-3.15/Modules/CMakeCXXCompilerABI.cpp -quiet -dumpbase CMakeCXXCompilerABI.cpp -mtune=generic -march=x86-64 -auxbase-strip CMakeFiles/cmTC_41baa.dir/CMakeCXXCompilerABI.cpp.o -version -o /scratch/local/u0941572/3582048/cc5jUYiJ.s]
  ignore line: [GNU C++14 (GCC) version 8.1.0 (x86_64-pc-linux-gnu)]
  ignore line: [	compiled by GNU C version 8.1.0, GMP version 6.1.0, MPFR version 3.1.4, MPC version 1.0.3, isl version isl-0.17-5-g57dc5ff-GMP]
  ignore line: []
  ignore line: [GGC heuristics: --param ggc-min-expand=100 --param ggc-min-heapsize=131072]
  ignore line: [ignoring nonexistent directory "/uufs/chpc.utah.edu/sys/installdir/gcc/8.1.0/lib/gcc/x86_64-pc-linux-gnu/8.1.0/../../../../x86_64-pc-linux-gnu/include"]
  ignore line: [#include "..." search starts here:]
  ignore line: [#include <...> search starts here:]
  ignore line: [ /uufs/chpc.utah.edu/sys/installdir/gcc/8.1.0/lib/gcc/x86_64-pc-linux-gnu/8.1.0/../../../../include/c++/8.1.0]
  ignore line: [ /uufs/chpc.utah.edu/sys/installdir/gcc/8.1.0/lib/gcc/x86_64-pc-linux-gnu/8.1.0/../../../../include/c++/8.1.0/x86_64-pc-linux-gnu]
  ignore line: [ /uufs/chpc.utah.edu/sys/installdir/gcc/8.1.0/lib/gcc/x86_64-pc-linux-gnu/8.1.0/../../../../include/c++/8.1.0/backward]
  ignore line: [ /uufs/chpc.utah.edu/sys/installdir/gcc/8.1.0/lib/gcc/x86_64-pc-linux-gnu/8.1.0/include]
  ignore line: [ /usr/local/include]
  ignore line: [ /uufs/chpc.utah.edu/sys/installdir/gcc/8.1.0/include]
  ignore line: [ /uufs/chpc.utah.edu/sys/installdir/gcc/8.1.0/lib/gcc/x86_64-pc-linux-gnu/8.1.0/include-fixed]
  ignore line: [ /usr/include]
  ignore line: [End of search list.]
  ignore line: [GNU C++14 (GCC) version 8.1.0 (x86_64-pc-linux-gnu)]
  ignore line: [	compiled by GNU C version 8.1.0, GMP version 6.1.0, MPFR version 3.1.4, MPC version 1.0.3, isl version isl-0.17-5-g57dc5ff-GMP]
  ignore line: []
  ignore line: [GGC heuristics: --param ggc-min-expand=100 --param ggc-min-heapsize=131072]
  ignore line: [Compiler executable checksum: 2a7b1654b31a8625e5358805f405a7cb]
  ignore line: [COLLECT_GCC_OPTIONS='-v' '-o' 'CMakeFiles/cmTC_41baa.dir/CMakeCXXCompilerABI.cpp.o' '-c' '-shared-libgcc' '-mtune=generic' '-march=x86-64']
  ignore line: [ as -v --64 -o CMakeFiles/cmTC_41baa.dir/CMakeCXXCompilerABI.cpp.o /scratch/local/u0941572/3582048/cc5jUYiJ.s]
  ignore line: [GNU assembler version 2.27 (x86_64-redhat-linux) using BFD version version 2.27-44.base.el7]
  ignore line: [COMPILER_PATH=/uufs/chpc.utah.edu/sys/installdir/gcc/8.1.0/libexec/gcc/x86_64-pc-linux-gnu/8.1.0/:/uufs/chpc.utah.edu/sys/installdir/gcc/8.1.0/libexec/gcc/x86_64-pc-linux-gnu/8.1.0/:/uufs/chpc.utah.edu/sys/installdir/gcc/8.1.0/libexec/gcc/x86_64-pc-linux-gnu/:/uufs/chpc.utah.edu/sys/installdir/gcc/8.1.0/lib/gcc/x86_64-pc-linux-gnu/8.1.0/:/uufs/chpc.utah.edu/sys/installdir/gcc/8.1.0/lib/gcc/x86_64-pc-linux-gnu/]
  ignore line: [LIBRARY_PATH=/uufs/chpc.utah.edu/sys/installdir/gcc/8.1.0/lib/gcc/x86_64-pc-linux-gnu/8.1.0/:/uufs/chpc.utah.edu/sys/installdir/gcc/8.1.0/lib/gcc/x86_64-pc-linux-gnu/8.1.0/../../../../lib64/:/lib/../lib64/:/usr/lib/../lib64/:/uufs/chpc.utah.edu/sys/installdir/gcc/8.1.0/lib/gcc/x86_64-pc-linux-gnu/8.1.0/../../../:/lib/:/usr/lib/]
  ignore line: [COLLECT_GCC_OPTIONS='-v' '-o' 'CMakeFiles/cmTC_41baa.dir/CMakeCXXCompilerABI.cpp.o' '-c' '-shared-libgcc' '-mtune=generic' '-march=x86-64']
  ignore line: [Linking CXX executable cmTC_41baa]
  ignore line: [/uufs/chpc.utah.edu/sys/installdir/cmake/3.15.3/bin/cmake -E cmake_link_script CMakeFiles/cmTC_41baa.dir/link.txt --verbose=1]
  ignore line: [/uufs/chpc.utah.edu/sys/installdir/gcc/8.1.0/bin/c++      -v CMakeFiles/cmTC_41baa.dir/CMakeCXXCompilerABI.cpp.o  -o cmTC_41baa ]
  ignore line: [Using built-in specs.]
  ignore line: [COLLECT_GCC=/uufs/chpc.utah.edu/sys/installdir/gcc/8.1.0/bin/c++]
  ignore line: [COLLECT_LTO_WRAPPER=/uufs/chpc.utah.edu/sys/installdir/gcc/8.1.0/libexec/gcc/x86_64-pc-linux-gnu/8.1.0/lto-wrapper]
  ignore line: [Target: x86_64-pc-linux-gnu]
  ignore line: [Configured with: ../../../srcdir/gcc/8.1.0/configure --prefix=/uufs/chpc.utah.edu/sys/installdir/gcc/8.1.0 --with-gmp=/uufs/chpc.utah.edu/sys/installdir/gmp/6.1.0-g4.8.5-c7 --with-mpfr=/uufs/chpc.utah.edu/sys/installdir/mpfr/3.1.4-g4.8.5-c7 --with-mpc=/uufs/chpc.utah.edu/sys/installdir/mpc/1.0.3g-c7 --with-isl=/uufs/chpc.utah.edu/sys/installdir/isl/0.17g-c7 --enable-libada]
  ignore line: [Thread model: posix]
  ignore line: [gcc version 8.1.0 (GCC) ]
  ignore line: [COMPILER_PATH=/uufs/chpc.utah.edu/sys/installdir/gcc/8.1.0/libexec/gcc/x86_64-pc-linux-gnu/8.1.0/:/uufs/chpc.utah.edu/sys/installdir/gcc/8.1.0/libexec/gcc/x86_64-pc-linux-gnu/8.1.0/:/uufs/chpc.utah.edu/sys/installdir/gcc/8.1.0/libexec/gcc/x86_64-pc-linux-gnu/:/uufs/chpc.utah.edu/sys/installdir/gcc/8.1.0/lib/gcc/x86_64-pc-linux-gnu/8.1.0/:/uufs/chpc.utah.edu/sys/installdir/gcc/8.1.0/lib/gcc/x86_64-pc-linux-gnu/]
  ignore line: [LIBRARY_PATH=/uufs/chpc.utah.edu/sys/installdir/gcc/8.1.0/lib/gcc/x86_64-pc-linux-gnu/8.1.0/:/uufs/chpc.utah.edu/sys/installdir/gcc/8.1.0/lib/gcc/x86_64-pc-linux-gnu/8.1.0/../../../../lib64/:/lib/../lib64/:/usr/lib/../lib64/:/uufs/chpc.utah.edu/sys/installdir/gcc/8.1.0/lib/gcc/x86_64-pc-linux-gnu/8.1.0/../../../:/lib/:/usr/lib/]
  ignore line: [COLLECT_GCC_OPTIONS='-v' '-o' 'cmTC_41baa' '-shared-libgcc' '-mtune=generic' '-march=x86-64']
  link line: [ /uufs/chpc.utah.edu/sys/installdir/gcc/8.1.0/libexec/gcc/x86_64-pc-linux-gnu/8.1.0/collect2 -plugin /uufs/chpc.utah.edu/sys/installdir/gcc/8.1.0/libexec/gcc/x86_64-pc-linux-gnu/8.1.0/liblto_plugin.so -plugin-opt=/uufs/chpc.utah.edu/sys/installdir/gcc/8.1.0/libexec/gcc/x86_64-pc-linux-gnu/8.1.0/lto-wrapper -plugin-opt=-fresolution=/scratch/local/u0941572/3582048/ccwZLs4O.res -plugin-opt=-pass-through=-lgcc_s -plugin-opt=-pass-through=-lgcc -plugin-opt=-pass-through=-lc -plugin-opt=-pass-through=-lgcc_s -plugin-opt=-pass-through=-lgcc --eh-frame-hdr -m elf_x86_64 -dynamic-linker /lib64/ld-linux-x86-64.so.2 -o cmTC_41baa /lib/../lib64/crt1.o /lib/../lib64/crti.o /uufs/chpc.utah.edu/sys/installdir/gcc/8.1.0/lib/gcc/x86_64-pc-linux-gnu/8.1.0/crtbegin.o -L/uufs/chpc.utah.edu/sys/installdir/gcc/8.1.0/lib/gcc/x86_64-pc-linux-gnu/8.1.0 -L/uufs/chpc.utah.edu/sys/installdir/gcc/8.1.0/lib/gcc/x86_64-pc-linux-gnu/8.1.0/../../../../lib64 -L/lib/../lib64 -L/usr/lib/../lib64 -L/uufs/chpc.utah.edu/sys/installdir/gcc/8.1.0/lib/gcc/x86_64-pc-linux-gnu/8.1.0/../../.. CMakeFiles/cmTC_41baa.dir/CMakeCXXCompilerABI.cpp.o -lstdc++ -lm -lgcc_s -lgcc -lc -lgcc_s -lgcc /uufs/chpc.utah.edu/sys/installdir/gcc/8.1.0/lib/gcc/x86_64-pc-linux-gnu/8.1.0/crtend.o /lib/../lib64/crtn.o]
    arg [/uufs/chpc.utah.edu/sys/installdir/gcc/8.1.0/libexec/gcc/x86_64-pc-linux-gnu/8.1.0/collect2] ==> ignore
    arg [-plugin] ==> ignore
    arg [/uufs/chpc.utah.edu/sys/installdir/gcc/8.1.0/libexec/gcc/x86_64-pc-linux-gnu/8.1.0/liblto_plugin.so] ==> ignore
    arg [-plugin-opt=/uufs/chpc.utah.edu/sys/installdir/gcc/8.1.0/libexec/gcc/x86_64-pc-linux-gnu/8.1.0/lto-wrapper] ==> ignore
    arg [-plugin-opt=-fresolution=/scratch/local/u0941572/3582048/ccwZLs4O.res] ==> ignore
    arg [-plugin-opt=-pass-through=-lgcc_s] ==> ignore
    arg [-plugin-opt=-pass-through=-lgcc] ==> ignore
    arg [-plugin-opt=-pass-through=-lc] ==> ignore
    arg [-plugin-opt=-pass-through=-lgcc_s] ==> ignore
    arg [-plugin-opt=-pass-through=-lgcc] ==> ignore
    arg [--eh-frame-hdr] ==> ignore
    arg [-m] ==> ignore
    arg [elf_x86_64] ==> ignore
    arg [-dynamic-linker] ==> ignore
    arg [/lib64/ld-linux-x86-64.so.2] ==> ignore
    arg [-o] ==> ignore
    arg [cmTC_41baa] ==> ignore
    arg [/lib/../lib64/crt1.o] ==> ignore
    arg [/lib/../lib64/crti.o] ==> ignore
    arg [/uufs/chpc.utah.edu/sys/installdir/gcc/8.1.0/lib/gcc/x86_64-pc-linux-gnu/8.1.0/crtbegin.o] ==> ignore
    arg [-L/uufs/chpc.utah.edu/sys/installdir/gcc/8.1.0/lib/gcc/x86_64-pc-linux-gnu/8.1.0] ==> dir [/uufs/chpc.utah.edu/sys/installdir/gcc/8.1.0/lib/gcc/x86_64-pc-linux-gnu/8.1.0]
    arg [-L/uufs/chpc.utah.edu/sys/installdir/gcc/8.1.0/lib/gcc/x86_64-pc-linux-gnu/8.1.0/../../../../lib64] ==> dir [/uufs/chpc.utah.edu/sys/installdir/gcc/8.1.0/lib/gcc/x86_64-pc-linux-gnu/8.1.0/../../../../lib64]
    arg [-L/lib/../lib64] ==> dir [/lib/../lib64]
    arg [-L/usr/lib/../lib64] ==> dir [/usr/lib/../lib64]
    arg [-L/uufs/chpc.utah.edu/sys/installdir/gcc/8.1.0/lib/gcc/x86_64-pc-linux-gnu/8.1.0/../../..] ==> dir [/uufs/chpc.utah.edu/sys/installdir/gcc/8.1.0/lib/gcc/x86_64-pc-linux-gnu/8.1.0/../../..]
    arg [CMakeFiles/cmTC_41baa.dir/CMakeCXXCompilerABI.cpp.o] ==> ignore
    arg [-lstdc++] ==> lib [stdc++]
    arg [-lm] ==> lib [m]
    arg [-lgcc_s] ==> lib [gcc_s]
    arg [-lgcc] ==> lib [gcc]
    arg [-lc] ==> lib [c]
    arg [-lgcc_s] ==> lib [gcc_s]
    arg [-lgcc] ==> lib [gcc]
    arg [/uufs/chpc.utah.edu/sys/installdir/gcc/8.1.0/lib/gcc/x86_64-pc-linux-gnu/8.1.0/crtend.o] ==> ignore
    arg [/lib/../lib64/crtn.o] ==> ignore
  collapse library dir [/uufs/chpc.utah.edu/sys/installdir/gcc/8.1.0/lib/gcc/x86_64-pc-linux-gnu/8.1.0] ==> [/uufs/chpc.utah.edu/sys/installdir/gcc/8.1.0/lib/gcc/x86_64-pc-linux-gnu/8.1.0]
  collapse library dir [/uufs/chpc.utah.edu/sys/installdir/gcc/8.1.0/lib/gcc/x86_64-pc-linux-gnu/8.1.0/../../../../lib64] ==> [/uufs/chpc.utah.edu/sys/installdir/gcc/8.1.0/lib64]
  collapse library dir [/lib/../lib64] ==> [/lib64]
  collapse library dir [/usr/lib/../lib64] ==> [/usr/lib64]
  collapse library dir [/uufs/chpc.utah.edu/sys/installdir/gcc/8.1.0/lib/gcc/x86_64-pc-linux-gnu/8.1.0/../../..] ==> [/uufs/chpc.utah.edu/sys/installdir/gcc/8.1.0/lib]
  implicit libs: [stdc++;m;gcc_s;gcc;c;gcc_s;gcc]
  implicit dirs: [/uufs/chpc.utah.edu/sys/installdir/gcc/8.1.0/lib/gcc/x86_64-pc-linux-gnu/8.1.0;/uufs/chpc.utah.edu/sys/installdir/gcc/8.1.0/lib64;/lib64;/usr/lib64;/uufs/chpc.utah.edu/sys/installdir/gcc/8.1.0/lib]
  implicit fwks: []


Performing C++ SOURCE FILE Test COMPILER_SUPPORTS_CXX11 succeeded with the following output:
Change Dir: /uufs/chpc.utah.edu/common/home/stoll-group3/lucasulmer/QES-Winds/build/CMakeFiles/CMakeTmp

Run Build Command(s):/bin/gmake cmTC_bcada/fast && /bin/gmake -f CMakeFiles/cmTC_bcada.dir/build.make CMakeFiles/cmTC_bcada.dir/build
gmake[1]: Entering directory `/uufs/chpc.utah.edu/common/home/stoll-group3/lucasulmer/QES-Winds/build/CMakeFiles/CMakeTmp'
Building CXX object CMakeFiles/cmTC_bcada.dir/src.cxx.o
/uufs/chpc.utah.edu/sys/installdir/gcc/8.1.0/bin/c++    -DCOMPILER_SUPPORTS_CXX11   -std=c++11 -o CMakeFiles/cmTC_bcada.dir/src.cxx.o -c /uufs/chpc.utah.edu/common/home/stoll-group3/lucasulmer/QES-Winds/build/CMakeFiles/CMakeTmp/src.cxx
Linking CXX executable cmTC_bcada
/uufs/chpc.utah.edu/sys/installdir/cmake/3.15.3/bin/cmake -E cmake_link_script CMakeFiles/cmTC_bcada.dir/link.txt --verbose=1
/uufs/chpc.utah.edu/sys/installdir/gcc/8.1.0/bin/c++   -DCOMPILER_SUPPORTS_CXX11    CMakeFiles/cmTC_bcada.dir/src.cxx.o  -o cmTC_bcada 
gmake[1]: Leaving directory `/uufs/chpc.utah.edu/common/home/stoll-group3/lucasulmer/QES-Winds/build/CMakeFiles/CMakeTmp'


Source file was:
int main() { return 0; }
Performing C++ SOURCE FILE Test COMPILER_SUPPORTS_CXX0X succeeded with the following output:
Change Dir: /uufs/chpc.utah.edu/common/home/stoll-group3/lucasulmer/QES-Winds/build/CMakeFiles/CMakeTmp

Run Build Command(s):/bin/gmake cmTC_6c3a6/fast && /bin/gmake -f CMakeFiles/cmTC_6c3a6.dir/build.make CMakeFiles/cmTC_6c3a6.dir/build
gmake[1]: Entering directory `/uufs/chpc.utah.edu/common/home/stoll-group3/lucasulmer/QES-Winds/build/CMakeFiles/CMakeTmp'
Building CXX object CMakeFiles/cmTC_6c3a6.dir/src.cxx.o
/uufs/chpc.utah.edu/sys/installdir/gcc/8.1.0/bin/c++    -DCOMPILER_SUPPORTS_CXX0X   -std=c++0x -o CMakeFiles/cmTC_6c3a6.dir/src.cxx.o -c /uufs/chpc.utah.edu/common/home/stoll-group3/lucasulmer/QES-Winds/build/CMakeFiles/CMakeTmp/src.cxx
Linking CXX executable cmTC_6c3a6
/uufs/chpc.utah.edu/sys/installdir/cmake/3.15.3/bin/cmake -E cmake_link_script CMakeFiles/cmTC_6c3a6.dir/link.txt --verbose=1
/uufs/chpc.utah.edu/sys/installdir/gcc/8.1.0/bin/c++   -DCOMPILER_SUPPORTS_CXX0X    CMakeFiles/cmTC_6c3a6.dir/src.cxx.o  -o cmTC_6c3a6 
gmake[1]: Leaving directory `/uufs/chpc.utah.edu/common/home/stoll-group3/lucasulmer/QES-Winds/build/CMakeFiles/CMakeTmp'


Source file was:
int main() { return 0; }
Determining if the include file pthread.h exists passed with the following output:
Change Dir: /uufs/chpc.utah.edu/common/home/stoll-group3/lucasulmer/QES-Winds/build/CMakeFiles/CMakeTmp

Run Build Command(s):/bin/gmake cmTC_984b9/fast && /bin/gmake -f CMakeFiles/cmTC_984b9.dir/build.make CMakeFiles/cmTC_984b9.dir/build
gmake[1]: Entering directory `/uufs/chpc.utah.edu/common/home/stoll-group3/lucasulmer/QES-Winds/build/CMakeFiles/CMakeTmp'
Building C object CMakeFiles/cmTC_984b9.dir/CheckIncludeFile.c.o
/uufs/chpc.utah.edu/sys/installdir/gcc/8.1.0/bin/gcc    -o CMakeFiles/cmTC_984b9.dir/CheckIncludeFile.c.o   -c /uufs/chpc.utah.edu/common/home/stoll-group3/lucasulmer/QES-Winds/build/CMakeFiles/CMakeTmp/CheckIncludeFile.c
Linking C executable cmTC_984b9
/uufs/chpc.utah.edu/sys/installdir/cmake/3.15.3/bin/cmake -E cmake_link_script CMakeFiles/cmTC_984b9.dir/link.txt --verbose=1
/uufs/chpc.utah.edu/sys/installdir/gcc/8.1.0/bin/gcc      CMakeFiles/cmTC_984b9.dir/CheckIncludeFile.c.o  -o cmTC_984b9 
gmake[1]: Leaving directory `/uufs/chpc.utah.edu/common/home/stoll-group3/lucasulmer/QES-Winds/build/CMakeFiles/CMakeTmp'



Determining if the function pthread_create exists in the pthread passed with the following output:
Change Dir: /uufs/chpc.utah.edu/common/home/stoll-group3/lucasulmer/QES-Winds/build/CMakeFiles/CMakeTmp

Run Build Command(s):/bin/gmake cmTC_96a5f/fast && /bin/gmake -f CMakeFiles/cmTC_96a5f.dir/build.make CMakeFiles/cmTC_96a5f.dir/build
gmake[1]: Entering directory `/uufs/chpc.utah.edu/common/home/stoll-group3/lucasulmer/QES-Winds/build/CMakeFiles/CMakeTmp'
Building C object CMakeFiles/cmTC_96a5f.dir/CheckFunctionExists.c.o
/uufs/chpc.utah.edu/sys/installdir/gcc/8.1.0/bin/gcc   -DCHECK_FUNCTION_EXISTS=pthread_create   -o CMakeFiles/cmTC_96a5f.dir/CheckFunctionExists.c.o   -c /uufs/chpc.utah.edu/sys/installdir/cmake/3.15.3/share/cmake-3.15/Modules/CheckFunctionExists.c
Linking C executable cmTC_96a5f
/uufs/chpc.utah.edu/sys/installdir/cmake/3.15.3/bin/cmake -E cmake_link_script CMakeFiles/cmTC_96a5f.dir/link.txt --verbose=1
/uufs/chpc.utah.edu/sys/installdir/gcc/8.1.0/bin/gcc  -DCHECK_FUNCTION_EXISTS=pthread_create    CMakeFiles/cmTC_96a5f.dir/CheckFunctionExists.c.o  -o cmTC_96a5f -lpthread 
gmake[1]: Leaving directory `/uufs/chpc.utah.edu/common/home/stoll-group3/lucasulmer/QES-Winds/build/CMakeFiles/CMakeTmp'



The system is: Linux - 3.10.0-1160.36.2.el7.x86_64 - x86_64
Compiling the C compiler identification source file "CMakeCCompilerId.c" succeeded.
Compiler: /uufs/chpc.utah.edu/sys/installdir/gcc/5.4.0-c7/bin/gcc 
Build flags: 
Id flags:  

The output was:
0


Compilation of the C compiler identification source "CMakeCCompilerId.c" produced "a.out"

The C compiler identification is GNU, found in "/uufs/chpc.utah.edu/common/home/stoll-group3/lucasulmer/QES-Winds/buildPIV/CMakeFiles/3.11.2/CompilerIdC/a.out"

Compiling the CXX compiler identification source file "CMakeCXXCompilerId.cpp" succeeded.
Compiler: /uufs/chpc.utah.edu/sys/installdir/gcc/8.1.0/bin/c++ 
Build flags: 
Id flags:  

The output was:
0


Compilation of the CXX compiler identification source "CMakeCXXCompilerId.cpp" produced "a.out"

The CXX compiler identification is GNU, found in "/uufs/chpc.utah.edu/common/home/stoll-group3/lucasulmer/QES-Winds/buildPIV/CMakeFiles/3.11.2/CompilerIdCXX/a.out"

Determining if the C compiler works passed with the following output:
Change Dir: /uufs/chpc.utah.edu/common/home/stoll-group3/lucasulmer/QES-Winds/buildPIV/CMakeFiles/CMakeTmp

Run Build Command:"/bin/gmake" "cmTC_863ae/fast"
/bin/gmake -f CMakeFiles/cmTC_863ae.dir/build.make CMakeFiles/cmTC_863ae.dir/build
gmake[1]: Entering directory `/uufs/chpc.utah.edu/common/home/stoll-group3/lucasulmer/QES-Winds/buildPIV/CMakeFiles/CMakeTmp'
Building C object CMakeFiles/cmTC_863ae.dir/testCCompiler.c.o
/uufs/chpc.utah.edu/sys/installdir/gcc/5.4.0-c7/bin/gcc    -o CMakeFiles/cmTC_863ae.dir/testCCompiler.c.o   -c /uufs/chpc.utah.edu/common/home/stoll-group3/lucasulmer/QES-Winds/buildPIV/CMakeFiles/CMakeTmp/testCCompiler.c
Linking C executable cmTC_863ae
/uufs/chpc.utah.edu/sys/installdir/cmake/3.11.2/bin/cmake -E cmake_link_script CMakeFiles/cmTC_863ae.dir/link.txt --verbose=1
/uufs/chpc.utah.edu/sys/installdir/gcc/5.4.0-c7/bin/gcc      CMakeFiles/cmTC_863ae.dir/testCCompiler.c.o  -o cmTC_863ae 
gmake[1]: Leaving directory `/uufs/chpc.utah.edu/common/home/stoll-group3/lucasulmer/QES-Winds/buildPIV/CMakeFiles/CMakeTmp'


Detecting C compiler ABI info compiled with the following output:
Change Dir: /uufs/chpc.utah.edu/common/home/stoll-group3/lucasulmer/QES-Winds/buildPIV/CMakeFiles/CMakeTmp

Run Build Command:"/bin/gmake" "cmTC_bf180/fast"
/bin/gmake -f CMakeFiles/cmTC_bf180.dir/build.make CMakeFiles/cmTC_bf180.dir/build
gmake[1]: Entering directory `/uufs/chpc.utah.edu/common/home/stoll-group3/lucasulmer/QES-Winds/buildPIV/CMakeFiles/CMakeTmp'
Building C object CMakeFiles/cmTC_bf180.dir/CMakeCCompilerABI.c.o
/uufs/chpc.utah.edu/sys/installdir/gcc/5.4.0-c7/bin/gcc    -o CMakeFiles/cmTC_bf180.dir/CMakeCCompilerABI.c.o   -c /uufs/chpc.utah.edu/sys/installdir/cmake/3.11.2/share/cmake-3.11/Modules/CMakeCCompilerABI.c
Linking C executable cmTC_bf180
/uufs/chpc.utah.edu/sys/installdir/cmake/3.11.2/bin/cmake -E cmake_link_script CMakeFiles/cmTC_bf180.dir/link.txt --verbose=1
/uufs/chpc.utah.edu/sys/installdir/gcc/5.4.0-c7/bin/gcc     -v CMakeFiles/cmTC_bf180.dir/CMakeCCompilerABI.c.o  -o cmTC_bf180 
Using built-in specs.
COLLECT_GCC=/uufs/chpc.utah.edu/sys/installdir/gcc/5.4.0-c7/bin/gcc
COLLECT_LTO_WRAPPER=/uufs/chpc.utah.edu/sys/installdir/gcc/5.4.0-c7/libexec/gcc/x86_64-unknown-linux-gnu/5.4.0/lto-wrapper
Target: x86_64-unknown-linux-gnu
Configured with: ../../../srcdir/gcc/5.4.0/configure --prefix=/uufs/chpc.utah.edu/sys/installdir/gcc/5.4.0-c7 --with-gmp=/uufs/chpc.utah.edu/sys/installdir/gmp/6.1.0-g4.8.5-c7 --with-mpfr=/uufs/chpc.utah.edu/sys/installdir/mpfr/3.1.4-g4.8.5-c7 --with-mpc=/uufs/chpc.utah.edu/sys/installdir/mpc/1.0.3g-c7 --with-isl=/uufs/chpc.utah.edu/sys/installdir/isl/0.12g-c7 --enable-libada
Thread model: posix
gcc version 5.4.0 (GCC) 
COMPILER_PATH=/uufs/chpc.utah.edu/sys/installdir/gcc/5.4.0-c7/libexec/gcc/x86_64-unknown-linux-gnu/5.4.0/:/uufs/chpc.utah.edu/sys/installdir/gcc/5.4.0-c7/libexec/gcc/x86_64-unknown-linux-gnu/5.4.0/:/uufs/chpc.utah.edu/sys/installdir/gcc/5.4.0-c7/libexec/gcc/x86_64-unknown-linux-gnu/:/uufs/chpc.utah.edu/sys/installdir/gcc/5.4.0-c7/lib/gcc/x86_64-unknown-linux-gnu/5.4.0/:/uufs/chpc.utah.edu/sys/installdir/gcc/5.4.0-c7/lib/gcc/x86_64-unknown-linux-gnu/
LIBRARY_PATH=/uufs/chpc.utah.edu/sys/installdir/gcc/5.4.0-c7/lib/gcc/x86_64-unknown-linux-gnu/5.4.0/:/uufs/chpc.utah.edu/sys/installdir/gcc/5.4.0-c7/lib/gcc/x86_64-unknown-linux-gnu/5.4.0/../../../../lib64/:/lib/../lib64/:/usr/lib/../lib64/:/uufs/chpc.utah.edu/sys/installdir/gcc/5.4.0-c7/lib/gcc/x86_64-unknown-linux-gnu/5.4.0/../../../:/lib/:/usr/lib/
COLLECT_GCC_OPTIONS='-v' '-o' 'cmTC_bf180' '-mtune=generic' '-march=x86-64'
 /uufs/chpc.utah.edu/sys/installdir/gcc/5.4.0-c7/libexec/gcc/x86_64-unknown-linux-gnu/5.4.0/collect2 -plugin /uufs/chpc.utah.edu/sys/installdir/gcc/5.4.0-c7/libexec/gcc/x86_64-unknown-linux-gnu/5.4.0/liblto_plugin.so -plugin-opt=/uufs/chpc.utah.edu/sys/installdir/gcc/5.4.0-c7/libexec/gcc/x86_64-unknown-linux-gnu/5.4.0/lto-wrapper -plugin-opt=-fresolution=/tmp/ccFD9M26.res -plugin-opt=-pass-through=-lgcc -plugin-opt=-pass-through=-lgcc_s -plugin-opt=-pass-through=-lc -plugin-opt=-pass-through=-lgcc -plugin-opt=-pass-through=-lgcc_s --eh-frame-hdr -m elf_x86_64 -dynamic-linker /lib64/ld-linux-x86-64.so.2 -o cmTC_bf180 /lib/../lib64/crt1.o /lib/../lib64/crti.o /uufs/chpc.utah.edu/sys/installdir/gcc/5.4.0-c7/lib/gcc/x86_64-unknown-linux-gnu/5.4.0/crtbegin.o -L/uufs/chpc.utah.edu/sys/installdir/gcc/5.4.0-c7/lib/gcc/x86_64-unknown-linux-gnu/5.4.0 -L/uufs/chpc.utah.edu/sys/installdir/gcc/5.4.0-c7/lib/gcc/x86_64-unknown-linux-gnu/5.4.0/../../../../lib64 -L/lib/../lib64 -L/usr/lib/../lib64 -L/uufs/chpc.utah.edu/sys/installdir/gcc/5.4.0-c7/lib/gcc/x86_64-unknown-linux-gnu/5.4.0/../../.. CMakeFiles/cmTC_bf180.dir/CMakeCCompilerABI.c.o -lgcc --as-needed -lgcc_s --no-as-needed -lc -lgcc --as-needed -lgcc_s --no-as-needed /uufs/chpc.utah.edu/sys/installdir/gcc/5.4.0-c7/lib/gcc/x86_64-unknown-linux-gnu/5.4.0/crtend.o /lib/../lib64/crtn.o
gmake[1]: Leaving directory `/uufs/chpc.utah.edu/common/home/stoll-group3/lucasulmer/QES-Winds/buildPIV/CMakeFiles/CMakeTmp'


Parsed C implicit link information from above output:
  link line regex: [^( *|.*[/\])(ld|CMAKE_LINK_STARTFILE-NOTFOUND|([^/\]+-)?ld|collect2)[^/\]*( |$)]
  ignore line: [Change Dir: /uufs/chpc.utah.edu/common/home/stoll-group3/lucasulmer/QES-Winds/buildPIV/CMakeFiles/CMakeTmp]
  ignore line: []
  ignore line: [Run Build Command:"/bin/gmake" "cmTC_bf180/fast"]
  ignore line: [/bin/gmake -f CMakeFiles/cmTC_bf180.dir/build.make CMakeFiles/cmTC_bf180.dir/build]
  ignore line: [gmake[1]: Entering directory `/uufs/chpc.utah.edu/common/home/stoll-group3/lucasulmer/QES-Winds/buildPIV/CMakeFiles/CMakeTmp']
  ignore line: [Building C object CMakeFiles/cmTC_bf180.dir/CMakeCCompilerABI.c.o]
  ignore line: [/uufs/chpc.utah.edu/sys/installdir/gcc/5.4.0-c7/bin/gcc    -o CMakeFiles/cmTC_bf180.dir/CMakeCCompilerABI.c.o   -c /uufs/chpc.utah.edu/sys/installdir/cmake/3.11.2/share/cmake-3.11/Modules/CMakeCCompilerABI.c]
  ignore line: [Linking C executable cmTC_bf180]
  ignore line: [/uufs/chpc.utah.edu/sys/installdir/cmake/3.11.2/bin/cmake -E cmake_link_script CMakeFiles/cmTC_bf180.dir/link.txt --verbose=1]
  ignore line: [/uufs/chpc.utah.edu/sys/installdir/gcc/5.4.0-c7/bin/gcc     -v CMakeFiles/cmTC_bf180.dir/CMakeCCompilerABI.c.o  -o cmTC_bf180 ]
  ignore line: [Using built-in specs.]
  ignore line: [COLLECT_GCC=/uufs/chpc.utah.edu/sys/installdir/gcc/5.4.0-c7/bin/gcc]
  ignore line: [COLLECT_LTO_WRAPPER=/uufs/chpc.utah.edu/sys/installdir/gcc/5.4.0-c7/libexec/gcc/x86_64-unknown-linux-gnu/5.4.0/lto-wrapper]
  ignore line: [Target: x86_64-unknown-linux-gnu]
  ignore line: [Configured with: ../../../srcdir/gcc/5.4.0/configure --prefix=/uufs/chpc.utah.edu/sys/installdir/gcc/5.4.0-c7 --with-gmp=/uufs/chpc.utah.edu/sys/installdir/gmp/6.1.0-g4.8.5-c7 --with-mpfr=/uufs/chpc.utah.edu/sys/installdir/mpfr/3.1.4-g4.8.5-c7 --with-mpc=/uufs/chpc.utah.edu/sys/installdir/mpc/1.0.3g-c7 --with-isl=/uufs/chpc.utah.edu/sys/installdir/isl/0.12g-c7 --enable-libada]
  ignore line: [Thread model: posix]
  ignore line: [gcc version 5.4.0 (GCC) ]
  ignore line: [COMPILER_PATH=/uufs/chpc.utah.edu/sys/installdir/gcc/5.4.0-c7/libexec/gcc/x86_64-unknown-linux-gnu/5.4.0/:/uufs/chpc.utah.edu/sys/installdir/gcc/5.4.0-c7/libexec/gcc/x86_64-unknown-linux-gnu/5.4.0/:/uufs/chpc.utah.edu/sys/installdir/gcc/5.4.0-c7/libexec/gcc/x86_64-unknown-linux-gnu/:/uufs/chpc.utah.edu/sys/installdir/gcc/5.4.0-c7/lib/gcc/x86_64-unknown-linux-gnu/5.4.0/:/uufs/chpc.utah.edu/sys/installdir/gcc/5.4.0-c7/lib/gcc/x86_64-unknown-linux-gnu/]
  ignore line: [LIBRARY_PATH=/uufs/chpc.utah.edu/sys/installdir/gcc/5.4.0-c7/lib/gcc/x86_64-unknown-linux-gnu/5.4.0/:/uufs/chpc.utah.edu/sys/installdir/gcc/5.4.0-c7/lib/gcc/x86_64-unknown-linux-gnu/5.4.0/../../../../lib64/:/lib/../lib64/:/usr/lib/../lib64/:/uufs/chpc.utah.edu/sys/installdir/gcc/5.4.0-c7/lib/gcc/x86_64-unknown-linux-gnu/5.4.0/../../../:/lib/:/usr/lib/]
  ignore line: [COLLECT_GCC_OPTIONS='-v' '-o' 'cmTC_bf180' '-mtune=generic' '-march=x86-64']
  link line: [ /uufs/chpc.utah.edu/sys/installdir/gcc/5.4.0-c7/libexec/gcc/x86_64-unknown-linux-gnu/5.4.0/collect2 -plugin /uufs/chpc.utah.edu/sys/installdir/gcc/5.4.0-c7/libexec/gcc/x86_64-unknown-linux-gnu/5.4.0/liblto_plugin.so -plugin-opt=/uufs/chpc.utah.edu/sys/installdir/gcc/5.4.0-c7/libexec/gcc/x86_64-unknown-linux-gnu/5.4.0/lto-wrapper -plugin-opt=-fresolution=/tmp/ccFD9M26.res -plugin-opt=-pass-through=-lgcc -plugin-opt=-pass-through=-lgcc_s -plugin-opt=-pass-through=-lc -plugin-opt=-pass-through=-lgcc -plugin-opt=-pass-through=-lgcc_s --eh-frame-hdr -m elf_x86_64 -dynamic-linker /lib64/ld-linux-x86-64.so.2 -o cmTC_bf180 /lib/../lib64/crt1.o /lib/../lib64/crti.o /uufs/chpc.utah.edu/sys/installdir/gcc/5.4.0-c7/lib/gcc/x86_64-unknown-linux-gnu/5.4.0/crtbegin.o -L/uufs/chpc.utah.edu/sys/installdir/gcc/5.4.0-c7/lib/gcc/x86_64-unknown-linux-gnu/5.4.0 -L/uufs/chpc.utah.edu/sys/installdir/gcc/5.4.0-c7/lib/gcc/x86_64-unknown-linux-gnu/5.4.0/../../../../lib64 -L/lib/../lib64 -L/usr/lib/../lib64 -L/uufs/chpc.utah.edu/sys/installdir/gcc/5.4.0-c7/lib/gcc/x86_64-unknown-linux-gnu/5.4.0/../../.. CMakeFiles/cmTC_bf180.dir/CMakeCCompilerABI.c.o -lgcc --as-needed -lgcc_s --no-as-needed -lc -lgcc --as-needed -lgcc_s --no-as-needed /uufs/chpc.utah.edu/sys/installdir/gcc/5.4.0-c7/lib/gcc/x86_64-unknown-linux-gnu/5.4.0/crtend.o /lib/../lib64/crtn.o]
    arg [/uufs/chpc.utah.edu/sys/installdir/gcc/5.4.0-c7/libexec/gcc/x86_64-unknown-linux-gnu/5.4.0/collect2] ==> ignore
    arg [-plugin] ==> ignore
    arg [/uufs/chpc.utah.edu/sys/installdir/gcc/5.4.0-c7/libexec/gcc/x86_64-unknown-linux-gnu/5.4.0/liblto_plugin.so] ==> ignore
    arg [-plugin-opt=/uufs/chpc.utah.edu/sys/installdir/gcc/5.4.0-c7/libexec/gcc/x86_64-unknown-linux-gnu/5.4.0/lto-wrapper] ==> ignore
    arg [-plugin-opt=-fresolution=/tmp/ccFD9M26.res] ==> ignore
    arg [-plugin-opt=-pass-through=-lgcc] ==> ignore
    arg [-plugin-opt=-pass-through=-lgcc_s] ==> ignore
    arg [-plugin-opt=-pass-through=-lc] ==> ignore
    arg [-plugin-opt=-pass-through=-lgcc] ==> ignore
    arg [-plugin-opt=-pass-through=-lgcc_s] ==> ignore
    arg [--eh-frame-hdr] ==> ignore
    arg [-m] ==> ignore
    arg [elf_x86_64] ==> ignore
    arg [-dynamic-linker] ==> ignore
    arg [/lib64/ld-linux-x86-64.so.2] ==> ignore
    arg [-o] ==> ignore
    arg [cmTC_bf180] ==> ignore
    arg [/lib/../lib64/crt1.o] ==> ignore
    arg [/lib/../lib64/crti.o] ==> ignore
    arg [/uufs/chpc.utah.edu/sys/installdir/gcc/5.4.0-c7/lib/gcc/x86_64-unknown-linux-gnu/5.4.0/crtbegin.o] ==> ignore
    arg [-L/uufs/chpc.utah.edu/sys/installdir/gcc/5.4.0-c7/lib/gcc/x86_64-unknown-linux-gnu/5.4.0] ==> dir [/uufs/chpc.utah.edu/sys/installdir/gcc/5.4.0-c7/lib/gcc/x86_64-unknown-linux-gnu/5.4.0]
    arg [-L/uufs/chpc.utah.edu/sys/installdir/gcc/5.4.0-c7/lib/gcc/x86_64-unknown-linux-gnu/5.4.0/../../../../lib64] ==> dir [/uufs/chpc.utah.edu/sys/installdir/gcc/5.4.0-c7/lib/gcc/x86_64-unknown-linux-gnu/5.4.0/../../../../lib64]
    arg [-L/lib/../lib64] ==> dir [/lib/../lib64]
    arg [-L/usr/lib/../lib64] ==> dir [/usr/lib/../lib64]
    arg [-L/uufs/chpc.utah.edu/sys/installdir/gcc/5.4.0-c7/lib/gcc/x86_64-unknown-linux-gnu/5.4.0/../../..] ==> dir [/uufs/chpc.utah.edu/sys/installdir/gcc/5.4.0-c7/lib/gcc/x86_64-unknown-linux-gnu/5.4.0/../../..]
    arg [CMakeFiles/cmTC_bf180.dir/CMakeCCompilerABI.c.o] ==> ignore
    arg [-lgcc] ==> lib [gcc]
    arg [--as-needed] ==> ignore
    arg [-lgcc_s] ==> lib [gcc_s]
    arg [--no-as-needed] ==> ignore
    arg [-lc] ==> lib [c]
    arg [-lgcc] ==> lib [gcc]
    arg [--as-needed] ==> ignore
    arg [-lgcc_s] ==> lib [gcc_s]
    arg [--no-as-needed] ==> ignore
    arg [/uufs/chpc.utah.edu/sys/installdir/gcc/5.4.0-c7/lib/gcc/x86_64-unknown-linux-gnu/5.4.0/crtend.o] ==> ignore
    arg [/lib/../lib64/crtn.o] ==> ignore
  collapse library dir [/uufs/chpc.utah.edu/sys/installdir/gcc/5.4.0-c7/lib/gcc/x86_64-unknown-linux-gnu/5.4.0] ==> [/uufs/chpc.utah.edu/sys/installdir/gcc/5.4.0-c7/lib/gcc/x86_64-unknown-linux-gnu/5.4.0]
  collapse library dir [/uufs/chpc.utah.edu/sys/installdir/gcc/5.4.0-c7/lib/gcc/x86_64-unknown-linux-gnu/5.4.0/../../../../lib64] ==> [/uufs/chpc.utah.edu/sys/installdir/gcc/5.4.0-c7/lib64]
  collapse library dir [/lib/../lib64] ==> [/lib64]
  collapse library dir [/usr/lib/../lib64] ==> [/usr/lib64]
  collapse library dir [/uufs/chpc.utah.edu/sys/installdir/gcc/5.4.0-c7/lib/gcc/x86_64-unknown-linux-gnu/5.4.0/../../..] ==> [/uufs/chpc.utah.edu/sys/installdir/gcc/5.4.0-c7/lib]
  implicit libs: [gcc;gcc_s;c;gcc;gcc_s]
  implicit dirs: [/uufs/chpc.utah.edu/sys/installdir/gcc/5.4.0-c7/lib/gcc/x86_64-unknown-linux-gnu/5.4.0;/uufs/chpc.utah.edu/sys/installdir/gcc/5.4.0-c7/lib64;/lib64;/usr/lib64;/uufs/chpc.utah.edu/sys/installdir/gcc/5.4.0-c7/lib]
  implicit fwks: []




Detecting C [-std=c11] compiler features compiled with the following output:
Change Dir: /uufs/chpc.utah.edu/common/home/stoll-group3/lucasulmer/QES-Winds/buildPIV/CMakeFiles/CMakeTmp

Run Build Command:"/bin/gmake" "cmTC_b5f53/fast"
/bin/gmake -f CMakeFiles/cmTC_b5f53.dir/build.make CMakeFiles/cmTC_b5f53.dir/build
gmake[1]: Entering directory `/uufs/chpc.utah.edu/common/home/stoll-group3/lucasulmer/QES-Winds/buildPIV/CMakeFiles/CMakeTmp'
Building C object CMakeFiles/cmTC_b5f53.dir/feature_tests.c.o
/uufs/chpc.utah.edu/sys/installdir/gcc/5.4.0-c7/bin/gcc   -std=c11 -o CMakeFiles/cmTC_b5f53.dir/feature_tests.c.o   -c /uufs/chpc.utah.edu/common/home/stoll-group3/lucasulmer/QES-Winds/buildPIV/CMakeFiles/feature_tests.c
Linking C executable cmTC_b5f53
/uufs/chpc.utah.edu/sys/installdir/cmake/3.11.2/bin/cmake -E cmake_link_script CMakeFiles/cmTC_b5f53.dir/link.txt --verbose=1
/uufs/chpc.utah.edu/sys/installdir/gcc/5.4.0-c7/bin/gcc      CMakeFiles/cmTC_b5f53.dir/feature_tests.c.o  -o cmTC_b5f53 
gmake[1]: Leaving directory `/uufs/chpc.utah.edu/common/home/stoll-group3/lucasulmer/QES-Winds/buildPIV/CMakeFiles/CMakeTmp'


    Feature record: C_FEATURE:1c_function_prototypes
    Feature record: C_FEATURE:1c_restrict
    Feature record: C_FEATURE:1c_static_assert
    Feature record: C_FEATURE:1c_variadic_macros


Detecting C [-std=c99] compiler features compiled with the following output:
Change Dir: /uufs/chpc.utah.edu/common/home/stoll-group3/lucasulmer/QES-Winds/buildPIV/CMakeFiles/CMakeTmp

Run Build Command:"/bin/gmake" "cmTC_8884b/fast"
/bin/gmake -f CMakeFiles/cmTC_8884b.dir/build.make CMakeFiles/cmTC_8884b.dir/build
gmake[1]: Entering directory `/uufs/chpc.utah.edu/common/home/stoll-group3/lucasulmer/QES-Winds/buildPIV/CMakeFiles/CMakeTmp'
Building C object CMakeFiles/cmTC_8884b.dir/feature_tests.c.o
/uufs/chpc.utah.edu/sys/installdir/gcc/5.4.0-c7/bin/gcc   -std=c99 -o CMakeFiles/cmTC_8884b.dir/feature_tests.c.o   -c /uufs/chpc.utah.edu/common/home/stoll-group3/lucasulmer/QES-Winds/buildPIV/CMakeFiles/feature_tests.c
Linking C executable cmTC_8884b
/uufs/chpc.utah.edu/sys/installdir/cmake/3.11.2/bin/cmake -E cmake_link_script CMakeFiles/cmTC_8884b.dir/link.txt --verbose=1
/uufs/chpc.utah.edu/sys/installdir/gcc/5.4.0-c7/bin/gcc      CMakeFiles/cmTC_8884b.dir/feature_tests.c.o  -o cmTC_8884b 
gmake[1]: Leaving directory `/uufs/chpc.utah.edu/common/home/stoll-group3/lucasulmer/QES-Winds/buildPIV/CMakeFiles/CMakeTmp'


    Feature record: C_FEATURE:1c_function_prototypes
    Feature record: C_FEATURE:1c_restrict
    Feature record: C_FEATURE:0c_static_assert
    Feature record: C_FEATURE:1c_variadic_macros


Detecting C [-std=c90] compiler features compiled with the following output:
Change Dir: /uufs/chpc.utah.edu/common/home/stoll-group3/lucasulmer/QES-Winds/buildPIV/CMakeFiles/CMakeTmp

Run Build Command:"/bin/gmake" "cmTC_3ef52/fast"
/bin/gmake -f CMakeFiles/cmTC_3ef52.dir/build.make CMakeFiles/cmTC_3ef52.dir/build
gmake[1]: Entering directory `/uufs/chpc.utah.edu/common/home/stoll-group3/lucasulmer/QES-Winds/buildPIV/CMakeFiles/CMakeTmp'
Building C object CMakeFiles/cmTC_3ef52.dir/feature_tests.c.o
/uufs/chpc.utah.edu/sys/installdir/gcc/5.4.0-c7/bin/gcc   -std=c90 -o CMakeFiles/cmTC_3ef52.dir/feature_tests.c.o   -c /uufs/chpc.utah.edu/common/home/stoll-group3/lucasulmer/QES-Winds/buildPIV/CMakeFiles/feature_tests.c
Linking C executable cmTC_3ef52
/uufs/chpc.utah.edu/sys/installdir/cmake/3.11.2/bin/cmake -E cmake_link_script CMakeFiles/cmTC_3ef52.dir/link.txt --verbose=1
/uufs/chpc.utah.edu/sys/installdir/gcc/5.4.0-c7/bin/gcc      CMakeFiles/cmTC_3ef52.dir/feature_tests.c.o  -o cmTC_3ef52 
gmake[1]: Leaving directory `/uufs/chpc.utah.edu/common/home/stoll-group3/lucasulmer/QES-Winds/buildPIV/CMakeFiles/CMakeTmp'


    Feature record: C_FEATURE:1c_function_prototypes
    Feature record: C_FEATURE:0c_restrict
    Feature record: C_FEATURE:0c_static_assert
    Feature record: C_FEATURE:0c_variadic_macros
Determining if the CXX compiler works passed with the following output:
Change Dir: /uufs/chpc.utah.edu/common/home/stoll-group3/lucasulmer/QES-Winds/buildPIV/CMakeFiles/CMakeTmp

Run Build Command:"/bin/gmake" "cmTC_5e9e7/fast"
/bin/gmake -f CMakeFiles/cmTC_5e9e7.dir/build.make CMakeFiles/cmTC_5e9e7.dir/build
gmake[1]: Entering directory `/uufs/chpc.utah.edu/common/home/stoll-group3/lucasulmer/QES-Winds/buildPIV/CMakeFiles/CMakeTmp'
Building CXX object CMakeFiles/cmTC_5e9e7.dir/testCXXCompiler.cxx.o
/uufs/chpc.utah.edu/sys/installdir/gcc/8.1.0/bin/c++     -o CMakeFiles/cmTC_5e9e7.dir/testCXXCompiler.cxx.o -c /uufs/chpc.utah.edu/common/home/stoll-group3/lucasulmer/QES-Winds/buildPIV/CMakeFiles/CMakeTmp/testCXXCompiler.cxx
Linking CXX executable cmTC_5e9e7
/uufs/chpc.utah.edu/sys/installdir/cmake/3.11.2/bin/cmake -E cmake_link_script CMakeFiles/cmTC_5e9e7.dir/link.txt --verbose=1
/uufs/chpc.utah.edu/sys/installdir/gcc/8.1.0/bin/c++       CMakeFiles/cmTC_5e9e7.dir/testCXXCompiler.cxx.o  -o cmTC_5e9e7 
gmake[1]: Leaving directory `/uufs/chpc.utah.edu/common/home/stoll-group3/lucasulmer/QES-Winds/buildPIV/CMakeFiles/CMakeTmp'


Detecting CXX compiler ABI info compiled with the following output:
Change Dir: /uufs/chpc.utah.edu/common/home/stoll-group3/lucasulmer/QES-Winds/buildPIV/CMakeFiles/CMakeTmp

Run Build Command:"/bin/gmake" "cmTC_39ee3/fast"
/bin/gmake -f CMakeFiles/cmTC_39ee3.dir/build.make CMakeFiles/cmTC_39ee3.dir/build
gmake[1]: Entering directory `/uufs/chpc.utah.edu/common/home/stoll-group3/lucasulmer/QES-Winds/buildPIV/CMakeFiles/CMakeTmp'
Building CXX object CMakeFiles/cmTC_39ee3.dir/CMakeCXXCompilerABI.cpp.o
/uufs/chpc.utah.edu/sys/installdir/gcc/8.1.0/bin/c++     -o CMakeFiles/cmTC_39ee3.dir/CMakeCXXCompilerABI.cpp.o -c /uufs/chpc.utah.edu/sys/installdir/cmake/3.11.2/share/cmake-3.11/Modules/CMakeCXXCompilerABI.cpp
Linking CXX executable cmTC_39ee3
/uufs/chpc.utah.edu/sys/installdir/cmake/3.11.2/bin/cmake -E cmake_link_script CMakeFiles/cmTC_39ee3.dir/link.txt --verbose=1
/uufs/chpc.utah.edu/sys/installdir/gcc/8.1.0/bin/c++      -v CMakeFiles/cmTC_39ee3.dir/CMakeCXXCompilerABI.cpp.o  -o cmTC_39ee3 
Using built-in specs.
COLLECT_GCC=/uufs/chpc.utah.edu/sys/installdir/gcc/8.1.0/bin/c++
COLLECT_LTO_WRAPPER=/uufs/chpc.utah.edu/sys/installdir/gcc/8.1.0/libexec/gcc/x86_64-pc-linux-gnu/8.1.0/lto-wrapper
Target: x86_64-pc-linux-gnu
Configured with: ../../../srcdir/gcc/8.1.0/configure --prefix=/uufs/chpc.utah.edu/sys/installdir/gcc/8.1.0 --with-gmp=/uufs/chpc.utah.edu/sys/installdir/gmp/6.1.0-g4.8.5-c7 --with-mpfr=/uufs/chpc.utah.edu/sys/installdir/mpfr/3.1.4-g4.8.5-c7 --with-mpc=/uufs/chpc.utah.edu/sys/installdir/mpc/1.0.3g-c7 --with-isl=/uufs/chpc.utah.edu/sys/installdir/isl/0.17g-c7 --enable-libada
Thread model: posix
gcc version 8.1.0 (GCC) 
COMPILER_PATH=/uufs/chpc.utah.edu/sys/installdir/gcc/8.1.0/libexec/gcc/x86_64-pc-linux-gnu/8.1.0/:/uufs/chpc.utah.edu/sys/installdir/gcc/8.1.0/libexec/gcc/x86_64-pc-linux-gnu/8.1.0/:/uufs/chpc.utah.edu/sys/installdir/gcc/8.1.0/libexec/gcc/x86_64-pc-linux-gnu/:/uufs/chpc.utah.edu/sys/installdir/gcc/8.1.0/lib/gcc/x86_64-pc-linux-gnu/8.1.0/:/uufs/chpc.utah.edu/sys/installdir/gcc/8.1.0/lib/gcc/x86_64-pc-linux-gnu/
LIBRARY_PATH=/uufs/chpc.utah.edu/sys/installdir/gcc/8.1.0/lib/gcc/x86_64-pc-linux-gnu/8.1.0/:/uufs/chpc.utah.edu/sys/installdir/gcc/8.1.0/lib/gcc/x86_64-pc-linux-gnu/8.1.0/../../../../lib64/:/lib/../lib64/:/usr/lib/../lib64/:/uufs/chpc.utah.edu/sys/installdir/gcc/8.1.0/lib/gcc/x86_64-pc-linux-gnu/8.1.0/../../../:/lib/:/usr/lib/
COLLECT_GCC_OPTIONS='-v' '-o' 'cmTC_39ee3' '-shared-libgcc' '-mtune=generic' '-march=x86-64'
 /uufs/chpc.utah.edu/sys/installdir/gcc/8.1.0/libexec/gcc/x86_64-pc-linux-gnu/8.1.0/collect2 -plugin /uufs/chpc.utah.edu/sys/installdir/gcc/8.1.0/libexec/gcc/x86_64-pc-linux-gnu/8.1.0/liblto_plugin.so -plugin-opt=/uufs/chpc.utah.edu/sys/installdir/gcc/8.1.0/libexec/gcc/x86_64-pc-linux-gnu/8.1.0/lto-wrapper -plugin-opt=-fresolution=/tmp/ccrrsMCh.res -plugin-opt=-pass-through=-lgcc_s -plugin-opt=-pass-through=-lgcc -plugin-opt=-pass-through=-lc -plugin-opt=-pass-through=-lgcc_s -plugin-opt=-pass-through=-lgcc --eh-frame-hdr -m elf_x86_64 -dynamic-linker /lib64/ld-linux-x86-64.so.2 -o cmTC_39ee3 /lib/../lib64/crt1.o /lib/../lib64/crti.o /uufs/chpc.utah.edu/sys/installdir/gcc/8.1.0/lib/gcc/x86_64-pc-linux-gnu/8.1.0/crtbegin.o -L/uufs/chpc.utah.edu/sys/installdir/gcc/8.1.0/lib/gcc/x86_64-pc-linux-gnu/8.1.0 -L/uufs/chpc.utah.edu/sys/installdir/gcc/8.1.0/lib/gcc/x86_64-pc-linux-gnu/8.1.0/../../../../lib64 -L/lib/../lib64 -L/usr/lib/../lib64 -L/uufs/chpc.utah.edu/sys/installdir/gcc/8.1.0/lib/gcc/x86_64-pc-linux-gnu/8.1.0/../../.. CMakeFiles/cmTC_39ee3.dir/CMakeCXXCompilerABI.cpp.o -lstdc++ -lm -lgcc_s -lgcc -lc -lgcc_s -lgcc /uufs/chpc.utah.edu/sys/installdir/gcc/8.1.0/lib/gcc/x86_64-pc-linux-gnu/8.1.0/crtend.o /lib/../lib64/crtn.o
COLLECT_GCC_OPTIONS='-v' '-o' 'cmTC_39ee3' '-shared-libgcc' '-mtune=generic' '-march=x86-64'
gmake[1]: Leaving directory `/uufs/chpc.utah.edu/common/home/stoll-group3/lucasulmer/QES-Winds/buildPIV/CMakeFiles/CMakeTmp'


Parsed CXX implicit link information from above output:
  link line regex: [^( *|.*[/\])(ld|CMAKE_LINK_STARTFILE-NOTFOUND|([^/\]+-)?ld|collect2)[^/\]*( |$)]
  ignore line: [Change Dir: /uufs/chpc.utah.edu/common/home/stoll-group3/lucasulmer/QES-Winds/buildPIV/CMakeFiles/CMakeTmp]
  ignore line: []
  ignore line: [Run Build Command:"/bin/gmake" "cmTC_39ee3/fast"]
  ignore line: [/bin/gmake -f CMakeFiles/cmTC_39ee3.dir/build.make CMakeFiles/cmTC_39ee3.dir/build]
  ignore line: [gmake[1]: Entering directory `/uufs/chpc.utah.edu/common/home/stoll-group3/lucasulmer/QES-Winds/buildPIV/CMakeFiles/CMakeTmp']
  ignore line: [Building CXX object CMakeFiles/cmTC_39ee3.dir/CMakeCXXCompilerABI.cpp.o]
  ignore line: [/uufs/chpc.utah.edu/sys/installdir/gcc/8.1.0/bin/c++     -o CMakeFiles/cmTC_39ee3.dir/CMakeCXXCompilerABI.cpp.o -c /uufs/chpc.utah.edu/sys/installdir/cmake/3.11.2/share/cmake-3.11/Modules/CMakeCXXCompilerABI.cpp]
  ignore line: [Linking CXX executable cmTC_39ee3]
  ignore line: [/uufs/chpc.utah.edu/sys/installdir/cmake/3.11.2/bin/cmake -E cmake_link_script CMakeFiles/cmTC_39ee3.dir/link.txt --verbose=1]
  ignore line: [/uufs/chpc.utah.edu/sys/installdir/gcc/8.1.0/bin/c++      -v CMakeFiles/cmTC_39ee3.dir/CMakeCXXCompilerABI.cpp.o  -o cmTC_39ee3 ]
  ignore line: [Using built-in specs.]
  ignore line: [COLLECT_GCC=/uufs/chpc.utah.edu/sys/installdir/gcc/8.1.0/bin/c++]
  ignore line: [COLLECT_LTO_WRAPPER=/uufs/chpc.utah.edu/sys/installdir/gcc/8.1.0/libexec/gcc/x86_64-pc-linux-gnu/8.1.0/lto-wrapper]
  ignore line: [Target: x86_64-pc-linux-gnu]
  ignore line: [Configured with: ../../../srcdir/gcc/8.1.0/configure --prefix=/uufs/chpc.utah.edu/sys/installdir/gcc/8.1.0 --with-gmp=/uufs/chpc.utah.edu/sys/installdir/gmp/6.1.0-g4.8.5-c7 --with-mpfr=/uufs/chpc.utah.edu/sys/installdir/mpfr/3.1.4-g4.8.5-c7 --with-mpc=/uufs/chpc.utah.edu/sys/installdir/mpc/1.0.3g-c7 --with-isl=/uufs/chpc.utah.edu/sys/installdir/isl/0.17g-c7 --enable-libada]
  ignore line: [Thread model: posix]
  ignore line: [gcc version 8.1.0 (GCC) ]
  ignore line: [COMPILER_PATH=/uufs/chpc.utah.edu/sys/installdir/gcc/8.1.0/libexec/gcc/x86_64-pc-linux-gnu/8.1.0/:/uufs/chpc.utah.edu/sys/installdir/gcc/8.1.0/libexec/gcc/x86_64-pc-linux-gnu/8.1.0/:/uufs/chpc.utah.edu/sys/installdir/gcc/8.1.0/libexec/gcc/x86_64-pc-linux-gnu/:/uufs/chpc.utah.edu/sys/installdir/gcc/8.1.0/lib/gcc/x86_64-pc-linux-gnu/8.1.0/:/uufs/chpc.utah.edu/sys/installdir/gcc/8.1.0/lib/gcc/x86_64-pc-linux-gnu/]
  ignore line: [LIBRARY_PATH=/uufs/chpc.utah.edu/sys/installdir/gcc/8.1.0/lib/gcc/x86_64-pc-linux-gnu/8.1.0/:/uufs/chpc.utah.edu/sys/installdir/gcc/8.1.0/lib/gcc/x86_64-pc-linux-gnu/8.1.0/../../../../lib64/:/lib/../lib64/:/usr/lib/../lib64/:/uufs/chpc.utah.edu/sys/installdir/gcc/8.1.0/lib/gcc/x86_64-pc-linux-gnu/8.1.0/../../../:/lib/:/usr/lib/]
  ignore line: [COLLECT_GCC_OPTIONS='-v' '-o' 'cmTC_39ee3' '-shared-libgcc' '-mtune=generic' '-march=x86-64']
  link line: [ /uufs/chpc.utah.edu/sys/installdir/gcc/8.1.0/libexec/gcc/x86_64-pc-linux-gnu/8.1.0/collect2 -plugin /uufs/chpc.utah.edu/sys/installdir/gcc/8.1.0/libexec/gcc/x86_64-pc-linux-gnu/8.1.0/liblto_plugin.so -plugin-opt=/uufs/chpc.utah.edu/sys/installdir/gcc/8.1.0/libexec/gcc/x86_64-pc-linux-gnu/8.1.0/lto-wrapper -plugin-opt=-fresolution=/tmp/ccrrsMCh.res -plugin-opt=-pass-through=-lgcc_s -plugin-opt=-pass-through=-lgcc -plugin-opt=-pass-through=-lc -plugin-opt=-pass-through=-lgcc_s -plugin-opt=-pass-through=-lgcc --eh-frame-hdr -m elf_x86_64 -dynamic-linker /lib64/ld-linux-x86-64.so.2 -o cmTC_39ee3 /lib/../lib64/crt1.o /lib/../lib64/crti.o /uufs/chpc.utah.edu/sys/installdir/gcc/8.1.0/lib/gcc/x86_64-pc-linux-gnu/8.1.0/crtbegin.o -L/uufs/chpc.utah.edu/sys/installdir/gcc/8.1.0/lib/gcc/x86_64-pc-linux-gnu/8.1.0 -L/uufs/chpc.utah.edu/sys/installdir/gcc/8.1.0/lib/gcc/x86_64-pc-linux-gnu/8.1.0/../../../../lib64 -L/lib/../lib64 -L/usr/lib/../lib64 -L/uufs/chpc.utah.edu/sys/installdir/gcc/8.1.0/lib/gcc/x86_64-pc-linux-gnu/8.1.0/../../.. CMakeFiles/cmTC_39ee3.dir/CMakeCXXCompilerABI.cpp.o -lstdc++ -lm -lgcc_s -lgcc -lc -lgcc_s -lgcc /uufs/chpc.utah.edu/sys/installdir/gcc/8.1.0/lib/gcc/x86_64-pc-linux-gnu/8.1.0/crtend.o /lib/../lib64/crtn.o]
    arg [/uufs/chpc.utah.edu/sys/installdir/gcc/8.1.0/libexec/gcc/x86_64-pc-linux-gnu/8.1.0/collect2] ==> ignore
    arg [-plugin] ==> ignore
    arg [/uufs/chpc.utah.edu/sys/installdir/gcc/8.1.0/libexec/gcc/x86_64-pc-linux-gnu/8.1.0/liblto_plugin.so] ==> ignore
    arg [-plugin-opt=/uufs/chpc.utah.edu/sys/installdir/gcc/8.1.0/libexec/gcc/x86_64-pc-linux-gnu/8.1.0/lto-wrapper] ==> ignore
    arg [-plugin-opt=-fresolution=/tmp/ccrrsMCh.res] ==> ignore
    arg [-plugin-opt=-pass-through=-lgcc_s] ==> ignore
    arg [-plugin-opt=-pass-through=-lgcc] ==> ignore
    arg [-plugin-opt=-pass-through=-lc] ==> ignore
    arg [-plugin-opt=-pass-through=-lgcc_s] ==> ignore
    arg [-plugin-opt=-pass-through=-lgcc] ==> ignore
    arg [--eh-frame-hdr] ==> ignore
    arg [-m] ==> ignore
    arg [elf_x86_64] ==> ignore
    arg [-dynamic-linker] ==> ignore
    arg [/lib64/ld-linux-x86-64.so.2] ==> ignore
    arg [-o] ==> ignore
    arg [cmTC_39ee3] ==> ignore
    arg [/lib/../lib64/crt1.o] ==> ignore
    arg [/lib/../lib64/crti.o] ==> ignore
    arg [/uufs/chpc.utah.edu/sys/installdir/gcc/8.1.0/lib/gcc/x86_64-pc-linux-gnu/8.1.0/crtbegin.o] ==> ignore
    arg [-L/uufs/chpc.utah.edu/sys/installdir/gcc/8.1.0/lib/gcc/x86_64-pc-linux-gnu/8.1.0] ==> dir [/uufs/chpc.utah.edu/sys/installdir/gcc/8.1.0/lib/gcc/x86_64-pc-linux-gnu/8.1.0]
    arg [-L/uufs/chpc.utah.edu/sys/installdir/gcc/8.1.0/lib/gcc/x86_64-pc-linux-gnu/8.1.0/../../../../lib64] ==> dir [/uufs/chpc.utah.edu/sys/installdir/gcc/8.1.0/lib/gcc/x86_64-pc-linux-gnu/8.1.0/../../../../lib64]
    arg [-L/lib/../lib64] ==> dir [/lib/../lib64]
    arg [-L/usr/lib/../lib64] ==> dir [/usr/lib/../lib64]
    arg [-L/uufs/chpc.utah.edu/sys/installdir/gcc/8.1.0/lib/gcc/x86_64-pc-linux-gnu/8.1.0/../../..] ==> dir [/uufs/chpc.utah.edu/sys/installdir/gcc/8.1.0/lib/gcc/x86_64-pc-linux-gnu/8.1.0/../../..]
    arg [CMakeFiles/cmTC_39ee3.dir/CMakeCXXCompilerABI.cpp.o] ==> ignore
    arg [-lstdc++] ==> lib [stdc++]
    arg [-lm] ==> lib [m]
    arg [-lgcc_s] ==> lib [gcc_s]
    arg [-lgcc] ==> lib [gcc]
    arg [-lc] ==> lib [c]
    arg [-lgcc_s] ==> lib [gcc_s]
    arg [-lgcc] ==> lib [gcc]
    arg [/uufs/chpc.utah.edu/sys/installdir/gcc/8.1.0/lib/gcc/x86_64-pc-linux-gnu/8.1.0/crtend.o] ==> ignore
    arg [/lib/../lib64/crtn.o] ==> ignore
  collapse library dir [/uufs/chpc.utah.edu/sys/installdir/gcc/8.1.0/lib/gcc/x86_64-pc-linux-gnu/8.1.0] ==> [/uufs/chpc.utah.edu/sys/installdir/gcc/8.1.0/lib/gcc/x86_64-pc-linux-gnu/8.1.0]
  collapse library dir [/uufs/chpc.utah.edu/sys/installdir/gcc/8.1.0/lib/gcc/x86_64-pc-linux-gnu/8.1.0/../../../../lib64] ==> [/uufs/chpc.utah.edu/sys/installdir/gcc/8.1.0/lib64]
  collapse library dir [/lib/../lib64] ==> [/lib64]
  collapse library dir [/usr/lib/../lib64] ==> [/usr/lib64]
  collapse library dir [/uufs/chpc.utah.edu/sys/installdir/gcc/8.1.0/lib/gcc/x86_64-pc-linux-gnu/8.1.0/../../..] ==> [/uufs/chpc.utah.edu/sys/installdir/gcc/8.1.0/lib]
  implicit libs: [stdc++;m;gcc_s;gcc;c;gcc_s;gcc]
  implicit dirs: [/uufs/chpc.utah.edu/sys/installdir/gcc/8.1.0/lib/gcc/x86_64-pc-linux-gnu/8.1.0;/uufs/chpc.utah.edu/sys/installdir/gcc/8.1.0/lib64;/lib64;/usr/lib64;/uufs/chpc.utah.edu/sys/installdir/gcc/8.1.0/lib]
  implicit fwks: []




Detecting CXX [-std=c++1z] compiler features compiled with the following output:
Change Dir: /uufs/chpc.utah.edu/common/home/stoll-group3/lucasulmer/QES-Winds/buildPIV/CMakeFiles/CMakeTmp

Run Build Command:"/bin/gmake" "cmTC_7a3d1/fast"
/bin/gmake -f CMakeFiles/cmTC_7a3d1.dir/build.make CMakeFiles/cmTC_7a3d1.dir/build
gmake[1]: Entering directory `/uufs/chpc.utah.edu/common/home/stoll-group3/lucasulmer/QES-Winds/buildPIV/CMakeFiles/CMakeTmp'
Building CXX object CMakeFiles/cmTC_7a3d1.dir/feature_tests.cxx.o
/uufs/chpc.utah.edu/sys/installdir/gcc/8.1.0/bin/c++    -std=c++1z -o CMakeFiles/cmTC_7a3d1.dir/feature_tests.cxx.o -c /uufs/chpc.utah.edu/common/home/stoll-group3/lucasulmer/QES-Winds/buildPIV/CMakeFiles/feature_tests.cxx
Linking CXX executable cmTC_7a3d1
/uufs/chpc.utah.edu/sys/installdir/cmake/3.11.2/bin/cmake -E cmake_link_script CMakeFiles/cmTC_7a3d1.dir/link.txt --verbose=1
/uufs/chpc.utah.edu/sys/installdir/gcc/8.1.0/bin/c++       CMakeFiles/cmTC_7a3d1.dir/feature_tests.cxx.o  -o cmTC_7a3d1 
gmake[1]: Leaving directory `/uufs/chpc.utah.edu/common/home/stoll-group3/lucasulmer/QES-Winds/buildPIV/CMakeFiles/CMakeTmp'


    Feature record: CXX_FEATURE:1cxx_aggregate_default_initializers
    Feature record: CXX_FEATURE:1cxx_alias_templates
    Feature record: CXX_FEATURE:1cxx_alignas
    Feature record: CXX_FEATURE:1cxx_alignof
    Feature record: CXX_FEATURE:1cxx_attributes
    Feature record: CXX_FEATURE:1cxx_attribute_deprecated
    Feature record: CXX_FEATURE:1cxx_auto_type
    Feature record: CXX_FEATURE:1cxx_binary_literals
    Feature record: CXX_FEATURE:1cxx_constexpr
    Feature record: CXX_FEATURE:1cxx_contextual_conversions
    Feature record: CXX_FEATURE:1cxx_decltype
    Feature record: CXX_FEATURE:1cxx_decltype_auto
    Feature record: CXX_FEATURE:1cxx_decltype_incomplete_return_types
    Feature record: CXX_FEATURE:1cxx_default_function_template_args
    Feature record: CXX_FEATURE:1cxx_defaulted_functions
    Feature record: CXX_FEATURE:1cxx_defaulted_move_initializers
    Feature record: CXX_FEATURE:1cxx_delegating_constructors
    Feature record: CXX_FEATURE:1cxx_deleted_functions
    Feature record: CXX_FEATURE:1cxx_digit_separators
    Feature record: CXX_FEATURE:1cxx_enum_forward_declarations
    Feature record: CXX_FEATURE:1cxx_explicit_conversions
    Feature record: CXX_FEATURE:1cxx_extended_friend_declarations
    Feature record: CXX_FEATURE:1cxx_extern_templates
    Feature record: CXX_FEATURE:1cxx_final
    Feature record: CXX_FEATURE:1cxx_func_identifier
    Feature record: CXX_FEATURE:1cxx_generalized_initializers
    Feature record: CXX_FEATURE:1cxx_generic_lambdas
    Feature record: CXX_FEATURE:1cxx_inheriting_constructors
    Feature record: CXX_FEATURE:1cxx_inline_namespaces
    Feature record: CXX_FEATURE:1cxx_lambdas
    Feature record: CXX_FEATURE:1cxx_lambda_init_captures
    Feature record: CXX_FEATURE:1cxx_local_type_template_args
    Feature record: CXX_FEATURE:1cxx_long_long_type
    Feature record: CXX_FEATURE:1cxx_noexcept
    Feature record: CXX_FEATURE:1cxx_nonstatic_member_init
    Feature record: CXX_FEATURE:1cxx_nullptr
    Feature record: CXX_FEATURE:1cxx_override
    Feature record: CXX_FEATURE:1cxx_range_for
    Feature record: CXX_FEATURE:1cxx_raw_string_literals
    Feature record: CXX_FEATURE:1cxx_reference_qualified_functions
    Feature record: CXX_FEATURE:1cxx_relaxed_constexpr
    Feature record: CXX_FEATURE:1cxx_return_type_deduction
    Feature record: CXX_FEATURE:1cxx_right_angle_brackets
    Feature record: CXX_FEATURE:1cxx_rvalue_references
    Feature record: CXX_FEATURE:1cxx_sizeof_member
    Feature record: CXX_FEATURE:1cxx_static_assert
    Feature record: CXX_FEATURE:1cxx_strong_enums
    Feature record: CXX_FEATURE:1cxx_template_template_parameters
    Feature record: CXX_FEATURE:1cxx_thread_local
    Feature record: CXX_FEATURE:1cxx_trailing_return_types
    Feature record: CXX_FEATURE:1cxx_unicode_literals
    Feature record: CXX_FEATURE:1cxx_uniform_initialization
    Feature record: CXX_FEATURE:1cxx_unrestricted_unions
    Feature record: CXX_FEATURE:1cxx_user_literals
    Feature record: CXX_FEATURE:1cxx_variable_templates
    Feature record: CXX_FEATURE:1cxx_variadic_macros
    Feature record: CXX_FEATURE:1cxx_variadic_templates


Detecting CXX [-std=c++14] compiler features compiled with the following output:
Change Dir: /uufs/chpc.utah.edu/common/home/stoll-group3/lucasulmer/QES-Winds/buildPIV/CMakeFiles/CMakeTmp

Run Build Command:"/bin/gmake" "cmTC_570ee/fast"
/bin/gmake -f CMakeFiles/cmTC_570ee.dir/build.make CMakeFiles/cmTC_570ee.dir/build
gmake[1]: Entering directory `/uufs/chpc.utah.edu/common/home/stoll-group3/lucasulmer/QES-Winds/buildPIV/CMakeFiles/CMakeTmp'
Building CXX object CMakeFiles/cmTC_570ee.dir/feature_tests.cxx.o
/uufs/chpc.utah.edu/sys/installdir/gcc/8.1.0/bin/c++    -std=c++14 -o CMakeFiles/cmTC_570ee.dir/feature_tests.cxx.o -c /uufs/chpc.utah.edu/common/home/stoll-group3/lucasulmer/QES-Winds/buildPIV/CMakeFiles/feature_tests.cxx
Linking CXX executable cmTC_570ee
/uufs/chpc.utah.edu/sys/installdir/cmake/3.11.2/bin/cmake -E cmake_link_script CMakeFiles/cmTC_570ee.dir/link.txt --verbose=1
/uufs/chpc.utah.edu/sys/installdir/gcc/8.1.0/bin/c++       CMakeFiles/cmTC_570ee.dir/feature_tests.cxx.o  -o cmTC_570ee 
gmake[1]: Leaving directory `/uufs/chpc.utah.edu/common/home/stoll-group3/lucasulmer/QES-Winds/buildPIV/CMakeFiles/CMakeTmp'


    Feature record: CXX_FEATURE:1cxx_aggregate_default_initializers
    Feature record: CXX_FEATURE:1cxx_alias_templates
    Feature record: CXX_FEATURE:1cxx_alignas
    Feature record: CXX_FEATURE:1cxx_alignof
    Feature record: CXX_FEATURE:1cxx_attributes
    Feature record: CXX_FEATURE:1cxx_attribute_deprecated
    Feature record: CXX_FEATURE:1cxx_auto_type
    Feature record: CXX_FEATURE:1cxx_binary_literals
    Feature record: CXX_FEATURE:1cxx_constexpr
    Feature record: CXX_FEATURE:1cxx_contextual_conversions
    Feature record: CXX_FEATURE:1cxx_decltype
    Feature record: CXX_FEATURE:1cxx_decltype_auto
    Feature record: CXX_FEATURE:1cxx_decltype_incomplete_return_types
    Feature record: CXX_FEATURE:1cxx_default_function_template_args
    Feature record: CXX_FEATURE:1cxx_defaulted_functions
    Feature record: CXX_FEATURE:1cxx_defaulted_move_initializers
    Feature record: CXX_FEATURE:1cxx_delegating_constructors
    Feature record: CXX_FEATURE:1cxx_deleted_functions
    Feature record: CXX_FEATURE:1cxx_digit_separators
    Feature record: CXX_FEATURE:1cxx_enum_forward_declarations
    Feature record: CXX_FEATURE:1cxx_explicit_conversions
    Feature record: CXX_FEATURE:1cxx_extended_friend_declarations
    Feature record: CXX_FEATURE:1cxx_extern_templates
    Feature record: CXX_FEATURE:1cxx_final
    Feature record: CXX_FEATURE:1cxx_func_identifier
    Feature record: CXX_FEATURE:1cxx_generalized_initializers
    Feature record: CXX_FEATURE:1cxx_generic_lambdas
    Feature record: CXX_FEATURE:1cxx_inheriting_constructors
    Feature record: CXX_FEATURE:1cxx_inline_namespaces
    Feature record: CXX_FEATURE:1cxx_lambdas
    Feature record: CXX_FEATURE:1cxx_lambda_init_captures
    Feature record: CXX_FEATURE:1cxx_local_type_template_args
    Feature record: CXX_FEATURE:1cxx_long_long_type
    Feature record: CXX_FEATURE:1cxx_noexcept
    Feature record: CXX_FEATURE:1cxx_nonstatic_member_init
    Feature record: CXX_FEATURE:1cxx_nullptr
    Feature record: CXX_FEATURE:1cxx_override
    Feature record: CXX_FEATURE:1cxx_range_for
    Feature record: CXX_FEATURE:1cxx_raw_string_literals
    Feature record: CXX_FEATURE:1cxx_reference_qualified_functions
    Feature record: CXX_FEATURE:1cxx_relaxed_constexpr
    Feature record: CXX_FEATURE:1cxx_return_type_deduction
    Feature record: CXX_FEATURE:1cxx_right_angle_brackets
    Feature record: CXX_FEATURE:1cxx_rvalue_references
    Feature record: CXX_FEATURE:1cxx_sizeof_member
    Feature record: CXX_FEATURE:1cxx_static_assert
    Feature record: CXX_FEATURE:1cxx_strong_enums
    Feature record: CXX_FEATURE:1cxx_template_template_parameters
    Feature record: CXX_FEATURE:1cxx_thread_local
    Feature record: CXX_FEATURE:1cxx_trailing_return_types
    Feature record: CXX_FEATURE:1cxx_unicode_literals
    Feature record: CXX_FEATURE:1cxx_uniform_initialization
    Feature record: CXX_FEATURE:1cxx_unrestricted_unions
    Feature record: CXX_FEATURE:1cxx_user_literals
    Feature record: CXX_FEATURE:1cxx_variable_templates
    Feature record: CXX_FEATURE:1cxx_variadic_macros
    Feature record: CXX_FEATURE:1cxx_variadic_templates


Detecting CXX [-std=c++11] compiler features compiled with the following output:
Change Dir: /uufs/chpc.utah.edu/common/home/stoll-group3/lucasulmer/QES-Winds/buildPIV/CMakeFiles/CMakeTmp

Run Build Command:"/bin/gmake" "cmTC_0a370/fast"
/bin/gmake -f CMakeFiles/cmTC_0a370.dir/build.make CMakeFiles/cmTC_0a370.dir/build
gmake[1]: Entering directory `/uufs/chpc.utah.edu/common/home/stoll-group3/lucasulmer/QES-Winds/buildPIV/CMakeFiles/CMakeTmp'
Building CXX object CMakeFiles/cmTC_0a370.dir/feature_tests.cxx.o
/uufs/chpc.utah.edu/sys/installdir/gcc/8.1.0/bin/c++    -std=c++11 -o CMakeFiles/cmTC_0a370.dir/feature_tests.cxx.o -c /uufs/chpc.utah.edu/common/home/stoll-group3/lucasulmer/QES-Winds/buildPIV/CMakeFiles/feature_tests.cxx
Linking CXX executable cmTC_0a370
/uufs/chpc.utah.edu/sys/installdir/cmake/3.11.2/bin/cmake -E cmake_link_script CMakeFiles/cmTC_0a370.dir/link.txt --verbose=1
/uufs/chpc.utah.edu/sys/installdir/gcc/8.1.0/bin/c++       CMakeFiles/cmTC_0a370.dir/feature_tests.cxx.o  -o cmTC_0a370 
gmake[1]: Leaving directory `/uufs/chpc.utah.edu/common/home/stoll-group3/lucasulmer/QES-Winds/buildPIV/CMakeFiles/CMakeTmp'


    Feature record: CXX_FEATURE:0cxx_aggregate_default_initializers
    Feature record: CXX_FEATURE:1cxx_alias_templates
    Feature record: CXX_FEATURE:1cxx_alignas
    Feature record: CXX_FEATURE:1cxx_alignof
    Feature record: CXX_FEATURE:1cxx_attributes
    Feature record: CXX_FEATURE:0cxx_attribute_deprecated
    Feature record: CXX_FEATURE:1cxx_auto_type
    Feature record: CXX_FEATURE:0cxx_binary_literals
    Feature record: CXX_FEATURE:1cxx_constexpr
    Feature record: CXX_FEATURE:0cxx_contextual_conversions
    Feature record: CXX_FEATURE:1cxx_decltype
    Feature record: CXX_FEATURE:0cxx_decltype_auto
    Feature record: CXX_FEATURE:1cxx_decltype_incomplete_return_types
    Feature record: CXX_FEATURE:1cxx_default_function_template_args
    Feature record: CXX_FEATURE:1cxx_defaulted_functions
    Feature record: CXX_FEATURE:1cxx_defaulted_move_initializers
    Feature record: CXX_FEATURE:1cxx_delegating_constructors
    Feature record: CXX_FEATURE:1cxx_deleted_functions
    Feature record: CXX_FEATURE:0cxx_digit_separators
    Feature record: CXX_FEATURE:1cxx_enum_forward_declarations
    Feature record: CXX_FEATURE:1cxx_explicit_conversions
    Feature record: CXX_FEATURE:1cxx_extended_friend_declarations
    Feature record: CXX_FEATURE:1cxx_extern_templates
    Feature record: CXX_FEATURE:1cxx_final
    Feature record: CXX_FEATURE:1cxx_func_identifier
    Feature record: CXX_FEATURE:1cxx_generalized_initializers
    Feature record: CXX_FEATURE:0cxx_generic_lambdas
    Feature record: CXX_FEATURE:1cxx_inheriting_constructors
    Feature record: CXX_FEATURE:1cxx_inline_namespaces
    Feature record: CXX_FEATURE:1cxx_lambdas
    Feature record: CXX_FEATURE:0cxx_lambda_init_captures
    Feature record: CXX_FEATURE:1cxx_local_type_template_args
    Feature record: CXX_FEATURE:1cxx_long_long_type
    Feature record: CXX_FEATURE:1cxx_noexcept
    Feature record: CXX_FEATURE:1cxx_nonstatic_member_init
    Feature record: CXX_FEATURE:1cxx_nullptr
    Feature record: CXX_FEATURE:1cxx_override
    Feature record: CXX_FEATURE:1cxx_range_for
    Feature record: CXX_FEATURE:1cxx_raw_string_literals
    Feature record: CXX_FEATURE:1cxx_reference_qualified_functions
    Feature record: CXX_FEATURE:0cxx_relaxed_constexpr
    Feature record: CXX_FEATURE:0cxx_return_type_deduction
    Feature record: CXX_FEATURE:1cxx_right_angle_brackets
    Feature record: CXX_FEATURE:1cxx_rvalue_references
    Feature record: CXX_FEATURE:1cxx_sizeof_member
    Feature record: CXX_FEATURE:1cxx_static_assert
    Feature record: CXX_FEATURE:1cxx_strong_enums
    Feature record: CXX_FEATURE:1cxx_template_template_parameters
    Feature record: CXX_FEATURE:1cxx_thread_local
    Feature record: CXX_FEATURE:1cxx_trailing_return_types
    Feature record: CXX_FEATURE:1cxx_unicode_literals
    Feature record: CXX_FEATURE:1cxx_uniform_initialization
    Feature record: CXX_FEATURE:1cxx_unrestricted_unions
    Feature record: CXX_FEATURE:1cxx_user_literals
    Feature record: CXX_FEATURE:0cxx_variable_templates
    Feature record: CXX_FEATURE:1cxx_variadic_macros
    Feature record: CXX_FEATURE:1cxx_variadic_templates


Detecting CXX [-std=c++98] compiler features compiled with the following output:
Change Dir: /uufs/chpc.utah.edu/common/home/stoll-group3/lucasulmer/QES-Winds/buildPIV/CMakeFiles/CMakeTmp

Run Build Command:"/bin/gmake" "cmTC_fd50e/fast"
/bin/gmake -f CMakeFiles/cmTC_fd50e.dir/build.make CMakeFiles/cmTC_fd50e.dir/build
gmake[1]: Entering directory `/uufs/chpc.utah.edu/common/home/stoll-group3/lucasulmer/QES-Winds/buildPIV/CMakeFiles/CMakeTmp'
Building CXX object CMakeFiles/cmTC_fd50e.dir/feature_tests.cxx.o
/uufs/chpc.utah.edu/sys/installdir/gcc/8.1.0/bin/c++    -std=c++98 -o CMakeFiles/cmTC_fd50e.dir/feature_tests.cxx.o -c /uufs/chpc.utah.edu/common/home/stoll-group3/lucasulmer/QES-Winds/buildPIV/CMakeFiles/feature_tests.cxx
Linking CXX executable cmTC_fd50e
/uufs/chpc.utah.edu/sys/installdir/cmake/3.11.2/bin/cmake -E cmake_link_script CMakeFiles/cmTC_fd50e.dir/link.txt --verbose=1
/uufs/chpc.utah.edu/sys/installdir/gcc/8.1.0/bin/c++       CMakeFiles/cmTC_fd50e.dir/feature_tests.cxx.o  -o cmTC_fd50e 
gmake[1]: Leaving directory `/uufs/chpc.utah.edu/common/home/stoll-group3/lucasulmer/QES-Winds/buildPIV/CMakeFiles/CMakeTmp'


    Feature record: CXX_FEATURE:0cxx_aggregate_default_initializers
    Feature record: CXX_FEATURE:0cxx_alias_templates
    Feature record: CXX_FEATURE:0cxx_alignas
    Feature record: CXX_FEATURE:0cxx_alignof
    Feature record: CXX_FEATURE:0cxx_attributes
    Feature record: CXX_FEATURE:0cxx_attribute_deprecated
    Feature record: CXX_FEATURE:0cxx_auto_type
    Feature record: CXX_FEATURE:0cxx_binary_literals
    Feature record: CXX_FEATURE:0cxx_constexpr
    Feature record: CXX_FEATURE:0cxx_contextual_conversions
    Feature record: CXX_FEATURE:0cxx_decltype
    Feature record: CXX_FEATURE:0cxx_decltype_auto
    Feature record: CXX_FEATURE:0cxx_decltype_incomplete_return_types
    Feature record: CXX_FEATURE:0cxx_default_function_template_args
    Feature record: CXX_FEATURE:0cxx_defaulted_functions
    Feature record: CXX_FEATURE:0cxx_defaulted_move_initializers
    Feature record: CXX_FEATURE:0cxx_delegating_constructors
    Feature record: CXX_FEATURE:0cxx_deleted_functions
    Feature record: CXX_FEATURE:0cxx_digit_separators
    Feature record: CXX_FEATURE:0cxx_enum_forward_declarations
    Feature record: CXX_FEATURE:0cxx_explicit_conversions
    Feature record: CXX_FEATURE:0cxx_extended_friend_declarations
    Feature record: CXX_FEATURE:0cxx_extern_templates
    Feature record: CXX_FEATURE:0cxx_final
    Feature record: CXX_FEATURE:0cxx_func_identifier
    Feature record: CXX_FEATURE:0cxx_generalized_initializers
    Feature record: CXX_FEATURE:0cxx_generic_lambdas
    Feature record: CXX_FEATURE:0cxx_inheriting_constructors
    Feature record: CXX_FEATURE:0cxx_inline_namespaces
    Feature record: CXX_FEATURE:0cxx_lambdas
    Feature record: CXX_FEATURE:0cxx_lambda_init_captures
    Feature record: CXX_FEATURE:0cxx_local_type_template_args
    Feature record: CXX_FEATURE:0cxx_long_long_type
    Feature record: CXX_FEATURE:0cxx_noexcept
    Feature record: CXX_FEATURE:0cxx_nonstatic_member_init
    Feature record: CXX_FEATURE:0cxx_nullptr
    Feature record: CXX_FEATURE:0cxx_override
    Feature record: CXX_FEATURE:0cxx_range_for
    Feature record: CXX_FEATURE:0cxx_raw_string_literals
    Feature record: CXX_FEATURE:0cxx_reference_qualified_functions
    Feature record: CXX_FEATURE:0cxx_relaxed_constexpr
    Feature record: CXX_FEATURE:0cxx_return_type_deduction
    Feature record: CXX_FEATURE:0cxx_right_angle_brackets
    Feature record: CXX_FEATURE:0cxx_rvalue_references
    Feature record: CXX_FEATURE:0cxx_sizeof_member
    Feature record: CXX_FEATURE:0cxx_static_assert
    Feature record: CXX_FEATURE:0cxx_strong_enums
    Feature record: CXX_FEATURE:1cxx_template_template_parameters
    Feature record: CXX_FEATURE:0cxx_thread_local
    Feature record: CXX_FEATURE:0cxx_trailing_return_types
    Feature record: CXX_FEATURE:0cxx_unicode_literals
    Feature record: CXX_FEATURE:0cxx_uniform_initialization
    Feature record: CXX_FEATURE:0cxx_unrestricted_unions
    Feature record: CXX_FEATURE:0cxx_user_literals
    Feature record: CXX_FEATURE:0cxx_variable_templates
    Feature record: CXX_FEATURE:0cxx_variadic_macros
    Feature record: CXX_FEATURE:0cxx_variadic_templates
