Performing C SOURCE FILE Test CMAKE_HAVE_LIBC_PTHREAD failed with the following output:
Change Dir: /uufs/chpc.utah.edu/common/home/stoll-group3/lucasulmer/QES-Winds/build/CMakeFiles/CMakeTmp

Run Build Command(s):/bin/gmake cmTC_8bb6d/fast && /bin/gmake -f CMakeFiles/cmTC_8bb6d.dir/build.make CMakeFiles/cmTC_8bb6d.dir/build
gmake[1]: Entering directory `/uufs/chpc.utah.edu/common/home/stoll-group3/lucasulmer/QES-Winds/build/CMakeFiles/CMakeTmp'
Building C object CMakeFiles/cmTC_8bb6d.dir/src.c.o
/uufs/chpc.utah.edu/sys/installdir/gcc/8.1.0/bin/gcc   -DCMAKE_HAVE_LIBC_PTHREAD   -o CMakeFiles/cmTC_8bb6d.dir/src.c.o   -c /uufs/chpc.utah.edu/common/home/stoll-group3/lucasulmer/QES-Winds/build/CMakeFiles/CMakeTmp/src.c
Linking C executable cmTC_8bb6d
/uufs/chpc.utah.edu/sys/installdir/cmake/3.15.3/bin/cmake -E cmake_link_script CMakeFiles/cmTC_8bb6d.dir/link.txt --verbose=1
/uufs/chpc.utah.edu/sys/installdir/gcc/8.1.0/bin/gcc  -DCMAKE_HAVE_LIBC_PTHREAD    CMakeFiles/cmTC_8bb6d.dir/src.c.o  -o cmTC_8bb6d 
CMakeFiles/cmTC_8bb6d.dir/src.c.o: In function `main':
src.c:(.text+0x2d): undefined reference to `pthread_create'
src.c:(.text+0x39): undefined reference to `pthread_detach'
src.c:(.text+0x4a): undefined reference to `pthread_join'
src.c:(.text+0x5e): undefined reference to `pthread_atfork'
collect2: error: ld returned 1 exit status
gmake[1]: *** [cmTC_8bb6d] Error 1
gmake[1]: Leaving directory `/uufs/chpc.utah.edu/common/home/stoll-group3/lucasulmer/QES-Winds/build/CMakeFiles/CMakeTmp'
gmake: *** [cmTC_8bb6d/fast] Error 2


Source file was:
#include <pthread.h>

void* test_func(void* data)
{
  return data;
}

int main(void)
{
  pthread_t thread;
  pthread_create(&thread, NULL, test_func, NULL);
  pthread_detach(thread);
  pthread_join(thread, NULL);
  pthread_atfork(NULL, NULL, NULL);
  pthread_exit(NULL);

  return 0;
}

Determining if the function pthread_create exists in the pthreads failed with the following output:
Change Dir: /uufs/chpc.utah.edu/common/home/stoll-group3/lucasulmer/QES-Winds/build/CMakeFiles/CMakeTmp

Run Build Command(s):/bin/gmake cmTC_7465f/fast && /bin/gmake -f CMakeFiles/cmTC_7465f.dir/build.make CMakeFiles/cmTC_7465f.dir/build
gmake[1]: Entering directory `/uufs/chpc.utah.edu/common/home/stoll-group3/lucasulmer/QES-Winds/build/CMakeFiles/CMakeTmp'
Building C object CMakeFiles/cmTC_7465f.dir/CheckFunctionExists.c.o
/uufs/chpc.utah.edu/sys/installdir/gcc/8.1.0/bin/gcc   -DCHECK_FUNCTION_EXISTS=pthread_create   -o CMakeFiles/cmTC_7465f.dir/CheckFunctionExists.c.o   -c /uufs/chpc.utah.edu/sys/installdir/cmake/3.15.3/share/cmake-3.15/Modules/CheckFunctionExists.c
Linking C executable cmTC_7465f
/uufs/chpc.utah.edu/sys/installdir/cmake/3.15.3/bin/cmake -E cmake_link_script CMakeFiles/cmTC_7465f.dir/link.txt --verbose=1
/uufs/chpc.utah.edu/sys/installdir/gcc/8.1.0/bin/gcc  -DCHECK_FUNCTION_EXISTS=pthread_create    CMakeFiles/cmTC_7465f.dir/CheckFunctionExists.c.o  -o cmTC_7465f -lpthreads 
/bin/ld: cannot find -lpthreads
collect2: error: ld returned 1 exit status
gmake[1]: *** [cmTC_7465f] Error 1
gmake[1]: Leaving directory `/uufs/chpc.utah.edu/common/home/stoll-group3/lucasulmer/QES-Winds/build/CMakeFiles/CMakeTmp'
gmake: *** [cmTC_7465f/fast] Error 2



Determining if the pthread_create exist failed with the following output:
Change Dir: /uufs/chpc.utah.edu/common/home/stoll-group3/lucasulmer/QES-Winds/buildPIV/CMakeFiles/CMakeTmp

Run Build Command:"/bin/gmake" "cmTC_cc0f8/fast"
/bin/gmake -f CMakeFiles/cmTC_cc0f8.dir/build.make CMakeFiles/cmTC_cc0f8.dir/build
gmake[1]: Entering directory `/uufs/chpc.utah.edu/common/home/stoll-group3/lucasulmer/QES-Winds/buildPIV/CMakeFiles/CMakeTmp'
Building C object CMakeFiles/cmTC_cc0f8.dir/CheckSymbolExists.c.o
/uufs/chpc.utah.edu/sys/installdir/gcc/5.4.0-c7/bin/gcc    -o CMakeFiles/cmTC_cc0f8.dir/CheckSymbolExists.c.o   -c /uufs/chpc.utah.edu/common/home/stoll-group3/lucasulmer/QES-Winds/buildPIV/CMakeFiles/CMakeTmp/CheckSymbolExists.c
Linking C executable cmTC_cc0f8
/uufs/chpc.utah.edu/sys/installdir/cmake/3.11.2/bin/cmake -E cmake_link_script CMakeFiles/cmTC_cc0f8.dir/link.txt --verbose=1
/uufs/chpc.utah.edu/sys/installdir/gcc/5.4.0-c7/bin/gcc      CMakeFiles/cmTC_cc0f8.dir/CheckSymbolExists.c.o  -o cmTC_cc0f8 
CMakeFiles/cmTC_cc0f8.dir/CheckSymbolExists.c.o: In function `main':
CheckSymbolExists.c:(.text+0x16): undefined reference to `pthread_create'
collect2: error: ld returned 1 exit status
gmake[1]: *** [cmTC_cc0f8] Error 1
gmake[1]: Leaving directory `/uufs/chpc.utah.edu/common/home/stoll-group3/lucasulmer/QES-Winds/buildPIV/CMakeFiles/CMakeTmp'
gmake: *** [cmTC_cc0f8/fast] Error 2

File /uufs/chpc.utah.edu/common/home/stoll-group3/lucasulmer/QES-Winds/buildPIV/CMakeFiles/CMakeTmp/CheckSymbolExists.c:
/* */
#include <pthread.h>

int main(int argc, char** argv)
{
  (void)argv;
#ifndef pthread_create
  return ((int*)(&pthread_create))[argc];
#else
  (void)argc;
  return 0;
#endif
}

