Determining if the pthread_create exist failed with the following output:
Change Dir: /home/behnam/Desktop/SOR/Shared memory/CMakeFiles/CMakeTmp

Run Build Command:"/usr/bin/make" "cmTC_c6961/fast"
/usr/bin/make -f CMakeFiles/cmTC_c6961.dir/build.make CMakeFiles/cmTC_c6961.dir/build
make[1]: Entering directory '/home/behnam/Desktop/SOR/Shared memory/CMakeFiles/CMakeTmp'
Building C object CMakeFiles/cmTC_c6961.dir/CheckSymbolExists.c.o
/usr/bin/cc   -fPIC    -o CMakeFiles/cmTC_c6961.dir/CheckSymbolExists.c.o   -c "/home/behnam/Desktop/SOR/Shared memory/CMakeFiles/CMakeTmp/CheckSymbolExists.c"
Linking C executable cmTC_c6961
/usr/local/bin/cmake -E cmake_link_script CMakeFiles/cmTC_c6961.dir/link.txt --verbose=1
/usr/bin/cc -fPIC     CMakeFiles/cmTC_c6961.dir/CheckSymbolExists.c.o  -o cmTC_c6961 
CMakeFiles/cmTC_c6961.dir/CheckSymbolExists.c.o: In function `main':
CheckSymbolExists.c:(.text+0x1b): undefined reference to `pthread_create'
collect2: error: ld returned 1 exit status
CMakeFiles/cmTC_c6961.dir/build.make:86: recipe for target 'cmTC_c6961' failed
make[1]: *** [cmTC_c6961] Error 1
make[1]: Leaving directory '/home/behnam/Desktop/SOR/Shared memory/CMakeFiles/CMakeTmp'
Makefile:126: recipe for target 'cmTC_c6961/fast' failed
make: *** [cmTC_c6961/fast] Error 2

File /home/behnam/Desktop/SOR/Shared memory/CMakeFiles/CMakeTmp/CheckSymbolExists.c:
/* */
#include <pthread.h>

int main(int argc, char** argv)
{
  (void)argv;
#ifndef pthread_create
  return ((int*)(&pthread_create))[argc];
#else
  (void)argc;
  return 0;
#endif
}

Determining if the function pthread_create exists in the pthreads failed with the following output:
Change Dir: /home/behnam/Desktop/SOR/Shared memory/CMakeFiles/CMakeTmp

Run Build Command:"/usr/bin/make" "cmTC_38db1/fast"
/usr/bin/make -f CMakeFiles/cmTC_38db1.dir/build.make CMakeFiles/cmTC_38db1.dir/build
make[1]: Entering directory '/home/behnam/Desktop/SOR/Shared memory/CMakeFiles/CMakeTmp'
Building C object CMakeFiles/cmTC_38db1.dir/CheckFunctionExists.c.o
/usr/bin/cc   -fPIC -DCHECK_FUNCTION_EXISTS=pthread_create   -o CMakeFiles/cmTC_38db1.dir/CheckFunctionExists.c.o   -c /usr/local/share/cmake-3.11/Modules/CheckFunctionExists.c
Linking C executable cmTC_38db1
/usr/local/bin/cmake -E cmake_link_script CMakeFiles/cmTC_38db1.dir/link.txt --verbose=1
/usr/bin/cc -fPIC -DCHECK_FUNCTION_EXISTS=pthread_create    CMakeFiles/cmTC_38db1.dir/CheckFunctionExists.c.o  -o cmTC_38db1 -lpthreads 
/usr/bin/ld: cannot find -lpthreads
collect2: error: ld returned 1 exit status
CMakeFiles/cmTC_38db1.dir/build.make:86: recipe for target 'cmTC_38db1' failed
make[1]: *** [cmTC_38db1] Error 1
make[1]: Leaving directory '/home/behnam/Desktop/SOR/Shared memory/CMakeFiles/CMakeTmp'
Makefile:126: recipe for target 'cmTC_38db1/fast' failed
make: *** [cmTC_38db1/fast] Error 2


