stack size              (kbytes, -s) unlimited
###################################################################
#                                                                 #
#                        Welcome to QES                           #
#                                                                 #
###################################################################
Version: v2.1.0
	* CUDA support available!
	* OptiX is available!
###################################################################
qesWindsParamFile set to ../data/InputFiles/fireMarshallTime.xml
Solving with: Global memory solver (GPU)
Visualization NetCDF output file set to /uufs/chpc.utah.edu/common/home/u0004440/../stoll-groupbig/moody/Marshall/Force_windsOut.nc
Fire NetCDF output file set to /uufs/chpc.utah.edu/common/home/u0004440/../stoll-groupbig/moody/Marshall/Force_fireOutput.nc
-------------------------------------------------------------------
[QES-WINDS]	 Initialization of wind model...
[QES-WINDS]	 Sensors have been loaded (total sensors = 2).
[QES-WINDS]	 Allocation Memory...[QES-WINDS]	 Allocation Memory... [DONE]
[QES-WINDS]	 Defining solid walls...[QES-WINDS]	 Defining solid walls... [DONE]
		 elapsed time: 0.0729322 s
[NetCDFOutput] 	 Writing to /uufs/chpc.utah.edu/common/home/u0004440/../stoll-groupbig/moody/Marshall/Force_windsOut.nc
[Output] 	 Getting output fields for Vizualization file
Run Global Memory Solver (GPU) ...
-------------------------------------------------------------------
[Solver]	 Initializing Global Memory Solver (GPU) ...
Field flag [2]
L2F burn times read
ignition [0]
burn initialized
level set initialized
[QES-Fire] LS	 Elapsed time: 2.75982 s
slope calculated
Extracting fuel data from /uufs/chpc.utah.edu/common/home/u0004440/QES-Winds/data/FireFiles/MarshallFuel_edit.tif
PROJCS["NAD83 / New Hampshire",GEOGCS["NAD83",DATUM["North_American_Datum_1983",SPHEROID["GRS 1980",6378137,298.257222101,AUTHORITY["EPSG","7019"]],AUTHORITY["EPSG","6269"]],PRIMEM["Greenwich",0,AUTHORITY["EPSG","8901"]],UNIT["degree",0.0174532925199433,AUTHORITY["EPSG","9122"]],AUTHORITY["EPSG","4269"]],PROJECTION["Transverse_Mercator"],PARAMETER["latitude_of_origin",42.5],PARAMETER["central_meridian",-71.6666666666667],PARAMETER["scale_factor",0.999966667],PARAMETER["false_easting",300000],PARAMETER["false_northing",0],UNIT["metre",1,AUTHORITY["EPSG","9001"]],AXIS["Easting",EAST],AXIS["Northing",NORTH],AUTHORITY["EPSG","32110"]]
Fuel Domain Origin = (479768,4.4263e+06)
Fuel Pixel Size = (30,-30)
Fuel file size is 254x213
xStride = 1, yStride = 1
Fuel set
[NetCDFOutput] 	 Writing to /uufs/chpc.utah.edu/common/home/u0004440/../stoll-groupbig/moody/Marshall/Force_fireOutput.nc
[FireOutput] set up NetCDF file /uufs/chpc.utah.edu/common/home/u0004440/../stoll-groupbig/moody/Marshall/Force_fireOutput.nc
dimensions added
burn added
----------------------------------------
New Sensor Data
index = 0
----------------------------------------
[QES-WINDS]	 Applying Wind Profile...
Elapsed time for Barnes interpolation on GPU: 0.409159 s
		 elapsed time: 0.409476 s
[QES-WINDS]	 Applying parameterizations...
		 elapsed time: 0.00147797 s
[Solver] Running Global Memory Solver (GPU) ...
[Solver] Residual after 500 itertations: 0.002704382
		 Elapsed time: 0.666295 s
Solver done!
[QES-WINDS]	 Applying Wind Profile...
Elapsed time for Barnes interpolation on GPU: 0.0134088 s
		 elapsed time: 0.0136848 s
[QES-Fire] LS	 Elapsed time: 0.0232722 s
max ROS = 0.0139988
dt = 60 s
[QES-Fire] Pot	 Elapsed time: 6.70565 s
[QES-WINDS]	 Applying parameterizations...
		 elapsed time: 0.00146841 s
[Solver] Running Global Memory Solver (GPU) ...
[Solver] Residual after 500 itertations: 0.016981125
		 Elapsed time: 0.709186 s
[QES-Fire] LS	 Elapsed time: 0.0426385 s
max ROS = 2.4389
dt = 7.38038 s
[QES-Fire] Advance	 Elapsed time: 0.00040419 s
time = 2021-12-31T11:04:07.380000
[QES-WINDS]	 Applying Wind Profile...
Elapsed time for Barnes interpolation on GPU: 0.0153329 s
		 elapsed time: 0.0156255 s
[QES-Fire] LS	 Elapsed time: 0.0427974 s
max ROS = 2.4389
dt = 7.38038 s
[QES-Fire] Pot	 Elapsed time: 6.69282 s
[QES-WINDS]	 Applying parameterizations...
		 elapsed time: 0.00147744 s
[Solver] Running Global Memory Solver (GPU) ...
[Solver] Residual after 500 itertations: 0.043876648
		 Elapsed time: 0.708603 s
[QES-Fire] LS	 Elapsed time: 0.042493 s
max ROS = 2.48591
dt = 7.24081 s
[QES-Fire] Advance	 Elapsed time: 0.00040672 s
time = 2021-12-31T11:04:14.621000
[QES-WINDS]	 Applying Wind Profile...
Elapsed time for Barnes interpolation on GPU: 0.0140283 s
		 elapsed time: 0.0143204 s
[QES-Fire] LS	 Elapsed time: 0.0426099 s
max ROS = 2.48591
dt = 7.24081 s
[QES-Fire] Pot	 Elapsed time: 6.6944 s
[QES-WINDS]	 Applying parameterizations...
		 elapsed time: 0.0014685 s
[Solver] Running Global Memory Solver (GPU) ...
[Solver] Residual after 500 itertations: 0.043880463
		 Elapsed time: 0.711238 s
[QES-Fire] LS	 Elapsed time: 0.042521 s
max ROS = 2.48592
dt = 7.24079 s
[QES-Fire] Advance	 Elapsed time: 0.000404439 s
time = 2021-12-31T11:04:21.862000
[QES-WINDS]	 Applying Wind Profile...
Elapsed time for Barnes interpolation on GPU: 0.015392 s
		 elapsed time: 0.015683 s
[QES-Fire] LS	 Elapsed time: 0.0425795 s
max ROS = 2.48592
dt = 7.24079 s
[QES-Fire] Pot	 Elapsed time: 6.68655 s
[QES-WINDS]	 Applying parameterizations...
		 elapsed time: 0.00146952 s
[Solver] Running Global Memory Solver (GPU) ...
[Solver] Residual after 500 itertations: 0.043880463
		 Elapsed time: 0.711698 s
[QES-Fire] LS	 Elapsed time: 0.0424636 s
max ROS = 2.48592
dt = 7.24079 s
[QES-Fire] Advance	 Elapsed time: 0.00040527 s
time = 2021-12-31T11:04:29.103000
[QES-WINDS]	 Applying Wind Profile...
Elapsed time for Barnes interpolation on GPU: 0.0147925 s
		 elapsed time: 0.0150857 s
[QES-Fire] LS	 Elapsed time: 0.0425374 s
max ROS = 2.48592
dt = 7.24079 s
[QES-Fire] Pot	 Elapsed time: 6.68979 s
[QES-WINDS]	 Applying parameterizations...
		 elapsed time: 0.00147592 s
[Solver] Running Global Memory Solver (GPU) ...
[Solver] Residual after 500 itertations: 0.043880463
		 Elapsed time: 0.711002 s
[QES-Fire] LS	 Elapsed time: 0.0424533 s
max ROS = 2.48591
dt = 7.2408 s
[QES-Fire] Advance	 Elapsed time: 0.00040428 s
time = 2021-12-31T11:04:36.344000
[QES-WINDS]	 Applying Wind Profile...
Elapsed time for Barnes interpolation on GPU: 0.0175409 s
		 elapsed time: 0.0178284 s
[QES-Fire] LS	 Elapsed time: 0.0424864 s
max ROS = 2.48591
dt = 7.2408 s
[QES-Fire] Pot	 Elapsed time: 6.71147 s
[QES-WINDS]	 Applying parameterizations...
		 elapsed time: 0.00147514 s
[Solver] Running Global Memory Solver (GPU) ...
[Solver] Residual after 500 itertations: 0.043884277
		 Elapsed time: 0.711957 s
[QES-Fire] LS	 Elapsed time: 0.0423341 s
max ROS = 2.48591
dt = 7.24081 s
[QES-Fire] Advance	 Elapsed time: 0.00040442 s
time = 2021-12-31T11:04:43.585000
[QES-WINDS]	 Applying Wind Profile...
Elapsed time for Barnes interpolation on GPU: 0.0140434 s
		 elapsed time: 0.014342 s
[QES-Fire] LS	 Elapsed time: 0.0423919 s
max ROS = 2.48591
dt = 7.24081 s
[QES-Fire] Pot	 Elapsed time: 6.70154 s
[QES-WINDS]	 Applying parameterizations...
		 elapsed time: 0.00146508 s
[Solver] Running Global Memory Solver (GPU) ...
[Solver] Residual after 500 itertations: 0.043876648
		 Elapsed time: 0.711613 s
[QES-Fire] LS	 Elapsed time: 0.0422021 s
max ROS = 2.48591
dt = 7.24082 s
[QES-Fire] Advance	 Elapsed time: 0.000404499 s
time = 2021-12-31T11:04:50.826000
[QES-WINDS]	 Applying Wind Profile...
Elapsed time for Barnes interpolation on GPU: 0.0160843 s
		 elapsed time: 0.016375 s
[QES-Fire] LS	 Elapsed time: 0.0423541 s
max ROS = 2.48591
dt = 7.24082 s
[QES-Fire] Pot	 Elapsed time: 7.37824 s
[QES-WINDS]	 Applying parameterizations...
		 elapsed time: 0.0014662 s
[Solver] Running Global Memory Solver (GPU) ...
[Solver] Residual after 500 itertations: 0.044067383
		 Elapsed time: 0.708836 s
[QES-Fire] LS	 Elapsed time: 0.041998 s
max ROS = 2.51181
dt = 7.16616 s
[QES-Fire] Advance	 Elapsed time: 0.00040947 s
time = 2021-12-31T11:04:57.992000
[QES-WINDS]	 Applying Wind Profile...
Elapsed time for Barnes interpolation on GPU: 0.0140644 s
		 elapsed time: 0.0143508 s
[QES-Fire] LS	 Elapsed time: 0.0420826 s
max ROS = 2.51181
dt = 7.16616 s
[QES-Fire] Pot	 Elapsed time: 7.74411 s
[QES-WINDS]	 Applying parameterizations...
		 elapsed time: 0.00149128 s
[Solver] Running Global Memory Solver (GPU) ...
[Solver] Residual after 500 itertations: 0.043991089
		 Elapsed time: 0.709424 s
[QES-Fire] LS	 Elapsed time: 0.0419009 s
max ROS = 2.52243
dt = 7.13598 s
[QES-Fire] Advance	 Elapsed time: 0.00042311 s
time = 2021-12-31T11:05:05.128000
[QES-WINDS]	 Applying Wind Profile...
Elapsed time for Barnes interpolation on GPU: 0.0142087 s
		 elapsed time: 0.0145005 s
[QES-Fire] LS	 Elapsed time: 0.0419559 s
max ROS = 2.52243
dt = 7.13598 s
[QES-Fire] Pot	 Elapsed time: 8.07776 s
[QES-WINDS]	 Applying parameterizations...
		 elapsed time: 0.00147666 s
[Solver] Running Global Memory Solver (GPU) ...
[Solver] Residual after 500 itertations: 0.043834686
		 Elapsed time: 0.708687 s
[QES-Fire] LS	 Elapsed time: 0.0417288 s
max ROS = 2.53512
dt = 7.10026 s
[QES-Fire] Advance	 Elapsed time: 0.000406659 s
time = 2021-12-31T11:05:12.228000
[QES-WINDS]	 Applying Wind Profile...
Elapsed time for Barnes interpolation on GPU: 0.0165346 s
		 elapsed time: 0.0168248 s
[QES-Fire] LS	 Elapsed time: 0.0423255 s
max ROS = 2.53512
dt = 7.10026 s
[QES-Fire] Pot	 Elapsed time: 8.0807 s
[QES-WINDS]	 Applying parameterizations...
		 elapsed time: 0.00147454 s
[Solver] Running Global Memory Solver (GPU) ...
[Solver] Residual after 500 itertations: 0.043834686
		 Elapsed time: 0.71068 s
[QES-Fire] LS	 Elapsed time: 0.0419939 s
max ROS = 2.53512
dt = 7.10025 s
[QES-Fire] Advance	 Elapsed time: 0.000400229 s
time = 2021-12-31T11:05:19.328000
[QES-WINDS]	 Applying Wind Profile...
Elapsed time for Barnes interpolation on GPU: 0.0140622 s
		 elapsed time: 0.0143522 s
[QES-Fire] LS	 Elapsed time: 0.0417473 s
max ROS = 2.53512
dt = 7.10025 s
[QES-Fire] Pot	 Elapsed time: 8.52306 s
[QES-WINDS]	 Applying parameterizations...
		 elapsed time: 0.00147567 s
[Solver] Running Global Memory Solver (GPU) ...
[Solver] Residual after 500 itertations: 0.043640137
		 Elapsed time: 0.710578 s
[QES-Fire] LS	 Elapsed time: 0.0414934 s
max ROS = 2.5438
dt = 7.07604 s
[QES-Fire] Advance	 Elapsed time: 0.00040909 s
time = 2021-12-31T11:05:26.404000
[QES-WINDS]	 Applying Wind Profile...
Elapsed time for Barnes interpolation on GPU: 0.0142285 s
		 elapsed time: 0.0145179 s
[QES-Fire] LS	 Elapsed time: 0.0416298 s
max ROS = 2.5438
dt = 7.07604 s
[QES-Fire] Pot	 Elapsed time: 8.51467 s
[QES-WINDS]	 Applying parameterizations...
		 elapsed time: 0.00146558 s
[Solver] Running Global Memory Solver (GPU) ...
[Solver] Residual after 500 itertations: 0.043640137
		 Elapsed time: 0.708768 s
[QES-Fire] LS	 Elapsed time: 0.0412954 s
max ROS = 2.54378
dt = 7.07607 s
[QES-Fire] Advance	 Elapsed time: 0.000401759 s
time = 2021-12-31T11:05:33.480000
[QES-WINDS]	 Applying Wind Profile...
Elapsed time for Barnes interpolation on GPU: 0.0141553 s
		 elapsed time: 0.0144553 s
[QES-Fire] LS	 Elapsed time: 0.0414777 s
max ROS = 2.54378
dt = 7.07607 s
[QES-Fire] Pot	 Elapsed time: 9.21912 s
[QES-WINDS]	 Applying parameterizations...
		 elapsed time: 0.00147353 s
[Solver] Running Global Memory Solver (GPU) ...
[Solver] Residual after 500 itertations: 0.043792725
		 Elapsed time: 0.710111 s
[QES-Fire] LS	 Elapsed time: 0.0411413 s
max ROS = 2.568
dt = 7.00935 s
[QES-Fire] Advance	 Elapsed time: 0.000401449 s
time = 2021-12-31T11:05:40.489000
[QES-WINDS]	 Applying Wind Profile...
Elapsed time for Barnes interpolation on GPU: 0.0138572 s
		 elapsed time: 0.0141449 s
[QES-Fire] LS	 Elapsed time: 0.0412572 s
max ROS = 2.568
dt = 7.00935 s
[QES-Fire] Pot	 Elapsed time: 9.22044 s
[QES-WINDS]	 Applying parameterizations...
		 elapsed time: 0.00147648 s
[Solver] Running Global Memory Solver (GPU) ...
[Solver] Residual after 500 itertations: 0.043792725
		 Elapsed time: 0.710908 s
[QES-Fire] LS	 Elapsed time: 0.0410551 s
max ROS = 2.568
dt = 7.00934 s
[QES-Fire] Advance	 Elapsed time: 0.000404599 s
time = 2021-12-31T11:05:47.498000
[QES-WINDS]	 Applying Wind Profile...
Elapsed time for Barnes interpolation on GPU: 0.0155854 s
		 elapsed time: 0.0158856 s
[QES-Fire] LS	 Elapsed time: 0.0412929 s
max ROS = 2.568
dt = 7.00934 s
[QES-Fire] Pot	 Elapsed time: 9.9071 s
[QES-WINDS]	 Applying parameterizations...
		 elapsed time: 0.00149598 s
[Solver] Running Global Memory Solver (GPU) ...
[Solver] Residual after 500 itertations: 0.043567657
		 Elapsed time: 0.710807 s
[QES-Fire] LS	 Elapsed time: 0.0409675 s
max ROS = 2.58644
dt = 6.95937 s
[QES-Fire] Advance	 Elapsed time: 0.000403259 s
time = 2021-12-31T11:05:54.457000
[QES-WINDS]	 Applying Wind Profile...
Elapsed time for Barnes interpolation on GPU: 0.014104 s
		 elapsed time: 0.0143907 s
[QES-Fire] LS	 Elapsed time: 0.0411022 s
max ROS = 2.58644
dt = 6.95937 s
[QES-Fire] Pot	 Elapsed time: 9.88985 s
[QES-WINDS]	 Applying parameterizations...
		 elapsed time: 0.00148703 s
[Solver] Running Global Memory Solver (GPU) ...
[Solver] Residual after 500 itertations: 0.043567657
		 Elapsed time: 0.709481 s
[QES-Fire] LS	 Elapsed time: 0.0408348 s
max ROS = 2.58643
dt = 6.95939 s
[QES-Fire] Advance	 Elapsed time: 0.00041431 s
time = 2021-12-31T11:06:01.416000
[QES-WINDS]	 Applying Wind Profile...
Elapsed time for Barnes interpolation on GPU: 0.0138327 s
		 elapsed time: 0.0141269 s
[QES-Fire] LS	 Elapsed time: 0.0410145 s
max ROS = 2.58643
dt = 6.95939 s
[QES-Fire] Pot	 Elapsed time: 11.2192 s
[QES-WINDS]	 Applying parameterizations...
		 elapsed time: 0.00146926 s
[Solver] Running Global Memory Solver (GPU) ...
[Solver] Residual after 500 itertations: 0.043323517
		 Elapsed time: 0.708881 s
[QES-Fire] LS	 Elapsed time: 0.0407575 s
max ROS = 2.60438
dt = 6.91142 s
[QES-Fire] Advance	 Elapsed time: 0.00040557 s
time = 2021-12-31T11:06:08.327000
[QES-WINDS]	 Applying Wind Profile...
Elapsed time for Barnes interpolation on GPU: 0.0140538 s
		 elapsed time: 0.0143417 s
[QES-Fire] LS	 Elapsed time: 0.0409239 s
max ROS = 2.60438
dt = 6.91142 s
[QES-Fire] Pot	 Elapsed time: 11.5994 s
[QES-WINDS]	 Applying parameterizations...
		 elapsed time: 0.00146709 s
[Solver] Running Global Memory Solver (GPU) ...
[Solver] Residual after 500 itertations: 0.043193817
		 Elapsed time: 0.708462 s
[QES-Fire] LS	 Elapsed time: 0.0405591 s
max ROS = 2.61468
dt = 6.88422 s
[QES-Fire] Advance	 Elapsed time: 0.000409989 s
time = 2021-12-31T11:06:15.211000
[QES-WINDS]	 Applying Wind Profile...
Elapsed time for Barnes interpolation on GPU: 0.0138984 s
		 elapsed time: 0.0141887 s
[QES-Fire] LS	 Elapsed time: 0.0407943 s
max ROS = 2.61468
dt = 6.88422 s
[QES-Fire] Pot	 Elapsed time: 11.6576 s
[QES-WINDS]	 Applying parameterizations...
		 elapsed time: 0.0014733 s
[Solver] Running Global Memory Solver (GPU) ...
[Solver] Residual after 500 itertations: 0.043197632
		 Elapsed time: 0.71082 s
[QES-Fire] LS	 Elapsed time: 0.0405238 s
max ROS = 2.62007
dt = 6.87004 s
[QES-Fire] Advance	 Elapsed time: 0.00040368 s
time = 2021-12-31T11:06:22.081000
[QES-WINDS]	 Applying Wind Profile...
Elapsed time for Barnes interpolation on GPU: 0.013891 s
		 elapsed time: 0.0141781 s
[QES-Fire] LS	 Elapsed time: 0.040582 s
max ROS = 2.62007
dt = 6.87004 s
[QES-Fire] Pot	 Elapsed time: 11.6429 s
[QES-WINDS]	 Applying parameterizations...
		 elapsed time: 0.0014776 s
[Solver] Running Global Memory Solver (GPU) ...
[Solver] Residual after 500 itertations: 0.043205261
		 Elapsed time: 0.711822 s
[QES-Fire] LS	 Elapsed time: 0.0403511 s
max ROS = 2.62007
dt = 6.87005 s
[QES-Fire] Advance	 Elapsed time: 0.00040739 s
time = 2021-12-31T11:06:28.951000
[QES-WINDS]	 Applying Wind Profile...
Elapsed time for Barnes interpolation on GPU: 0.0138693 s
		 elapsed time: 0.0141586 s
[QES-Fire] LS	 Elapsed time: 0.040541 s
max ROS = 2.62007
dt = 6.87005 s
[QES-Fire] Pot	 Elapsed time: 12.2855 s
[QES-WINDS]	 Applying parameterizations...
		 elapsed time: 0.00147681 s
[Solver] Running Global Memory Solver (GPU) ...
[Solver] Residual after 500 itertations: 0.043113708
		 Elapsed time: 0.71061 s
[QES-Fire] LS	 Elapsed time: 0.0408211 s
max ROS = 2.63488
dt = 6.83142 s
[QES-Fire] Advance	 Elapsed time: 0.000402139 s
time = 2021-12-31T11:06:35.782000
[QES-WINDS]	 Applying Wind Profile...
Elapsed time for Barnes interpolation on GPU: 0.015809 s
		 elapsed time: 0.0161034 s
[QES-Fire] LS	 Elapsed time: 0.0404376 s
max ROS = 2.63488
dt = 6.83142 s
[QES-Fire] Pot	 Elapsed time: 12.3083 s
[QES-WINDS]	 Applying parameterizations...
		 elapsed time: 0.00147126 s
[Solver] Running Global Memory Solver (GPU) ...
[Solver] Residual after 500 itertations: 0.043113708
		 Elapsed time: 0.711588 s
[QES-Fire] LS	 Elapsed time: 0.0403944 s
max ROS = 2.63488
dt = 6.83144 s
[QES-Fire] Advance	 Elapsed time: 0.00041533 s
time = 2021-12-31T11:06:42.613000
[QES-WINDS]	 Applying Wind Profile...
Elapsed time for Barnes interpolation on GPU: 0.0141679 s
		 elapsed time: 0.0144571 s
[QES-Fire] LS	 Elapsed time: 0.0403662 s
max ROS = 2.63488
dt = 6.83144 s
[QES-Fire] Pot	 Elapsed time: 12.6272 s
[QES-WINDS]	 Applying parameterizations...
		 elapsed time: 0.00147131 s
[Solver] Running Global Memory Solver (GPU) ...
[Solver] Residual after 500 itertations: 0.043041229
		 Elapsed time: 0.709365 s
[QES-Fire] LS	 Elapsed time: 0.040025 s
max ROS = 2.64441
dt = 6.80682 s
[QES-Fire] Advance	 Elapsed time: 0.000408399 s
time = 2021-12-31T11:06:49.420000
[QES-WINDS]	 Applying Wind Profile...
Elapsed time for Barnes interpolation on GPU: 0.0139259 s
		 elapsed time: 0.0142346 s
[QES-Fire] LS	 Elapsed time: 0.0402369 s
max ROS = 2.64441
dt = 6.80682 s
[QES-Fire] Pot	 Elapsed time: 12.887 s
[QES-WINDS]	 Applying parameterizations...
		 elapsed time: 0.00146636 s
[Solver] Running Global Memory Solver (GPU) ...
[Solver] Residual after 500 itertations: 0.043045044
		 Elapsed time: 0.713122 s
[QES-Fire] LS	 Elapsed time: 0.0399361 s
max ROS = 2.64951
dt = 6.79372 s
[QES-Fire] Advance	 Elapsed time: 0.00040312 s
time = 2021-12-31T11:06:56.214000
[QES-WINDS]	 Applying Wind Profile...
Elapsed time for Barnes interpolation on GPU: 0.0143016 s
		 elapsed time: 0.01459 s
[QES-Fire] LS	 Elapsed time: 0.0401381 s
max ROS = 2.64951
dt = 6.79372 s
[QES-Fire] Pot	 Elapsed time: 12.8909 s
[QES-WINDS]	 Applying parameterizations...
		 elapsed time: 0.00146397 s
[Solver] Running Global Memory Solver (GPU) ...
[Solver] Residual after 500 itertations: 0.043045044
		 Elapsed time: 0.711525 s
[QES-Fire] LS	 Elapsed time: 0.0398894 s
max ROS = 2.64949
dt = 6.79376 s
[QES-Fire] Advance	 Elapsed time: 0.00040289 s
time = 2021-12-31T11:07:03.008000
[QES-WINDS]	 Applying Wind Profile...
Elapsed time for Barnes interpolation on GPU: 0.0145023 s
		 elapsed time: 0.0147935 s
[QES-Fire] LS	 Elapsed time: 0.0402135 s
max ROS = 2.64949
dt = 6.79376 s
[QES-Fire] Pot	 Elapsed time: 13.5204 s
[QES-WINDS]	 Applying parameterizations...
		 elapsed time: 0.00147642 s
[Solver] Running Global Memory Solver (GPU) ...
[Solver] Residual after 500 itertations: 0.043052673
		 Elapsed time: 0.709504 s
[QES-Fire] LS	 Elapsed time: 0.0398265 s
max ROS = 2.65439
dt = 6.78122 s
[QES-Fire] Advance	 Elapsed time: 0.000401859 s
time = 2021-12-31T11:07:09.789000
[QES-WINDS]	 Applying Wind Profile...
Elapsed time for Barnes interpolation on GPU: 0.0160114 s
		 elapsed time: 0.0163024 s
[QES-Fire] LS	 Elapsed time: 0.0400282 s
max ROS = 2.65439
dt = 6.78122 s
[QES-Fire] Pot	 Elapsed time: 13.5235 s
[QES-WINDS]	 Applying parameterizations...
		 elapsed time: 0.00146795 s
[Solver] Running Global Memory Solver (GPU) ...
[Solver] Residual after 500 itertations: 0.043056488
		 Elapsed time: 0.7146 s
[QES-Fire] LS	 Elapsed time: 0.0400736 s
max ROS = 2.65435
dt = 6.78133 s
[QES-Fire] Advance	 Elapsed time: 0.00040816 s
time = 2021-12-31T11:07:16.570000
[QES-WINDS]	 Applying Wind Profile...
Elapsed time for Barnes interpolation on GPU: 0.0163645 s
		 elapsed time: 0.0166533 s
[QES-Fire] LS	 Elapsed time: 0.0399673 s
max ROS = 2.65435
dt = 6.78133 s
[QES-Fire] Pot	 Elapsed time: 13.8213 s
[QES-WINDS]	 Applying parameterizations...
		 elapsed time: 0.00146926 s
[Solver] Running Global Memory Solver (GPU) ...
[Solver] Residual after 500 itertations: 0.043029785
		 Elapsed time: 0.71341 s
[QES-Fire] LS	 Elapsed time: 0.039605 s
max ROS = 2.66375
dt = 6.75739 s
[QES-Fire] Advance	 Elapsed time: 0.000407679 s
time = 2021-12-31T11:07:23.327000
[QES-WINDS]	 Applying Wind Profile...
Elapsed time for Barnes interpolation on GPU: 0.0138613 s
		 elapsed time: 0.014151 s
[QES-Fire] LS	 Elapsed time: 0.0397933 s
max ROS = 2.66375
dt = 6.75739 s
[QES-Fire] Pot	 Elapsed time: 13.9582 s
[QES-WINDS]	 Applying parameterizations...
		 elapsed time: 0.00147481 s
[Solver] Running Global Memory Solver (GPU) ...
[Solver] Residual after 500 itertations: 0.043025970
		 Elapsed time: 0.71063 s
[QES-Fire] LS	 Elapsed time: 0.0395121 s
max ROS = 2.66841
dt = 6.74559 s
[QES-Fire] Advance	 Elapsed time: 0.00041311 s
time = 2021-12-31T11:07:30.073000
[QES-WINDS]	 Applying Wind Profile...
Elapsed time for Barnes interpolation on GPU: 0.0151426 s
		 elapsed time: 0.0154319 s
[QES-Fire] LS	 Elapsed time: 0.0396689 s
max ROS = 2.66841
dt = 6.74559 s
[QES-Fire] Pot	 Elapsed time: 14.7361 s
[QES-WINDS]	 Applying parameterizations...
		 elapsed time: 0.00146423 s
[Solver] Running Global Memory Solver (GPU) ...
[Solver] Residual after 500 itertations: 0.042980194
		 Elapsed time: 0.711312 s
[QES-Fire] LS	 Elapsed time: 0.0393781 s
max ROS = 2.68282
dt = 6.70936 s
[QES-Fire] Advance	 Elapsed time: 0.000405669 s
time = 2021-12-31T11:07:36.782000
[QES-WINDS]	 Applying Wind Profile...
Elapsed time for Barnes interpolation on GPU: 0.0139174 s
		 elapsed time: 0.0142074 s
[QES-Fire] LS	 Elapsed time: 0.0396208 s
max ROS = 2.68282
dt = 6.70936 s
[QES-Fire] Pot	 Elapsed time: 15.1208 s
[QES-WINDS]	 Applying parameterizations...
		 elapsed time: 0.00146533 s
[Solver] Running Global Memory Solver (GPU) ...
[Solver] Residual after 500 itertations: 0.042995453
		 Elapsed time: 0.711149 s
[QES-Fire] LS	 Elapsed time: 0.039315 s
max ROS = 2.68554
dt = 6.70257 s
[QES-Fire] Advance	 Elapsed time: 0.00040695 s
time = 2021-12-31T11:07:43.485000
[QES-WINDS]	 Applying Wind Profile...
Elapsed time for Barnes interpolation on GPU: 0.0137667 s
		 elapsed time: 0.0140586 s
[QES-Fire] LS	 Elapsed time: 0.039615 s
max ROS = 2.68554
dt = 6.70257 s
[QES-Fire] Pot	 Elapsed time: 15.1137 s
[QES-WINDS]	 Applying parameterizations...
		 elapsed time: 0.00148337 s
[Solver] Running Global Memory Solver (GPU) ...
[Solver] Residual after 500 itertations: 0.043029785
		 Elapsed time: 0.709813 s
[QES-Fire] LS	 Elapsed time: 0.0392837 s
max ROS = 2.68444
dt = 6.7053 s
[QES-Fire] Advance	 Elapsed time: 0.000407089 s
time = 2021-12-31T11:07:50.190000
[QES-WINDS]	 Applying Wind Profile...
Elapsed time for Barnes interpolation on GPU: 0.0144768 s
		 elapsed time: 0.0147692 s
[QES-Fire] LS	 Elapsed time: 0.0394636 s
max ROS = 2.68444
dt = 6.7053 s
[QES-Fire] Pot	 Elapsed time: 15.0984 s
[QES-WINDS]	 Applying parameterizations...
		 elapsed time: 0.00146646 s
[Solver] Running Global Memory Solver (GPU) ...
[Solver] Residual after 500 itertations: 0.043045044
		 Elapsed time: 0.710539 s
[QES-Fire] LS	 Elapsed time: 0.0392358 s
max ROS = 2.68384
dt = 6.70681 s
[QES-Fire] Advance	 Elapsed time: 0.000408959 s
time = 2021-12-31T11:07:56.897000
[QES-WINDS]	 Applying Wind Profile...
Elapsed time for Barnes interpolation on GPU: 0.0138122 s
		 elapsed time: 0.0141014 s
[QES-Fire] LS	 Elapsed time: 0.0394688 s
max ROS = 2.68384
dt = 6.70681 s
[QES-Fire] Pot	 Elapsed time: 15.1376 s
[QES-WINDS]	 Applying parameterizations...
		 elapsed time: 0.00154515 s
[Solver] Running Global Memory Solver (GPU) ...
[Solver] Residual after 500 itertations: 0.043079376
		 Elapsed time: 0.709062 s
[QES-Fire] LS	 Elapsed time: 0.0391496 s
max ROS = 2.68348
dt = 6.7077 s
[QES-Fire] Advance	 Elapsed time: 0.00040848 s
time = 2021-12-31T11:08:03.605000
[QES-WINDS]	 Applying Wind Profile...
Elapsed time for Barnes interpolation on GPU: 0.0140065 s
		 elapsed time: 0.0142961 s
[QES-Fire] LS	 Elapsed time: 0.0394085 s
max ROS = 2.68348
dt = 6.7077 s
[QES-Fire] Pot	 Elapsed time: 15.1383 s
[QES-WINDS]	 Applying parameterizations...
		 elapsed time: 0.00147574 s
[Solver] Running Global Memory Solver (GPU) ...
[Solver] Residual after 500 itertations: 0.043079376
		 Elapsed time: 0.709489 s
[QES-Fire] LS	 Elapsed time: 0.0391479 s
max ROS = 2.68332
dt = 6.70812 s
[QES-Fire] Advance	 Elapsed time: 0.00040482 s
time = 2021-12-31T11:08:10.313000
[QES-WINDS]	 Applying Wind Profile...
Elapsed time for Barnes interpolation on GPU: 0.013803 s
		 elapsed time: 0.0140919 s
[QES-Fire] LS	 Elapsed time: 0.0393501 s
max ROS = 2.68332
dt = 6.70812 s
[QES-Fire] Pot	 Elapsed time: 15.4183 s
[QES-WINDS]	 Applying parameterizations...
		 elapsed time: 0.00147489 s
[Solver] Running Global Memory Solver (GPU) ...
[Solver] Residual after 500 itertations: 0.043079376
		 Elapsed time: 0.711351 s
[QES-Fire] LS	 Elapsed time: 0.0389835 s
max ROS = 2.68883
dt = 6.69436 s
[QES-Fire] Advance	 Elapsed time: 0.000404539 s
time = 2021-12-31T11:08:17.007000
[QES-WINDS]	 Applying Wind Profile...
Elapsed time for Barnes interpolation on GPU: 0.0153603 s
		 elapsed time: 0.0156515 s
[QES-Fire] LS	 Elapsed time: 0.0393258 s
max ROS = 2.68883
dt = 6.69436 s
[QES-Fire] Pot	 Elapsed time: 16.1038 s
[QES-WINDS]	 Applying parameterizations...
		 elapsed time: 0.00146395 s
[Solver] Running Global Memory Solver (GPU) ...
[Solver] Residual after 500 itertations: 0.043064117
		 Elapsed time: 0.711986 s
[QES-Fire] LS	 Elapsed time: 0.0389702 s
max ROS = 2.70285
dt = 6.65964 s
[QES-Fire] Advance	 Elapsed time: 0.000418939 s
time = 2021-12-31T11:08:23.667000
[QES-WINDS]	 Applying Wind Profile...
Elapsed time for Barnes interpolation on GPU: 0.014891 s
		 elapsed time: 0.0151786 s
[QES-Fire] LS	 Elapsed time: 0.0390884 s
max ROS = 2.70285
dt = 6.65964 s
[QES-Fire] Pot	 Elapsed time: 16.0939 s
[QES-WINDS]	 Applying parameterizations...
		 elapsed time: 0.00146343 s
[Solver] Running Global Memory Solver (GPU) ...
[Solver] Residual after 500 itertations: 0.043071747
		 Elapsed time: 0.711976 s
[QES-Fire] LS	 Elapsed time: 0.038865 s
max ROS = 2.70284
dt = 6.65965 s
[QES-Fire] Advance	 Elapsed time: 0.000408799 s
time = 2021-12-31T11:08:30.327000
[QES-WINDS]	 Applying Wind Profile...
Elapsed time for Barnes interpolation on GPU: 0.0155087 s
		 elapsed time: 0.0158043 s
[QES-Fire] LS	 Elapsed time: 0.0391499 s
max ROS = 2.70284
dt = 6.65965 s
[QES-Fire] Pot	 Elapsed time: 16.5538 s
[QES-WINDS]	 Applying parameterizations...
		 elapsed time: 0.00146472 s
[Solver] Running Global Memory Solver (GPU) ...
[Solver] Residual after 500 itertations: 0.043064117
		 Elapsed time: 0.711036 s
[QES-Fire] LS	 Elapsed time: 0.0387553 s
max ROS = 2.70768
dt = 6.64775 s
[QES-Fire] Advance	 Elapsed time: 0.000404729 s
time = 2021-12-31T11:08:36.975000
[QES-WINDS]	 Applying Wind Profile...
Elapsed time for Barnes interpolation on GPU: 0.0138588 s
		 elapsed time: 0.0141488 s
[QES-Fire] LS	 Elapsed time: 0.0389623 s
max ROS = 2.70768
dt = 6.64775 s
[QES-Fire] Pot	 Elapsed time: 17.2629 s
[QES-WINDS]	 Applying parameterizations...
		 elapsed time: 0.00146981 s
[Solver] Running Global Memory Solver (GPU) ...
[Solver] Residual after 500 itertations: 0.043022156
		 Elapsed time: 0.709455 s
[QES-Fire] LS	 Elapsed time: 0.0388832 s
max ROS = 2.71574
dt = 6.62803 s
[QES-Fire] Advance	 Elapsed time: 0.00040728 s
time = 2021-12-31T11:08:43.603000
[QES-WINDS]	 Applying Wind Profile...
Elapsed time for Barnes interpolation on GPU: 0.0138277 s
		 elapsed time: 0.0141175 s
[QES-Fire] LS	 Elapsed time: 0.0389031 s
max ROS = 2.71574
dt = 6.62803 s
[QES-Fire] Pot	 Elapsed time: 17.2216 s
[QES-WINDS]	 Applying parameterizations...
		 elapsed time: 0.00147195 s
[Solver] Running Global Memory Solver (GPU) ...
[Solver] Residual after 500 itertations: 0.043022156
		 Elapsed time: 0.710704 s
[QES-Fire] LS	 Elapsed time: 0.0386156 s
max ROS = 2.71573
dt = 6.62805 s
[QES-Fire] Advance	 Elapsed time: 0.00040776 s
time = 2021-12-31T11:08:50.231000
[QES-WINDS]	 Applying Wind Profile...
Elapsed time for Barnes interpolation on GPU: 0.0139159 s
		 elapsed time: 0.0142099 s
[QES-Fire] LS	 Elapsed time: 0.0388427 s
max ROS = 2.71573
dt = 6.62805 s
[QES-Fire] Pot	 Elapsed time: 18.9782 s
[QES-WINDS]	 Applying parameterizations...
		 elapsed time: 0.00146538 s
[Solver] Running Global Memory Solver (GPU) ...
[Solver] Residual after 500 itertations: 0.043022156
		 Elapsed time: 0.711865 s
[QES-Fire] LS	 Elapsed time: 0.0386121 s
max ROS = 2.72104
dt = 6.61511 s
[QES-Fire] Advance	 Elapsed time: 0.000409609 s
time = 2021-12-31T11:08:56.846000
[QES-WINDS]	 Applying Wind Profile...
Elapsed time for Barnes interpolation on GPU: 0.0164373 s
		 elapsed time: 0.0167318 s
[QES-Fire] LS	 Elapsed time: 0.0390112 s
max ROS = 2.72104
dt = 6.61511 s
[QES-Fire] Pot	 Elapsed time: 19.2177 s
[QES-WINDS]	 Applying parameterizations...
		 elapsed time: 0.00148513 s
[Solver] Running Global Memory Solver (GPU) ...
[Solver] Residual after 500 itertations: 0.043018341
		 Elapsed time: 0.710124 s
[QES-Fire] LS	 Elapsed time: 0.0385371 s
max ROS = 2.7257
dt = 6.60382 s
[QES-Fire] Advance	 Elapsed time: 0.00040439 s
time = 2021-12-31T11:09:03.450000
[QES-WINDS]	 Applying Wind Profile...
Elapsed time for Barnes interpolation on GPU: 0.0139667 s
		 elapsed time: 0.0144844 s
[QES-Fire] LS	 Elapsed time: 0.0387532 s
max ROS = 2.7257
dt = 6.60382 s
[QES-Fire] Pot	 Elapsed time: 19.5917 s
[QES-WINDS]	 Applying parameterizations...
		 elapsed time: 0.00146587 s
[Solver] Running Global Memory Solver (GPU) ...
[Solver] Residual after 500 itertations: 0.043033600
		 Elapsed time: 0.710207 s
[QES-Fire] LS	 Elapsed time: 0.0384153 s
max ROS = 2.73454
dt = 6.58247 s
[QES-Fire] Advance	 Elapsed time: 0.00039978 s
time = 2021-12-31T11:09:10.032000
[QES-WINDS]	 Applying Wind Profile...
Elapsed time for Barnes interpolation on GPU: 0.0151128 s
		 elapsed time: 0.0154054 s
[QES-Fire] LS	 Elapsed time: 0.0387105 s
max ROS = 2.73454
dt = 6.58247 s
[QES-Fire] Pot	 Elapsed time: 19.5788 s
[QES-WINDS]	 Applying parameterizations...
		 elapsed time: 0.00147251 s
[Solver] Running Global Memory Solver (GPU) ...
[Solver] Residual after 500 itertations: 0.043033600
		 Elapsed time: 0.711522 s
[QES-Fire] LS	 Elapsed time: 0.0384323 s
max ROS = 2.73453
dt = 6.58248 s
[QES-Fire] Advance	 Elapsed time: 0.0004102 s
time = 2021-12-31T11:09:16.614000
[QES-WINDS]	 Applying Wind Profile...
Elapsed time for Barnes interpolation on GPU: 0.0142375 s
		 elapsed time: 0.0145352 s
[QES-Fire] LS	 Elapsed time: 0.0385828 s
max ROS = 2.40704
dt = 7.47808 s
[QES-Fire] Pot	 Elapsed time: 13.7008 s
[QES-WINDS]	 Applying parameterizations...
		 elapsed time: 0.00146909 s
[Solver] Running Global Memory Solver (GPU) ...
[Solver] Residual after 500 itertations: 0.042686462
		 Elapsed time: 0.710517 s
[QES-Fire] LS	 Elapsed time: 0.038907 s
max ROS = 2.5089
dt = 7.17447 s
[QES-Fire] Advance	 Elapsed time: 0.000405069 s
time = 2021-12-31T11:09:23.788000
[QES-WINDS]	 Applying Wind Profile...
Elapsed time for Barnes interpolation on GPU: 0.0153345 s
		 elapsed time: 0.0156298 s
[QES-Fire] LS	 Elapsed time: 0.0390435 s
max ROS = 2.50612
dt = 7.18241 s
[QES-Fire] Pot	 Elapsed time: 13.6989 s
[QES-WINDS]	 Applying parameterizations...
		 elapsed time: 0.00146583 s
[Solver] Running Global Memory Solver (GPU) ...
[Solver] Residual after 500 itertations: 0.042671204
		 Elapsed time: 0.712153 s
[QES-Fire] LS	 Elapsed time: 0.0386747 s
max ROS = 2.51175
dt = 7.16632 s
[QES-Fire] Advance	 Elapsed time: 0.000407079 s
time = 2021-12-31T11:09:30.954000
[QES-WINDS]	 Applying Wind Profile...
Elapsed time for Barnes interpolation on GPU: 0.0138006 s
		 elapsed time: 0.0140928 s
[QES-Fire] LS	 Elapsed time: 0.0388858 s
max ROS = 2.50809
dt = 7.17677 s
[QES-Fire] Pot	 Elapsed time: 13.6939 s
[QES-WINDS]	 Applying parameterizations...
		 elapsed time: 0.00146578 s
[Solver] Running Global Memory Solver (GPU) ...
[Solver] Residual after 500 itertations: 0.042671204
		 Elapsed time: 0.710935 s
[QES-Fire] LS	 Elapsed time: 0.0386974 s
max ROS = 2.50817
dt = 7.17655 s
[QES-Fire] Advance	 Elapsed time: 0.000406809 s
time = 2021-12-31T11:09:38.131000
[QES-WINDS]	 Applying Wind Profile...
Elapsed time for Barnes interpolation on GPU: 0.0152495 s
		 elapsed time: 0.0155391 s
[QES-Fire] LS	 Elapsed time: 0.0389175 s
max ROS = 2.50186
dt = 7.19464 s
[QES-Fire] Pot	 Elapsed time: 14.1322 s
[QES-WINDS]	 Applying parameterizations...
		 elapsed time: 0.0014767 s
[Solver] Running Global Memory Solver (GPU) ...
[Solver] Residual after 500 itertations: 0.042667389
		 Elapsed time: 0.710323 s
[QES-Fire] LS	 Elapsed time: 0.0385068 s
max ROS = 2.50616
dt = 7.18229 s
[QES-Fire] Advance	 Elapsed time: 0.000404419 s
time = 2021-12-31T11:09:45.313000
[QES-WINDS]	 Applying Wind Profile...
Elapsed time for Barnes interpolation on GPU: 0.013961 s
		 elapsed time: 0.0142491 s
[QES-Fire] LS	 Elapsed time: 0.038711 s
max ROS = 2.49186
dt = 7.22353 s
[QES-Fire] Pot	 Elapsed time: 14.5111 s
[QES-WINDS]	 Applying parameterizations...
		 elapsed time: 0.00147156 s
[Solver] Running Global Memory Solver (GPU) ...
[Solver] Residual after 500 itertations: 0.042644501
		 Elapsed time: 0.713036 s
[QES-Fire] LS	 Elapsed time: 0.0384599 s
max ROS = 2.49785
dt = 7.2062 s
[QES-Fire] Advance	 Elapsed time: 0.0004128 s
time = 2021-12-31T11:09:52.519000
[QES-WINDS]	 Applying Wind Profile...
Elapsed time for Barnes interpolation on GPU: 0.0155303 s
		 elapsed time: 0.0158238 s
[QES-Fire] LS	 Elapsed time: 0.0386471 s
max ROS = 2.45304
dt = 7.33782 s
[QES-Fire] Pot	 Elapsed time: 14.7546 s
[QES-WINDS]	 Applying parameterizations...
		 elapsed time: 0.0014682 s
[Solver] Running Global Memory Solver (GPU) ...
[Solver] Residual after 500 itertations: 0.042636871
		 Elapsed time: 0.709148 s
[QES-Fire] LS	 Elapsed time: 0.0384139 s
max ROS = 2.45912
dt = 7.31969 s
[QES-Fire] Advance	 Elapsed time: 0.00040842 s
time = 2021-12-31T11:09:59.839000
[QES-WINDS]	 Applying Wind Profile...
Elapsed time for Barnes interpolation on GPU: 0.0137986 s
		 elapsed time: 0.0140879 s
[QES-Fire] LS	 Elapsed time: 0.0386916 s
max ROS = 2.2804
dt = 7.89335 s
[QES-Fire] Pot	 Elapsed time: 14.7488 s
[QES-WINDS]	 Applying parameterizations...
		 elapsed time: 0.00146453 s
[Solver] Running Global Memory Solver (GPU) ...
[Solver] Residual after 500 itertations: 0.042640686
		 Elapsed time: 0.709206 s
[QES-Fire] LS	 Elapsed time: 0.0383618 s
max ROS = 2.28041
dt = 7.89333 s
[QES-Fire] Advance	 Elapsed time: 0.000414339 s
time = 2021-12-31T11:10:07.732000
[QES-WINDS]	 Applying Wind Profile...
Elapsed time for Barnes interpolation on GPU: 0.0150999 s
		 elapsed time: 0.0153888 s
[QES-Fire] LS	 Elapsed time: 0.0385992 s
max ROS = 2.28032
dt = 7.89362 s
[QES-Fire] Pot	 Elapsed time: 14.589 s
[QES-WINDS]	 Applying parameterizations...
		 elapsed time: 0.00146961 s
[Solver] Running Global Memory Solver (GPU) ...
[Solver] Residual after 500 itertations: 0.042629242
		 Elapsed time: 0.709348 s
[QES-Fire] LS	 Elapsed time: 0.0383556 s
max ROS = 2.31503
dt = 7.77526 s
[QES-Fire] Advance	 Elapsed time: 0.000405589 s
time = 2021-12-31T11:10:15.507000
[QES-WINDS]	 Applying Wind Profile...
Elapsed time for Barnes interpolation on GPU: 0.0138938 s
		 elapsed time: 0.0141808 s
[QES-Fire] LS	 Elapsed time: 0.038305 s
max ROS = 2.31492
dt = 7.77564 s
[QES-Fire] Pot	 Elapsed time: 14.1312 s
[QES-WINDS]	 Applying parameterizations...
		 elapsed time: 0.00146961 s
[Solver] Running Global Memory Solver (GPU) ...
[Solver] Residual after 500 itertations: 0.042606354
		 Elapsed time: 0.710062 s
[QES-Fire] LS	 Elapsed time: 0.0382674 s
max ROS = 2.32235
dt = 7.75076 s
[QES-Fire] Advance	 Elapsed time: 0.00040186 s
time = 2021-12-31T11:10:23.258000
[QES-WINDS]	 Applying Wind Profile...
Elapsed time for Barnes interpolation on GPU: 0.0137754 s
		 elapsed time: 0.0140666 s
[QES-Fire] LS	 Elapsed time: 0.0384908 s
max ROS = 2.32222
dt = 7.75119 s
[QES-Fire] Pot	 Elapsed time: 14.2367 s
[QES-WINDS]	 Applying parameterizations...
		 elapsed time: 0.00146341 s
[Solver] Running Global Memory Solver (GPU) ...
[Solver] Residual after 500 itertations: 0.042640686
		 Elapsed time: 0.70863 s
[QES-Fire] LS	 Elapsed time: 0.0382572 s
max ROS = 2.33901
dt = 7.69558 s
[QES-Fire] Advance	 Elapsed time: 0.00040081 s
time = 2021-12-31T11:10:30.954000
[QES-WINDS]	 Applying Wind Profile...
Elapsed time for Barnes interpolation on GPU: 0.0163948 s
		 elapsed time: 0.0166932 s
[QES-Fire] LS	 Elapsed time: 0.0385687 s
max ROS = 2.33881
dt = 7.69623 s
[QES-Fire] Pot	 Elapsed time: 14.2881 s
[QES-WINDS]	 Applying parameterizations...
		 elapsed time: 0.00146838 s
[Solver] Running Global Memory Solver (GPU) ...
[Solver] Residual after 500 itertations: 0.042629242
		 Elapsed time: 0.711575 s
[QES-Fire] LS	 Elapsed time: 0.0381903 s
max ROS = 2.33887
dt = 7.69604 s
[QES-Fire] Advance	 Elapsed time: 0.00040564 s
time = 2021-12-31T11:10:38.650000
[QES-WINDS]	 Applying Wind Profile...
Elapsed time for Barnes interpolation on GPU: 0.0150369 s
		 elapsed time: 0.0153261 s
[QES-Fire] LS	 Elapsed time: 0.0384805 s
max ROS = 2.33844
dt = 7.69744 s
[QES-Fire] Pot	 Elapsed time: 14.234 s
[QES-WINDS]	 Applying parameterizations...
		 elapsed time: 0.00147531 s
[Solver] Running Global Memory Solver (GPU) ...
[Solver] Residual after 500 itertations: 0.042625427
		 Elapsed time: 0.708735 s
[QES-Fire] LS	 Elapsed time: 0.038149 s
max ROS = 2.33841
dt = 7.69754 s
[QES-Fire] Advance	 Elapsed time: 0.000406709 s
time = 2021-12-31T11:10:46.348000
[QES-WINDS]	 Applying Wind Profile...
Elapsed time for Barnes interpolation on GPU: 0.0137381 s
		 elapsed time: 0.0140297 s
[QES-Fire] LS	 Elapsed time: 0.0383403 s
max ROS = 2.33733
dt = 7.70108 s
[QES-Fire] Pot	 Elapsed time: 13.1597 s
[QES-WINDS]	 Applying parameterizations...
		 elapsed time: 0.00146971 s
[Solver] Running Global Memory Solver (GPU) ...
[Solver] Residual after 500 itertations: 0.042781830
		 Elapsed time: 0.708837 s
[QES-Fire] LS	 Elapsed time: 0.0381717 s
max ROS = 2.36745
dt = 7.60312 s
[QES-Fire] Advance	 Elapsed time: 0.000405839 s
time = 2021-12-31T11:10:53.951000
[QES-WINDS]	 Applying Wind Profile...
Elapsed time for Barnes interpolation on GPU: 0.0191378 s
		 elapsed time: 0.0194267 s
[QES-Fire] LS	 Elapsed time: 0.0384002 s
max ROS = 2.3648
dt = 7.61165 s
[QES-Fire] Pot	 Elapsed time: 13.1599 s
[QES-WINDS]	 Applying parameterizations...
		 elapsed time: 0.00146341 s
[Solver] Running Global Memory Solver (GPU) ...
[Solver] Residual after 500 itertations: 0.042774200
		 Elapsed time: 0.71104 s
[QES-Fire] LS	 Elapsed time: 0.0381349 s
max ROS = 2.36471
dt = 7.61192 s
[QES-Fire] Advance	 Elapsed time: 0.0004082 s
time = 2021-12-31T11:11:01.563000
[QES-WINDS]	 Applying Wind Profile...
Elapsed time for Barnes interpolation on GPU: 0.0170181 s
		 elapsed time: 0.0173089 s
[QES-Fire] LS	 Elapsed time: 0.0382627 s
max ROS = 2.35697
dt = 7.63692 s
[QES-Fire] Pot	 Elapsed time: 13.2342 s
[QES-WINDS]	 Applying parameterizations...
		 elapsed time: 0.00146591 s
[Solver] Running Global Memory Solver (GPU) ...
[Solver] Residual after 500 itertations: 0.042716980
		 Elapsed time: 0.711763 s
[QES-Fire] LS	 Elapsed time: 0.0381524 s
max ROS = 2.37986
dt = 7.56347 s
[QES-Fire] Advance	 Elapsed time: 0.00040448 s
time = 2021-12-31T11:11:09.126000
[QES-WINDS]	 Applying Wind Profile...
Elapsed time for Barnes interpolation on GPU: 0.0156106 s
		 elapsed time: 0.0159001 s
[QES-Fire] LS	 Elapsed time: 0.0384081 s
max ROS = 2.35622
dt = 7.63936 s
[QES-Fire] Pot	 Elapsed time: 13.2519 s
[QES-WINDS]	 Applying parameterizations...
		 elapsed time: 0.00146808 s
[Solver] Running Global Memory Solver (GPU) ...
[Solver] Residual after 500 itertations: 0.042728424
		 Elapsed time: 0.710227 s
[QES-Fire] LS	 Elapsed time: 0.0380145 s
max ROS = 2.35641
dt = 7.63873 s
[QES-Fire] Advance	 Elapsed time: 0.000400419 s
time = 2021-12-31T11:11:16.765000
[QES-WINDS]	 Applying Wind Profile...
Elapsed time for Barnes interpolation on GPU: 0.0136546 s
		 elapsed time: 0.0139463 s
[QES-Fire] LS	 Elapsed time: 0.0381827 s
max ROS = 2.35641
dt = 7.63875 s
[QES-Fire] Pot	 Elapsed time: 12.7609 s
[QES-WINDS]	 Applying parameterizations...
		 elapsed time: 0.00146858 s
[Solver] Running Global Memory Solver (GPU) ...
[Solver] Residual after 500 itertations: 0.042938232
		 Elapsed time: 0.708824 s
[QES-Fire] LS	 Elapsed time: 0.0380542 s
max ROS = 2.37946
dt = 7.56475 s
[QES-Fire] Advance	 Elapsed time: 0.00040298 s
time = 2021-12-31T11:11:24.330000
[QES-WINDS]	 Applying Wind Profile...
Elapsed time for Barnes interpolation on GPU: 0.013842 s
		 elapsed time: 0.0141309 s
[QES-Fire] LS	 Elapsed time: 0.0382857 s
max ROS = 2.37945
dt = 7.56476 s
[QES-Fire] Pot	 Elapsed time: 12.7797 s
[QES-WINDS]	 Applying parameterizations...
		 elapsed time: 0.00146841 s
[Solver] Running Global Memory Solver (GPU) ...
[Solver] Residual after 500 itertations: 0.055469513
		 Elapsed time: 0.710142 s
[QES-Fire] LS	 Elapsed time: 0.0380166 s
max ROS = 2.40925
dt = 7.47122 s
[QES-Fire] Advance	 Elapsed time: 0.00040446 s
time = 2021-12-31T11:11:31.801000
[QES-WINDS]	 Applying Wind Profile...
Elapsed time for Barnes interpolation on GPU: 0.0137493 s
		 elapsed time: 0.014037 s
[QES-Fire] LS	 Elapsed time: 0.0382152 s
max ROS = 2.40925
dt = 7.4712 s
[QES-Fire] Pot	 Elapsed time: 12.6549 s
[QES-WINDS]	 Applying parameterizations...
		 elapsed time: 0.00146984 s
[Solver] Running Global Memory Solver (GPU) ...
[Solver] Residual after 500 itertations: 0.055625916
		 Elapsed time: 0.708846 s
[QES-Fire] LS	 Elapsed time: 0.0379687 s
max ROS = 2.45892
dt = 7.32027 s
[QES-Fire] Advance	 Elapsed time: 0.00040809 s
time = 2021-12-31T11:11:39.121000
[QES-WINDS]	 Applying Wind Profile...
Elapsed time for Barnes interpolation on GPU: 0.01548 s
		 elapsed time: 0.015769 s
[QES-Fire] LS	 Elapsed time: 0.0382156 s
max ROS = 2.45893
dt = 7.32026 s
[QES-Fire] Pot	 Elapsed time: 12.632 s
[QES-WINDS]	 Applying parameterizations...
		 elapsed time: 0.00147309 s
[Solver] Running Global Memory Solver (GPU) ...
[Solver] Residual after 500 itertations: 0.055576324
		 Elapsed time: 0.708461 s
[QES-Fire] LS	 Elapsed time: 0.0379146 s
max ROS = 2.45893
dt = 7.32026 s
[QES-Fire] Advance	 Elapsed time: 0.00040424 s
time = 2021-12-31T11:11:46.441000
[QES-WINDS]	 Applying Wind Profile...
Elapsed time for Barnes interpolation on GPU: 0.0137153 s
		 elapsed time: 0.0140062 s
[QES-Fire] LS	 Elapsed time: 0.0381265 s
max ROS = 2.39315
dt = 7.52147 s
[QES-Fire] Pot	 Elapsed time: 11.8368 s
[QES-WINDS]	 Applying parameterizations...
		 elapsed time: 0.00147312 s
[Solver] Running Global Memory Solver (GPU) ...
[Solver] Residual after 500 itertations: 0.041770935
		 Elapsed time: 0.710247 s
[QES-Fire] LS	 Elapsed time: 0.0380119 s
max ROS = 2.44417
dt = 7.36446 s
[QES-Fire] Advance	 Elapsed time: 0.00040445 s
time = 2021-12-31T11:11:53.805000
[QES-WINDS]	 Applying Wind Profile...
Elapsed time for Barnes interpolation on GPU: 0.0159389 s
		 elapsed time: 0.0162291 s
[QES-Fire] LS	 Elapsed time: 0.0382238 s
max ROS = 2.44414
dt = 7.36455 s
[QES-Fire] Pot	 Elapsed time: 12.0343 s
[QES-WINDS]	 Applying parameterizations...
		 elapsed time: 0.00147449 s
[Solver] Running Global Memory Solver (GPU) ...
[Solver] Residual after 500 itertations: 0.041957855
		 Elapsed time: 0.710853 s
[QES-Fire] LS	 Elapsed time: 0.0379475 s
max ROS = 2.45224
dt = 7.34021 s
[QES-Fire] Advance	 Elapsed time: 0.000402939 s
time = 2021-12-31T11:12:01.145000
[QES-WINDS]	 Applying Wind Profile...
Elapsed time for Barnes interpolation on GPU: 0.0144767 s
		 elapsed time: 0.0147667 s
[QES-Fire] LS	 Elapsed time: 0.0387292 s
max ROS = 2.45222
dt = 7.34028 s
[QES-Fire] Pot	 Elapsed time: 11.6791 s
[QES-WINDS]	 Applying parameterizations...
		 elapsed time: 0.00146558 s
[Solver] Running Global Memory Solver (GPU) ...
[Solver] Residual after 500 itertations: 0.041797638
		 Elapsed time: 0.710357 s
[QES-Fire] LS	 Elapsed time: 0.0379077 s
max ROS = 2.4645
dt = 7.30372 s
[QES-Fire] Advance	 Elapsed time: 0.00040302 s
time = 2021-12-31T11:12:08.449000
[QES-WINDS]	 Applying Wind Profile...
Elapsed time for Barnes interpolation on GPU: 0.0136584 s
		 elapsed time: 0.013948 s
[QES-Fire] LS	 Elapsed time: 0.0381775 s
max ROS = 2.40497
dt = 7.48451 s
[QES-Fire] Pot	 Elapsed time: 11.5471 s
[QES-WINDS]	 Applying parameterizations...
		 elapsed time: 0.00147241 s
[Solver] Running Global Memory Solver (GPU) ...
[Solver] Residual after 500 itertations: 0.042087555
		 Elapsed time: 0.710129 s
[QES-Fire] LS	 Elapsed time: 0.0380104 s
max ROS = 2.45125
dt = 7.34319 s
[QES-Fire] Advance	 Elapsed time: 0.00040774 s
time = 2021-12-31T11:12:15.792000
[QES-WINDS]	 Applying Wind Profile...
Elapsed time for Barnes interpolation on GPU: 0.0150613 s
		 elapsed time: 0.0153498 s
[QES-Fire] LS	 Elapsed time: 0.0380992 s
max ROS = 2.39511
dt = 7.51531 s
[QES-Fire] Pot	 Elapsed time: 11.2789 s
[QES-WINDS]	 Applying parameterizations...
		 elapsed time: 0.00148244 s
[Solver] Running Global Memory Solver (GPU) ...
[Solver] Residual after 500 itertations: 0.042140961
		 Elapsed time: 0.709831 s
[QES-Fire] LS	 Elapsed time: 0.0377996 s
max ROS = 2.4359
dt = 7.38945 s
[QES-Fire] Advance	 Elapsed time: 0.000402899 s
time = 2021-12-31T11:12:23.181000
[QES-WINDS]	 Applying Wind Profile...
Elapsed time for Barnes interpolation on GPU: 0.015089 s
		 elapsed time: 0.0153809 s
[QES-Fire] LS	 Elapsed time: 0.0380183 s
max ROS = 2.4359
dt = 7.38945 s
[QES-Fire] Pot	 Elapsed time: 12.2181 s
[QES-WINDS]	 Applying parameterizations...
		 elapsed time: 0.00147298 s
[Solver] Running Global Memory Solver (GPU) ...
[Solver] Residual after 500 itertations: 0.042041779
		 Elapsed time: 0.710719 s
[QES-Fire] LS	 Elapsed time: 0.037827 s
max ROS = 2.43634
dt = 7.38812 s
[QES-Fire] Advance	 Elapsed time: 0.00040745 s
time = 2021-12-31T11:12:30.569000
[QES-WINDS]	 Applying Wind Profile...
Elapsed time for Barnes interpolation on GPU: 0.0159351 s
		 elapsed time: 0.0162254 s
[QES-Fire] LS	 Elapsed time: 0.0380099 s
max ROS = 2.43634
dt = 7.38813 s
[QES-Fire] Pot	 Elapsed time: 11.875 s
[QES-WINDS]	 Applying parameterizations...
		 elapsed time: 0.00146771 s
[Solver] Running Global Memory Solver (GPU) ...
[Solver] Residual after 500 itertations: 0.041530609
		 Elapsed time: 0.708421 s
[QES-Fire] LS	 Elapsed time: 0.0378326 s
max ROS = 2.4472
dt = 7.35536 s
[QES-Fire] Advance	 Elapsed time: 0.00040358 s
time = 2021-12-31T11:12:37.924000
[QES-WINDS]	 Applying Wind Profile...
Elapsed time for Barnes interpolation on GPU: 0.0137354 s
		 elapsed time: 0.0140293 s
[QES-Fire] LS	 Elapsed time: 0.038029 s
max ROS = 2.47253
dt = 7.27999 s
[QES-Fire] Pot	 Elapsed time: 11.4769 s
[QES-WINDS]	 Applying parameterizations...
		 elapsed time: 0.00146878 s
[Solver] Running Global Memory Solver (GPU) ...
[Solver] Residual after 500 itertations: 0.041606903
		 Elapsed time: 0.714181 s
[QES-Fire] LS	 Elapsed time: 0.0378019 s
max ROS = 2.46437
dt = 7.3041 s
[QES-Fire] Advance	 Elapsed time: 0.000400889 s
time = 2021-12-31T11:12:45.228000
[QES-WINDS]	 Applying Wind Profile...
Elapsed time for Barnes interpolation on GPU: 0.0143748 s
		 elapsed time: 0.0146703 s
[QES-Fire] LS	 Elapsed time: 0.038066 s
max ROS = 2.63079
dt = 6.84206 s
[QES-Fire] Pot	 Elapsed time: 11.2008 s
[QES-WINDS]	 Applying parameterizations...
		 elapsed time: 0.00147079 s
[Solver] Running Global Memory Solver (GPU) ...
[Solver] Residual after 500 itertations: 0.042015076
		 Elapsed time: 0.708822 s
[QES-Fire] LS	 Elapsed time: 0.0378006 s
max ROS = 2.69655
dt = 6.67519 s
[QES-Fire] Advance	 Elapsed time: 0.000406269 s
time = 2021-12-31T11:12:51.903000
[QES-WINDS]	 Applying Wind Profile...
Elapsed time for Barnes interpolation on GPU: 0.0141611 s
		 elapsed time: 0.0144574 s
[QES-Fire] LS	 Elapsed time: 0.038049 s
max ROS = 2.7015
dt = 6.66296 s
[QES-Fire] Pot	 Elapsed time: 11.735 s
[QES-WINDS]	 Applying parameterizations...
		 elapsed time: 0.0014639 s
[Solver] Running Global Memory Solver (GPU) ...
[Solver] Residual after 500 itertations: 0.041852951
		 Elapsed time: 0.708681 s
[QES-Fire] LS	 Elapsed time: 0.0376418 s
max ROS = 2.71464
dt = 6.6307 s
[QES-Fire] Advance	 Elapsed time: 0.000402419 s
time = 2021-12-31T11:12:58.534000
[QES-WINDS]	 Applying Wind Profile...
Elapsed time for Barnes interpolation on GPU: 0.0136176 s
		 elapsed time: 0.0139079 s
[QES-Fire] LS	 Elapsed time: 0.0379955 s
max ROS = 2.6971
dt = 6.67384 s
[QES-Fire] Pot	 Elapsed time: 12.0603 s
[QES-WINDS]	 Applying parameterizations...
		 elapsed time: 0.00146636 s
[Solver] Running Global Memory Solver (GPU) ...
[Solver] Residual after 500 itertations: 0.041439056
		 Elapsed time: 0.71124 s
[QES-Fire] LS	 Elapsed time: 0.0376045 s
max ROS = 2.71296
dt = 6.63482 s
[QES-Fire] Advance	 Elapsed time: 0.000403119 s
time = 2021-12-31T11:13:05.169000
[QES-WINDS]	 Applying Wind Profile...
Elapsed time for Barnes interpolation on GPU: 0.0158554 s
		 elapsed time: 0.0161487 s
[QES-Fire] LS	 Elapsed time: 0.0377749 s
max ROS = 2.68122
dt = 6.71336 s
[QES-Fire] Pot	 Elapsed time: 12.3215 s
[QES-WINDS]	 Applying parameterizations...
		 elapsed time: 0.00146834 s
[Solver] Running Global Memory Solver (GPU) ...
[Solver] Residual after 500 itertations: 0.041435242
		 Elapsed time: 0.710004 s
[QES-Fire] LS	 Elapsed time: 0.037773 s
max ROS = 2.68639
dt = 6.70044 s
[QES-Fire] Advance	 Elapsed time: 0.000401489 s
time = 2021-12-31T11:13:11.869000
[QES-WINDS]	 Applying Wind Profile...
Elapsed time for Barnes interpolation on GPU: 0.014539 s
		 elapsed time: 0.0148291 s
[QES-Fire] LS	 Elapsed time: 0.0378353 s
max ROS = 2.66477
dt = 6.75481 s
[QES-Fire] Pot	 Elapsed time: 12.3542 s
[QES-WINDS]	 Applying parameterizations...
		 elapsed time: 0.00147171 s
[Solver] Running Global Memory Solver (GPU) ...
[Solver] Residual after 500 itertations: 0.041881561
		 Elapsed time: 0.712531 s
[QES-Fire] LS	 Elapsed time: 0.0375002 s
max ROS = 2.86867
dt = 6.27469 s
[QES-Fire] Advance	 Elapsed time: 0.0004013 s
time = 2021-12-31T11:13:18.144000
[QES-WINDS]	 Applying Wind Profile...
Elapsed time for Barnes interpolation on GPU: 0.0136623 s
		 elapsed time: 0.0139554 s
[QES-Fire] LS	 Elapsed time: 0.037721 s
max ROS = 2.30583
dt = 7.8063 s
[QES-Fire] Pot	 Elapsed time: 12.1822 s
[QES-WINDS]	 Applying parameterizations...
		 elapsed time: 0.00147663 s
[Solver] Running Global Memory Solver (GPU) ...
[Solver] Residual after 500 itertations: 0.041702271
		 Elapsed time: 0.709302 s
[QES-Fire] LS	 Elapsed time: 0.0375239 s
max ROS = 2.3178
dt = 7.76598 s
[QES-Fire] Advance	 Elapsed time: 0.000409069 s
time = 2021-12-31T11:13:25.910000
[QES-WINDS]	 Applying Wind Profile...
Elapsed time for Barnes interpolation on GPU: 0.013536 s
		 elapsed time: 0.01383 s
[QES-Fire] LS	 Elapsed time: 0.0376171 s
max ROS = 2.32008
dt = 7.75836 s
[QES-Fire] Pot	 Elapsed time: 12.0924 s
[QES-WINDS]	 Applying parameterizations...
		 elapsed time: 0.00147199 s
[Solver] Running Global Memory Solver (GPU) ...
[Solver] Residual after 500 itertations: 0.041404724
		 Elapsed time: 0.710367 s
[QES-Fire] LS	 Elapsed time: 0.0374572 s
max ROS = 2.32089
dt = 7.75565 s
[QES-Fire] Advance	 Elapsed time: 0.00040559 s
time = 2021-12-31T11:13:33.666000
[QES-WINDS]	 Applying Wind Profile...
Elapsed time for Barnes interpolation on GPU: 0.0153151 s
		 elapsed time: 0.0156069 s
[QES-Fire] LS	 Elapsed time: 0.0375973 s
max ROS = 2.32085
dt = 7.75579 s
[QES-Fire] Pot	 Elapsed time: 11.4091 s
[QES-WINDS]	 Applying parameterizations...
		 elapsed time: 0.00147007 s
[Solver] Running Global Memory Solver (GPU) ...
[Solver] Residual after 500 itertations: 0.040832520
		 Elapsed time: 0.70905 s
[QES-Fire] LS	 Elapsed time: 0.0374426 s
max ROS = 2.33496
dt = 7.70891 s
[QES-Fire] Advance	 Elapsed time: 0.00040092 s
time = 2021-12-31T11:13:41.375000
[QES-WINDS]	 Applying Wind Profile...
Elapsed time for Barnes interpolation on GPU: 0.0135202 s
		 elapsed time: 0.0138101 s
[QES-Fire] LS	 Elapsed time: 0.0376579 s
max ROS = 2.33492
dt = 7.70905 s
[QES-Fire] Pot	 Elapsed time: 11.413 s
[QES-WINDS]	 Applying parameterizations...
		 elapsed time: 0.00147295 s
[Solver] Running Global Memory Solver (GPU) ...
[Solver] Residual after 500 itertations: 0.040832520
		 Elapsed time: 0.708709 s
[QES-Fire] LS	 Elapsed time: 0.0373906 s
max ROS = 2.33726
dt = 7.70134 s
[QES-Fire] Advance	 Elapsed time: 0.000403449 s
time = 2021-12-31T11:13:49.076000
[QES-WINDS]	 Applying Wind Profile...
Elapsed time for Barnes interpolation on GPU: 0.0150672 s
		 elapsed time: 0.0153566 s
[QES-Fire] LS	 Elapsed time: 0.0375775 s
max ROS = 2.33722
dt = 7.70146 s
[QES-Fire] Pot	 Elapsed time: 11.0903 s
[QES-WINDS]	 Applying parameterizations...
		 elapsed time: 0.00147105 s
[Solver] Running Global Memory Solver (GPU) ...
[Solver] Residual after 500 itertations: 0.041065216
		 Elapsed time: 0.708878 s
[QES-Fire] LS	 Elapsed time: 0.0373922 s
max ROS = 2.34294
dt = 7.68267 s
[QES-Fire] Advance	 Elapsed time: 0.00040658 s
time = 2021-12-31T11:13:56.759000
[QES-WINDS]	 Applying Wind Profile...
Elapsed time for Barnes interpolation on GPU: 0.013535 s
		 elapsed time: 0.0138276 s
[QES-Fire] LS	 Elapsed time: 0.0380926 s
max ROS = 2.3429
dt = 7.68278 s
[QES-Fire] Pot	 Elapsed time: 10.7599 s
[QES-WINDS]	 Applying parameterizations...
		 elapsed time: 0.0014686 s
[Solver] Running Global Memory Solver (GPU) ...
[Solver] Residual after 500 itertations: 0.041046143
		 Elapsed time: 0.709428 s
[QES-Fire] LS	 Elapsed time: 0.0373536 s
max ROS = 2.36152
dt = 7.62222 s
[QES-Fire] Advance	 Elapsed time: 0.00040508 s
time = 2021-12-31T11:14:04.381000
[QES-WINDS]	 Applying Wind Profile...
Elapsed time for Barnes interpolation on GPU: 0.0150282 s
		 elapsed time: 0.0153189 s
[QES-Fire] LS	 Elapsed time: 0.0375262 s
max ROS = 2.36149
dt = 7.62232 s
[QES-Fire] Pot	 Elapsed time: 10.8689 s
[QES-WINDS]	 Applying parameterizations...
		 elapsed time: 0.00146623 s
[Solver] Running Global Memory Solver (GPU) ...
[Solver] Residual after 500 itertations: 0.041042328
		 Elapsed time: 0.710992 s
[QES-Fire] LS	 Elapsed time: 0.0381741 s
max ROS = 2.36737
dt = 7.60337 s
[QES-Fire] Advance	 Elapsed time: 0.0004009 s
time = 2021-12-31T11:14:11.984000
[QES-WINDS]	 Applying Wind Profile...
Elapsed time for Barnes interpolation on GPU: 0.0158816 s
		 elapsed time: 0.016173 s
[QES-Fire] LS	 Elapsed time: 0.0373631 s
max ROS = 2.36734
dt = 7.60347 s
[QES-Fire] Pot	 Elapsed time: 10.3099 s
[QES-WINDS]	 Applying parameterizations...
		 elapsed time: 0.00147105 s
[Solver] Running Global Memory Solver (GPU) ...
[Solver] Residual after 500 itertations: 0.041206360
		 Elapsed time: 0.712096 s
[QES-Fire] LS	 Elapsed time: 0.0373059 s
max ROS = 2.38113
dt = 7.55943 s
[QES-Fire] Advance	 Elapsed time: 0.00040961 s
time = 2021-12-31T11:14:19.543000
[QES-WINDS]	 Applying Wind Profile...
Elapsed time for Barnes interpolation on GPU: 0.0178125 s
		 elapsed time: 0.0181072 s
[QES-Fire] LS	 Elapsed time: 0.0375329 s
max ROS = 2.38111
dt = 7.55951 s
[QES-Fire] Pot	 Elapsed time: 10.5714 s
[QES-WINDS]	 Applying parameterizations...
		 elapsed time: 0.0014688 s
[Solver] Running Global Memory Solver (GPU) ...
[Solver] Residual after 500 itertations: 0.040672302
		 Elapsed time: 0.708418 s
[QES-Fire] LS	 Elapsed time: 0.0376425 s
max ROS = 2.39601
dt = 7.51249 s
[QES-Fire] Advance	 Elapsed time: 0.00040117 s
time = 2021-12-31T11:14:27.055000
[QES-WINDS]	 Applying Wind Profile...
Elapsed time for Barnes interpolation on GPU: 0.0155412 s
		 elapsed time: 0.0158356 s
[QES-Fire] LS	 Elapsed time: 0.0375176 s
max ROS = 2.39599
dt = 7.51256 s
[QES-Fire] Pot	 Elapsed time: 10.5666 s
[QES-WINDS]	 Applying parameterizations...
		 elapsed time: 0.00146234 s
[Solver] Running Global Memory Solver (GPU) ...
[Solver] Residual after 500 itertations: 0.040672302
		 Elapsed time: 0.710281 s
[QES-Fire] LS	 Elapsed time: 0.0372375 s
max ROS = 2.39721
dt = 7.50871 s
[QES-Fire] Advance	 Elapsed time: 0.000408649 s
time = 2021-12-31T11:14:34.564000
[QES-WINDS]	 Applying Wind Profile...
Elapsed time for Barnes interpolation on GPU: 0.0135893 s
		 elapsed time: 0.0138794 s
[QES-Fire] LS	 Elapsed time: 0.0376157 s
max ROS = 2.3972
dt = 7.50876 s
[QES-Fire] Pot	 Elapsed time: 10.8639 s
[QES-WINDS]	 Applying parameterizations...
		 elapsed time: 0.00147427 s
[Solver] Running Global Memory Solver (GPU) ...
[Solver] Residual after 500 itertations: 0.040657043
		 Elapsed time: 0.711138 s
[QES-Fire] LS	 Elapsed time: 0.0371858 s
max ROS = 2.4043
dt = 7.48658 s
[QES-Fire] Advance	 Elapsed time: 0.000402469 s
time = 2021-12-31T11:14:42.051000
[QES-WINDS]	 Applying Wind Profile...
Elapsed time for Barnes interpolation on GPU: 0.013491 s
		 elapsed time: 0.0137808 s
[QES-Fire] LS	 Elapsed time: 0.0374329 s
max ROS = 2.40429
dt = 7.48662 s
[QES-Fire] Pot	 Elapsed time: 10.43 s
[QES-WINDS]	 Applying parameterizations...
		 elapsed time: 0.00146869 s
[Solver] Running Global Memory Solver (GPU) ...
[Solver] Residual after 500 itertations: 0.040664673
		 Elapsed time: 0.708264 s
[QES-Fire] LS	 Elapsed time: 0.0371126 s
max ROS = 2.41313
dt = 7.45921 s
[QES-Fire] Advance	 Elapsed time: 0.000409469 s
time = 2021-12-31T11:14:49.510000
[QES-WINDS]	 Applying Wind Profile...
Elapsed time for Barnes interpolation on GPU: 0.0160862 s
		 elapsed time: 0.0163763 s
[QES-Fire] LS	 Elapsed time: 0.0373559 s
max ROS = 2.41311
dt = 7.45925 s
[QES-Fire] Pot	 Elapsed time: 11.7295 s
[QES-WINDS]	 Applying parameterizations...
		 elapsed time: 0.00146899 s
[Solver] Running Global Memory Solver (GPU) ...
[Solver] Residual after 500 itertations: 0.040660858
		 Elapsed time: 0.709126 s
[QES-Fire] LS	 Elapsed time: 0.0371899 s
max ROS = 2.41809
dt = 7.44389 s
[QES-Fire] Advance	 Elapsed time: 0.000403439 s
time = 2021-12-31T11:14:56.954000
[QES-WINDS]	 Applying Wind Profile...
Elapsed time for Barnes interpolation on GPU: 0.013566 s
		 elapsed time: 0.0138639 s
[QES-Fire] LS	 Elapsed time: 0.0372255 s
max ROS = 2.41808
dt = 7.44392 s
[QES-Fire] Pot	 Elapsed time: 11.4298 s
[QES-WINDS]	 Applying parameterizations...
		 elapsed time: 0.00146286 s
[Solver] Running Global Memory Solver (GPU) ...
[Solver] Residual after 500 itertations: 0.040664673
		 Elapsed time: 0.71328 s
[QES-Fire] LS	 Elapsed time: 0.0376935 s
max ROS = 2.42237
dt = 7.43073 s
[QES-Fire] Advance	 Elapsed time: 0.000404129 s
time = 2021-12-31T11:15:04.385000
[QES-WINDS]	 Applying Wind Profile...
Elapsed time for Barnes interpolation on GPU: 0.0145097 s
		 elapsed time: 0.0147989 s
[QES-Fire] LS	 Elapsed time: 0.0372135 s
max ROS = 2.42238
dt = 7.43072 s
[QES-Fire] Pot	 Elapsed time: 10.875 s
[QES-WINDS]	 Applying parameterizations...
		 elapsed time: 0.0014718 s
[Solver] Running Global Memory Solver (GPU) ...
[Solver] Residual after 500 itertations: 0.040664673
		 Elapsed time: 0.712797 s
[QES-Fire] LS	 Elapsed time: 0.0370741 s
max ROS = 2.43172
dt = 7.40217 s
[QES-Fire] Advance	 Elapsed time: 0.00040225 s
time = 2021-12-31T11:15:11.787000
[QES-WINDS]	 Applying Wind Profile...
Elapsed time for Barnes interpolation on GPU: 0.0136158 s
		 elapsed time: 0.0139062 s
[QES-Fire] LS	 Elapsed time: 0.0371822 s
max ROS = 2.43171
dt = 7.40221 s
[QES-Fire] Pot	 Elapsed time: 10.6295 s
[QES-WINDS]	 Applying parameterizations...
		 elapsed time: 0.0014754 s
[Solver] Running Global Memory Solver (GPU) ...
[Solver] Residual after 500 itertations: 0.040672302
		 Elapsed time: 0.708374 s
[QES-Fire] LS	 Elapsed time: 0.0370168 s
max ROS = 2.47207
dt = 7.28133 s
[QES-Fire] Advance	 Elapsed time: 0.00040831 s
time = 2021-12-31T11:15:19.068000
[QES-WINDS]	 Applying Wind Profile...
Elapsed time for Barnes interpolation on GPU: 0.015389 s
		 elapsed time: 0.0156769 s
[QES-Fire] LS	 Elapsed time: 0.0373456 s
max ROS = 2.47207
dt = 7.28133 s
[QES-Fire] Pot	 Elapsed time: 10.9461 s
[QES-WINDS]	 Applying parameterizations...
		 elapsed time: 0.00146656 s
[Solver] Running Global Memory Solver (GPU) ...
[Solver] Residual after 500 itertations: 0.040618896
		 Elapsed time: 0.710056 s
[QES-Fire] LS	 Elapsed time: 0.0370699 s
max ROS = 2.46515
dt = 7.30178 s
[QES-Fire] Advance	 Elapsed time: 0.00040381 s
time = 2021-12-31T11:15:26.370000
[QES-WINDS]	 Applying Wind Profile...
Elapsed time for Barnes interpolation on GPU: 0.0135179 s
		 elapsed time: 0.0138114 s
[QES-Fire] LS	 Elapsed time: 0.0372379 s
max ROS = 2.43652
dt = 7.3876 s
[QES-Fire] Pot	 Elapsed time: 10.3896 s
[QES-WINDS]	 Applying parameterizations...
		 elapsed time: 0.00146657 s
[Solver] Running Global Memory Solver (GPU) ...
[Solver] Residual after 500 itertations: 0.040653229
		 Elapsed time: 0.710864 s
[QES-Fire] LS	 Elapsed time: 0.0369509 s
max ROS = 2.48641
dt = 7.23934 s
[QES-Fire] Advance	 Elapsed time: 0.000404349 s
time = 2021-12-31T11:15:33.609000
[QES-WINDS]	 Applying Wind Profile...
Elapsed time for Barnes interpolation on GPU: 0.0135797 s
		 elapsed time: 0.0138737 s
[QES-Fire] LS	 Elapsed time: 0.0370967 s
max ROS = 2.48641
dt = 7.23934 s
[QES-Fire] Pot	 Elapsed time: 10.388 s
[QES-WINDS]	 Applying parameterizations...
		 elapsed time: 0.00146546 s
[Solver] Running Global Memory Solver (GPU) ...
[Solver] Residual after 500 itertations: 0.040653229
		 Elapsed time: 0.709722 s
[QES-Fire] LS	 Elapsed time: 0.0369118 s
max ROS = 2.48643
dt = 7.2393 s
[QES-Fire] Advance	 Elapsed time: 0.000405229 s
time = 2021-12-31T11:15:40.848000
[QES-WINDS]	 Applying Wind Profile...
Elapsed time for Barnes interpolation on GPU: 0.0148605 s
		 elapsed time: 0.0151622 s
[QES-Fire] LS	 Elapsed time: 0.03719 s
max ROS = 2.38366
dt = 7.55141 s
[QES-Fire] Pot	 Elapsed time: 10.1361 s
[QES-WINDS]	 Applying parameterizations...
		 elapsed time: 0.00147201 s
[Solver] Running Global Memory Solver (GPU) ...
[Solver] Residual after 500 itertations: 0.040515900
		 Elapsed time: 0.709187 s
[QES-Fire] LS	 Elapsed time: 0.0368825 s
max ROS = 2.3899
dt = 7.5317 s
[QES-Fire] Advance	 Elapsed time: 0.000406269 s
time = 2021-12-31T11:15:48.380000
[QES-WINDS]	 Applying Wind Profile...
Elapsed time for Barnes interpolation on GPU: 0.0135257 s
		 elapsed time: 0.0138158 s
[QES-Fire] LS	 Elapsed time: 0.0370664 s
max ROS = 2.38991
dt = 7.53165 s
[QES-Fire] Pot	 Elapsed time: 10.5619 s
[QES-WINDS]	 Applying parameterizations...
		 elapsed time: 0.0014714 s
[Solver] Running Global Memory Solver (GPU) ...
[Solver] Residual after 500 itertations: 0.041976929
		 Elapsed time: 0.711658 s
[QES-Fire] LS	 Elapsed time: 0.0369063 s
max ROS = 2.37568
dt = 7.57679 s
[QES-Fire] Advance	 Elapsed time: 0.00040593 s
time = 2021-12-31T11:15:55.957000
[QES-WINDS]	 Applying Wind Profile...
Elapsed time for Barnes interpolation on GPU: 0.0164873 s
		 elapsed time: 0.0167832 s
[QES-Fire] LS	 Elapsed time: 0.0371048 s
max ROS = 2.37568
dt = 7.57677 s
[QES-Fire] Pot	 Elapsed time: 10.7737 s
[QES-WINDS]	 Applying parameterizations...
		 elapsed time: 0.0014758 s
[Solver] Running Global Memory Solver (GPU) ...
[Solver] Residual after 500 itertations: 0.041976929
		 Elapsed time: 0.708853 s
[QES-Fire] LS	 Elapsed time: 0.0367759 s
max ROS = 2.38255
dt = 7.55492 s
[QES-Fire] Advance	 Elapsed time: 0.0004084 s
time = 2021-12-31T11:16:03.512000
[QES-WINDS]	 Applying Wind Profile...
Elapsed time for Barnes interpolation on GPU: 0.0152577 s
		 elapsed time: 0.0155464 s
[QES-Fire] LS	 Elapsed time: 0.0369653 s
max ROS = 2.38258
dt = 7.55485 s
[QES-Fire] Pot	 Elapsed time: 10.7617 s
[QES-WINDS]	 Applying parameterizations...
		 elapsed time: 0.00146816 s
[Solver] Running Global Memory Solver (GPU) ...
[Solver] Residual after 500 itertations: 0.041965485
		 Elapsed time: 0.714051 s
[QES-Fire] LS	 Elapsed time: 0.036791 s
max ROS = 2.38263
dt = 7.55467 s
[QES-Fire] Advance	 Elapsed time: 0.00040622 s
time = 2021-12-31T11:16:11.067000
[QES-WINDS]	 Applying Wind Profile...
Elapsed time for Barnes interpolation on GPU: 0.0162775 s
		 elapsed time: 0.0165721 s
[QES-Fire] LS	 Elapsed time: 0.0370241 s
max ROS = 2.38262
dt = 7.5547 s
[QES-Fire] Pot	 Elapsed time: 10.7761 s
[QES-WINDS]	 Applying parameterizations...
		 elapsed time: 0.00147015 s
[Solver] Running Global Memory Solver (GPU) ...
[Solver] Residual after 500 itertations: 0.041625977
		 Elapsed time: 0.70998 s
[QES-Fire] LS	 Elapsed time: 0.0368839 s
max ROS = 2.38559
dt = 7.54529 s
[QES-Fire] Advance	 Elapsed time: 0.00040214 s
time = 2021-12-31T11:16:18.612000
[QES-WINDS]	 Applying Wind Profile...
Elapsed time for Barnes interpolation on GPU: 0.0156985 s
		 elapsed time: 0.0159928 s
[QES-Fire] LS	 Elapsed time: 0.0370387 s
max ROS = 2.3856
dt = 7.54526 s
[QES-Fire] Pot	 Elapsed time: 10.0347 s
[QES-WINDS]	 Applying parameterizations...
		 elapsed time: 0.00146779 s
[Solver] Running Global Memory Solver (GPU) ...
[Solver] Residual after 500 itertations: 0.039867401
		 Elapsed time: 0.709118 s
[QES-Fire] LS	 Elapsed time: 0.0367481 s
max ROS = 2.40836
dt = 7.47397 s
[QES-Fire] Advance	 Elapsed time: 0.00041186 s
time = 2021-12-31T11:16:26.086000
[QES-WINDS]	 Applying Wind Profile...
Elapsed time for Barnes interpolation on GPU: 0.0166358 s
		 elapsed time: 0.0169888 s
[QES-Fire] LS	 Elapsed time: 0.0370574 s
max ROS = 2.40838
dt = 7.4739 s
[QES-Fire] Pot	 Elapsed time: 10.8823 s
[QES-WINDS]	 Applying parameterizations...
		 elapsed time: 0.00147546 s
[Solver] Running Global Memory Solver (GPU) ...
[Solver] Residual after 500 itertations: 0.039714813
		 Elapsed time: 0.71074 s
[QES-Fire] LS	 Elapsed time: 0.0367215 s
max ROS = 2.41647
dt = 7.44889 s
[QES-Fire] Advance	 Elapsed time: 0.00040138 s
time = 2021-12-31T11:16:33.535000
[QES-WINDS]	 Applying Wind Profile...
Elapsed time for Barnes interpolation on GPU: 0.013528 s
		 elapsed time: 0.0138164 s
[QES-Fire] LS	 Elapsed time: 0.0369486 s
max ROS = 2.41647
dt = 7.44889 s
[QES-Fire] Pot	 Elapsed time: 10.8617 s
[QES-WINDS]	 Applying parameterizations...
		 elapsed time: 0.00147291 s
[Solver] Running Global Memory Solver (GPU) ...
[Solver] Residual after 500 itertations: 0.039779663
		 Elapsed time: 0.708807 s
[QES-Fire] LS	 Elapsed time: 0.0366358 s
max ROS = 2.41431
dt = 7.45555 s
[QES-Fire] Advance	 Elapsed time: 0.00040992 s
time = 2021-12-31T11:16:40.991000
[QES-WINDS]	 Applying Wind Profile...
Elapsed time for Barnes interpolation on GPU: 0.0136236 s
		 elapsed time: 0.0139183 s
[QES-Fire] LS	 Elapsed time: 0.0369925 s
max ROS = 2.41431
dt = 7.45555 s
[QES-Fire] Pot	 Elapsed time: 10.9872 s
[QES-WINDS]	 Applying parameterizations...
		 elapsed time: 0.00146451 s
[Solver] Running Global Memory Solver (GPU) ...
[Solver] Residual after 500 itertations: 0.041191101
		 Elapsed time: 0.710331 s
[QES-Fire] LS	 Elapsed time: 0.0366057 s
max ROS = 2.42828
dt = 7.41264 s
[QES-Fire] Advance	 Elapsed time: 0.000401969 s
time = 2021-12-31T11:16:48.404000
[QES-WINDS]	 Applying Wind Profile...
Elapsed time for Barnes interpolation on GPU: 0.0135405 s
		 elapsed time: 0.0138378 s
[QES-Fire] LS	 Elapsed time: 0.0368511 s
max ROS = 2.42828
dt = 7.41264 s
[QES-Fire] Pot	 Elapsed time: 10.733 s
[QES-WINDS]	 Applying parameterizations...
		 elapsed time: 0.00146191 s
[Solver] Running Global Memory Solver (GPU) ...
[Solver] Residual after 500 itertations: 0.041191101
		 Elapsed time: 0.708699 s
[QES-Fire] LS	 Elapsed time: 0.0365786 s
max ROS = 2.44311
dt = 7.36766 s
[QES-Fire] Advance	 Elapsed time: 0.000402529 s
time = 2021-12-31T11:16:55.772000
[QES-WINDS]	 Applying Wind Profile...
Elapsed time for Barnes interpolation on GPU: 0.0149385 s
		 elapsed time: 0.0152264 s
[QES-Fire] LS	 Elapsed time: 0.0367943 s
max ROS = 2.44311
dt = 7.36766 s
[QES-Fire] Pot	 Elapsed time: 10.7941 s
[QES-WINDS]	 Applying parameterizations...
		 elapsed time: 0.00146974 s
[Solver] Running Global Memory Solver (GPU) ...
[Solver] Residual after 500 itertations: 0.042602539
		 Elapsed time: 0.709329 s
[QES-Fire] LS	 Elapsed time: 0.0365918 s
max ROS = 2.45245
dt = 7.33958 s
[QES-Fire] Advance	 Elapsed time: 0.000404799 s
time = 2021-12-31T11:17:03.112000
[QES-WINDS]	 Applying Wind Profile...
Elapsed time for Barnes interpolation on GPU: 0.0136073 s
		 elapsed time: 0.0139032 s
[QES-Fire] LS	 Elapsed time: 0.0367989 s
max ROS = 2.45245
dt = 7.33958 s
[QES-Fire] Pot	 Elapsed time: 11.5907 s
[QES-WINDS]	 Applying parameterizations...
		 elapsed time: 0.00146597 s
[Solver] Running Global Memory Solver (GPU) ...
[Solver] Residual after 500 itertations: 0.042587280
		 Elapsed time: 0.710036 s
[QES-Fire] LS	 Elapsed time: 0.0365182 s
max ROS = 2.45291
dt = 7.33822 s
[QES-Fire] Advance	 Elapsed time: 0.000410089 s
time = 2021-12-31T11:17:10.450000
[QES-WINDS]	 Applying Wind Profile...
Elapsed time for Barnes interpolation on GPU: 0.013531 s
		 elapsed time: 0.0138202 s
[QES-Fire] LS	 Elapsed time: 0.0367474 s
max ROS = 2.45291
dt = 7.33822 s
[QES-Fire] Pot	 Elapsed time: 11.5924 s
[QES-WINDS]	 Applying parameterizations...
		 elapsed time: 0.00146465 s
[Solver] Running Global Memory Solver (GPU) ...
[Solver] Residual after 500 itertations: 0.042476654
		 Elapsed time: 0.707269 s
[QES-Fire] LS	 Elapsed time: 0.0364823 s
max ROS = 2.46427
dt = 7.30439 s
[QES-Fire] Advance	 Elapsed time: 0.00040756 s
time = 2021-12-31T11:17:17.754000
[QES-WINDS]	 Applying Wind Profile...
Elapsed time for Barnes interpolation on GPU: 0.0134614 s
		 elapsed time: 0.0137528 s
[QES-Fire] LS	 Elapsed time: 0.0367212 s
max ROS = 2.46689
dt = 7.29664 s
[QES-Fire] Pot	 Elapsed time: 11.9007 s
[QES-WINDS]	 Applying parameterizations...
		 elapsed time: 0.00146714 s
[Solver] Running Global Memory Solver (GPU) ...
[Solver] Residual after 500 itertations: 0.042469025
		 Elapsed time: 0.713438 s
[QES-Fire] LS	 Elapsed time: 0.0364923 s
max ROS = 2.47085
dt = 7.28494 s
[QES-Fire] Advance	 Elapsed time: 0.000404739 s
time = 2021-12-31T11:17:25.039000
[QES-WINDS]	 Applying Wind Profile...
Elapsed time for Barnes interpolation on GPU: 0.0146323 s
		 elapsed time: 0.0149212 s
[QES-Fire] LS	 Elapsed time: 0.0366432 s
max ROS = 2.49147
dt = 7.22466 s
[QES-Fire] Pot	 Elapsed time: 11.7743 s
[QES-WINDS]	 Applying parameterizations...
		 elapsed time: 0.00147271 s
[Solver] Running Global Memory Solver (GPU) ...
[Solver] Residual after 500 itertations: 0.042469025
		 Elapsed time: 0.712055 s
[QES-Fire] LS	 Elapsed time: 0.0363951 s
max ROS = 2.51668
dt = 7.15228 s
[QES-Fire] Advance	 Elapsed time: 0.0004023 s
time = 2021-12-31T11:17:32.191000
[QES-WINDS]	 Applying Wind Profile...
Elapsed time for Barnes interpolation on GPU: 0.0135314 s
		 elapsed time: 0.0138186 s
[QES-Fire] LS	 Elapsed time: 0.0365586 s
max ROS = 2.51668
dt = 7.15228 s
[QES-Fire] Pot	 Elapsed time: 11.782 s
[QES-WINDS]	 Applying parameterizations...
		 elapsed time: 0.00148017 s
[Solver] Running Global Memory Solver (GPU) ...
[Solver] Residual after 500 itertations: 0.042472839
		 Elapsed time: 0.710332 s
[QES-Fire] LS	 Elapsed time: 0.0363697 s
max ROS = 2.51777
dt = 7.14919 s
[QES-Fire] Advance	 Elapsed time: 0.00041137 s
time = 2021-12-31T11:17:39.340000
[QES-WINDS]	 Applying Wind Profile...
Elapsed time for Barnes interpolation on GPU: 0.0144573 s
		 elapsed time: 0.0147509 s
[QES-Fire] LS	 Elapsed time: 0.0365637 s
max ROS = 2.4632
dt = 7.30756 s
[QES-Fire] Pot	 Elapsed time: 12.6362 s
[QES-WINDS]	 Applying parameterizations...
		 elapsed time: 0.00146828 s
[Solver] Running Global Memory Solver (GPU) ...
[Solver] Residual after 500 itertations: 0.042484283
		 Elapsed time: 0.713214 s
[QES-Fire] LS	 Elapsed time: 0.0372389 s
max ROS = 2.46919
dt = 7.28985 s
[QES-Fire] Advance	 Elapsed time: 0.000407589 s
time = 2021-12-31T11:17:46.630000
[QES-WINDS]	 Applying Wind Profile...
Elapsed time for Barnes interpolation on GPU: 0.0135598 s
		 elapsed time: 0.0138525 s
[QES-Fire] LS	 Elapsed time: 0.0367192 s
max ROS = 2.46919
dt = 7.28985 s
[QES-Fire] Pot	 Elapsed time: 12.9978 s
[QES-WINDS]	 Applying parameterizations...
		 elapsed time: 0.0014766 s
[Solver] Running Global Memory Solver (GPU) ...
[Solver] Residual after 500 itertations: 0.042453766
		 Elapsed time: 0.709273 s
[QES-Fire] LS	 Elapsed time: 0.0362989 s
max ROS = 2.4767
dt = 7.26775 s
[QES-Fire] Advance	 Elapsed time: 0.00040465 s
time = 2021-12-31T11:17:53.898000
[QES-WINDS]	 Applying Wind Profile...
Elapsed time for Barnes interpolation on GPU: 0.0146905 s
		 elapsed time: 0.0149799 s
[QES-Fire] LS	 Elapsed time: 0.036482 s
max ROS = 2.4767
dt = 7.26775 s
[QES-Fire] Pot	 Elapsed time: 13.3951 s
[QES-WINDS]	 Applying parameterizations...
		 elapsed time: 0.00146486 s
[Solver] Running Global Memory Solver (GPU) ...
[Solver] Residual after 500 itertations: 0.042366028
		 Elapsed time: 0.70879 s
[QES-Fire] LS	 Elapsed time: 0.0362724 s
max ROS = 2.48447
dt = 7.24499 s
[QES-Fire] Advance	 Elapsed time: 0.000402979 s
time = 2021-12-31T11:18:01.143000
[QES-WINDS]	 Applying Wind Profile...
Elapsed time for Barnes interpolation on GPU: 0.0187337 s
		 elapsed time: 0.0190229 s
[QES-Fire] LS	 Elapsed time: 0.0365327 s
max ROS = 2.48447
dt = 7.24499 s
[QES-Fire] Pot	 Elapsed time: 13.3854 s
[QES-WINDS]	 Applying parameterizations...
		 elapsed time: 0.00147527 s
[Solver] Running Global Memory Solver (GPU) ...
[Solver] Residual after 500 itertations: 0.042366028
		 Elapsed time: 0.708241 s
[QES-Fire] LS	 Elapsed time: 0.0362483 s
max ROS = 2.48465
dt = 7.24449 s
[QES-Fire] Advance	 Elapsed time: 0.000404199 s
time = 2021-12-31T11:18:08.387000
[QES-WINDS]	 Applying Wind Profile...
Elapsed time for Barnes interpolation on GPU: 0.0166872 s
		 elapsed time: 0.0169857 s
[QES-Fire] LS	 Elapsed time: 0.0365187 s
max ROS = 2.48465
dt = 7.24449 s
[QES-Fire] Pot	 Elapsed time: 12.5351 s
[QES-WINDS]	 Applying parameterizations...
		 elapsed time: 0.00146604 s
[Solver] Running Global Memory Solver (GPU) ...
[Solver] Residual after 500 itertations: 0.042369843
		 Elapsed time: 0.707797 s
[QES-Fire] LS	 Elapsed time: 0.0363225 s
max ROS = 2.52433
dt = 7.13061 s
[QES-Fire] Advance	 Elapsed time: 0.00040188 s
time = 2021-12-31T11:18:15.518000
[QES-WINDS]	 Applying Wind Profile...
Elapsed time for Barnes interpolation on GPU: 0.0170999 s
		 elapsed time: 0.0173887 s
[QES-Fire] LS	 Elapsed time: 0.0366054 s
max ROS = 2.52433
dt = 7.13061 s
[QES-Fire] Pot	 Elapsed time: 12.4519 s
[QES-WINDS]	 Applying parameterizations...
		 elapsed time: 0.00146409 s
[Solver] Running Global Memory Solver (GPU) ...
[Solver] Residual after 500 itertations: 0.042354584
		 Elapsed time: 0.708195 s
[QES-Fire] LS	 Elapsed time: 0.0362851 s
max ROS = 2.53356
dt = 7.10462 s
[QES-Fire] Advance	 Elapsed time: 0.000410569 s
time = 2021-12-31T11:18:22.623000
[QES-WINDS]	 Applying Wind Profile...
Elapsed time for Barnes interpolation on GPU: 0.0170826 s
		 elapsed time: 0.0173737 s
[QES-Fire] LS	 Elapsed time: 0.0365754 s
max ROS = 2.514
dt = 7.1599 s
[QES-Fire] Pot	 Elapsed time: 12.7054 s
[QES-WINDS]	 Applying parameterizations...
		 elapsed time: 0.00146782 s
[Solver] Running Global Memory Solver (GPU) ...
[Solver] Residual after 500 itertations: 0.042392731
		 Elapsed time: 0.70769 s
[QES-Fire] LS	 Elapsed time: 0.036493 s
max ROS = 2.55016
dt = 7.05837 s
[QES-Fire] Advance	 Elapsed time: 0.00040461 s
time = 2021-12-31T11:18:29.681000
[QES-WINDS]	 Applying Wind Profile...
Elapsed time for Barnes interpolation on GPU: 0.017257 s
		 elapsed time: 0.017548 s
[QES-Fire] LS	 Elapsed time: 0.0364458 s
max ROS = 2.55016
dt = 7.05837 s
[QES-Fire] Pot	 Elapsed time: 12.6864 s
[QES-WINDS]	 Applying parameterizations...
		 elapsed time: 0.00148373 s
[Solver] Running Global Memory Solver (GPU) ...
[Solver] Residual after 500 itertations: 0.042392731
		 Elapsed time: 0.708193 s
[QES-Fire] LS	 Elapsed time: 0.0362031 s
max ROS = 2.55101
dt = 7.05604 s
[QES-Fire] Advance	 Elapsed time: 0.00040663 s
time = 2021-12-31T11:18:36.737000
[QES-WINDS]	 Applying Wind Profile...
Elapsed time for Barnes interpolation on GPU: 0.0184229 s
		 elapsed time: 0.0187143 s
[QES-Fire] LS	 Elapsed time: 0.0364423 s
max ROS = 2.45048
dt = 7.34549 s
[QES-Fire] Pot	 Elapsed time: 12.0285 s
[QES-WINDS]	 Applying parameterizations...
		 elapsed time: 0.00147132 s
[Solver] Running Global Memory Solver (GPU) ...
[Solver] Residual after 500 itertations: 0.042407990
		 Elapsed time: 0.709868 s
[QES-Fire] LS	 Elapsed time: 0.0362158 s
max ROS = 2.45905
dt = 7.3199 s
[QES-Fire] Advance	 Elapsed time: 0.00040722 s
time = 2021-12-31T11:18:44.057000
[QES-WINDS]	 Applying Wind Profile...
Elapsed time for Barnes interpolation on GPU: 0.0169661 s
		 elapsed time: 0.0172548 s
[QES-Fire] LS	 Elapsed time: 0.0364242 s
max ROS = 2.45905
dt = 7.3199 s
[QES-Fire] Pot	 Elapsed time: 11.0047 s
[QES-WINDS]	 Applying parameterizations...
		 elapsed time: 0.00147491 s
[Solver] Running Global Memory Solver (GPU) ...
[Solver] Residual after 500 itertations: 0.042873383
		 Elapsed time: 0.710391 s
[QES-Fire] LS	 Elapsed time: 0.0368297 s
max ROS = 2.45653
dt = 7.32741 s
[QES-Fire] Advance	 Elapsed time: 0.00040011 s
time = 2021-12-31T11:18:51.384000
[QES-WINDS]	 Applying Wind Profile...
Elapsed time for Barnes interpolation on GPU: 0.0161755 s
		 elapsed time: 0.0164653 s
[QES-Fire] LS	 Elapsed time: 0.0363294 s
max ROS = 2.45653
dt = 7.32741 s
[QES-Fire] Pot	 Elapsed time: 11.3834 s
[QES-WINDS]	 Applying parameterizations...
		 elapsed time: 0.00147152 s
[Solver] Running Global Memory Solver (GPU) ...
[Solver] Residual after 500 itertations: 0.042415619
		 Elapsed time: 0.709797 s
[QES-Fire] LS	 Elapsed time: 0.0361853 s
max ROS = 2.45485
dt = 7.33242 s
[QES-Fire] Advance	 Elapsed time: 0.00040768 s
time = 2021-12-31T11:18:58.716000
[QES-WINDS]	 Applying Wind Profile...
Elapsed time for Barnes interpolation on GPU: 0.0156423 s
		 elapsed time: 0.0159323 s
[QES-Fire] LS	 Elapsed time: 0.0364193 s
max ROS = 2.45485
dt = 7.33242 s
